13:22:39.949 [JavaFX Application Thread] DEBUG Logger               - Configured Logger
13:22:39.954 [JavaFX Application Thread] DEBUG GameApplication      - Logging settings
Title: Demo
Version: 0.0
Width: 1500
Height: 1000
Fullscreen: false
Intro: false
Profiling: false
Single step:false
App Mode: DEVELOPER
Menu Key: ESCAPE
Stage Style: DECORATED
Scene Factory: class com.almasb.fxgl.app.scene.SceneFactory

13:22:39.956 [JavaFX Application Thread] DEBUG FXGLApplication      - Initializing FXGL
13:22:39.959 [JavaFX Application Thread] INFO  Engine               - FXGL-17.3 (30.03.2023 11.49) on WINDOWS (J:21.0.4 FX:21.0.1)
13:22:39.959 [JavaFX Application Thread] DEBUG Engine               - JRE Vendor Name: Oracle Corporation
13:22:39.959 [JavaFX Application Thread] DEBUG Engine               - Running on OS: Windows 11 version 10.0
13:22:39.959 [JavaFX Application Thread] DEBUG Engine               - Architecture: amd64
13:22:39.959 [JavaFX Application Thread] INFO  Engine               - Source code and latest versions at: https://github.com/AlmasB/FXGL
13:22:39.959 [JavaFX Application Thread] INFO  Engine               -       Ask questions and discuss at: https://github.com/AlmasB/FXGL/discussions
13:22:39.959 [JavaFX Application Thread] INFO  Engine               -              Join the FXGL chat at: https://gitter.im/AlmasB/FXGL
13:22:39.988 [JavaFX Application Thread] DEBUG EmbeddedPaneWindow   - Target settings size: 1500.0 x 1000.0
13:22:39.988 [JavaFX Application Thread] DEBUG EmbeddedPaneWindow   - Scaled scene size:    1500.0 x 1000.0
13:22:39.989 [JavaFX Application Thread] DEBUG EmbeddedPaneWindow   - Scaled ratio: (1.0, 1.0)
13:22:39.990 [JavaFX Application Thread] DEBUG EmbeddedPaneWindow   - Set initial scene to FXGLStartupScene
13:22:39.991 [JavaFX Application Thread] DEBUG EmbeddedPaneWindow   - Opening embedded window
13:22:39.991 [JavaFX Application Thread] DEBUG EmbeddedPaneWindow   - Window border size: (0, 0)
13:22:39.991 [JavaFX Application Thread] DEBUG EmbeddedPaneWindow   - Scaled size: 1500.0 x 1000.0
13:22:39.992 [JavaFX Application Thread] DEBUG EmbeddedPaneWindow   - Scaled ratio: (1.0, 1.0)
13:22:39.995 [FXGL Background Thread 1 ] DEBUG Engine               - Initializing environment variables
13:22:40.023 [FXGL Background Thread 1 ] DEBUG FXGLAssetLoaderServi - User app class for loading assets: class com.Cubicheng.MyTetr.GameApp
13:22:40.023 [FXGL Background Thread 1 ] DEBUG GameApplicationServi - Applying CSS: fxgl_dark.css
13:22:40.024 [FXGL Background Thread 1 ] DEBUG FXGLAssetLoaderServi - Loading from file system: jar:file:///C:/Users/26303/.m2/repository/com/github/almasb/fxgl/17.3/fxgl-17.3.jar!/fxglassets/ui/css/fxgl_dark.css
13:22:40.045 [FXGL Background Thread 1 ] DEBUG GameApplicationServi - Initializing application scenes
13:22:40.096 [FXGL Background Thread 1 ] DEBUG GameWorld            - Game world initialized
13:22:40.153 [FXGL Background Thread 1 ] DEBUG PhysicsWorld         - Physics world initialized: appHeight=1000, physics.ppm=50.0
13:22:40.153 [FXGL Background Thread 1 ] DEBUG PhysicsWorld         - Using strategy: BRUTE_FORCE
13:22:40.156 [FXGL Background Thread 1 ] DEBUG GameScene            - Game scene initialized: 1500x1000
13:22:40.156 [FXGL Background Thread 1 ] DEBUG GameApplicationServi - Application scenes initialized
13:22:40.177 [FXGL Background Thread 1 ] DEBUG SystemBundleService  - Loading FXGL system data
13:22:40.178 [FXGL Background Thread 1 ] WARN  SystemBundleService  - Failed to load: java.io.FileNotFoundException: D:\IDEA Workspace\MyTetr\system\fxgl.bundle (系统找不到指定的文件。)
13:22:40.178 [FXGL Background Thread 1 ] DEBUG SystemBundleService  - Loading default FXGL system data
13:22:40.179 [FXGL Background Thread 1 ] DEBUG UpdaterService       - Checking for updates
13:22:40.182 [FXGL Background Thread 4 ] DEBUG FXGLApplication      - Loading fonts
13:22:40.183 [FXGL Background Thread 4 ] WARN  FXGLAssetLoaderServi - Asset "/assets/ui/fonts/BlackOpsOne-Regular.ttf" was not found!
13:22:40.183 [FXGL Background Thread 1 ] DEBUG FXGLApplication      - Loading default localization
13:22:40.183 [FXGL Background Thread 4 ] WARN  FXGLAssetLoaderServi - Failed to load FONT
13:22:40.183 [FXGL Background Thread 1 ] DEBUG FXGLAssetLoaderServi - Loading from file system: jar:file:///C:/Users/26303/.m2/repository/com/github/almasb/fxgl/17.3/fxgl-17.3.jar!/fxglassets/languages/english.lang
13:22:40.184 [FXGL Background Thread 4 ] DEBUG FXGLAssetLoaderServi - Loading from file system: jar:file:///C:/Users/26303/.m2/repository/com/github/almasb/fxgl/17.3/fxgl-17.3.jar!/fxglassets/ui/fonts/Abel-Regular.ttf
13:22:40.190 [FXGL Background Thread 4 ] DEBUG FXGLAssetLoaderServi - Loading from file system: jar:file:///C:/Users/26303/.m2/repository/com/github/almasb/fxgl/17.3/fxgl-17.3.jar!/fxglassets/ui/fonts/TerminalLandMono-Regular.otf
13:22:40.193 [FXGL Background Thread 4 ] DEBUG FXGLAssetLoaderServi - Loading from file system: jar:file:///C:/Users/26303/.m2/repository/com/github/almasb/fxgl/17.3/fxgl-17.3.jar!/fxglassets/ui/fonts/Courier-Prime.ttf
13:22:40.197 [JavaFX Application Thread] DEBUG FXGLApplication      - Registering font factories with UI factory
13:22:40.202 [FXGL Background Thread 1 ] INFO  FXGLApplication      - FXGL initialization took: 0.207 sec
13:22:40.211 [JavaFX Application Thread] DEBUG Input                - Registered new binding: DIGIT4 - 4
13:22:40.212 [JavaFX Application Thread] DEBUG Input                - Registered new binding: SOFTKEY_8 - Softkey 8
13:22:40.212 [JavaFX Application Thread] DEBUG Input                - Registered new binding: RECORD - Record
13:22:40.212 [JavaFX Application Thread] DEBUG Input                - Registered new binding: E - E
13:22:40.212 [JavaFX Application Thread] DEBUG Input                - Registered new binding: KP_DOWN - Numpad Down
13:22:40.212 [JavaFX Application Thread] DEBUG Input                - Registered new binding: DEAD_GRAVE - Dead Grave
13:22:40.212 [JavaFX Application Thread] DEBUG Input                - Registered new binding: DIGIT9 - 9
13:22:40.212 [JavaFX Application Thread] DEBUG Input                - Registered new binding: NUMPAD2 - Numpad 2
13:22:40.212 [JavaFX Application Thread] DEBUG Input                - Registered new binding: F9 - F9
13:22:40.212 [JavaFX Application Thread] DEBUG Input                - Registered new binding: CONTEXT_MENU - Context Menu
13:22:40.212 [JavaFX Application Thread] DEBUG Input                - Registered new binding: KANA - Kana
13:22:40.212 [JavaFX Application Thread] DEBUG Input                - Registered new binding: W - W
13:22:40.212 [JavaFX Application Thread] DEBUG Input                - Registered new binding: PAGE_UP - Page Up
13:22:40.212 [JavaFX Application Thread] DEBUG Input                - Registered new binding: CANCEL - Cancel
13:22:40.212 [JavaFX Application Thread] DEBUG Input                - Registered new binding: CUT - Cut
13:22:40.212 [JavaFX Application Thread] DEBUG Input                - Registered new binding: SEPARATOR - Separator
13:22:40.212 [JavaFX Application Thread] DEBUG Input                - Registered new binding: GAME_B - Game B
13:22:40.212 [JavaFX Application Thread] DEBUG Input                - Registered new binding: F10 - F10
13:22:40.212 [JavaFX Application Thread] DEBUG Input                - Registered new binding: CLEAR - Clear
13:22:40.212 [JavaFX Application Thread] DEBUG Input                - Registered new binding: FAST_FWD - Fast Forward
13:22:40.212 [JavaFX Application Thread] DEBUG Input                - Registered new binding: PERIOD - Period
13:22:40.212 [JavaFX Application Thread] DEBUG Input                - Registered new binding: F14 - F14
13:22:40.212 [JavaFX Application Thread] DEBUG Input                - Registered new binding: AT - At
13:22:40.212 [JavaFX Application Thread] DEBUG Input                - Registered new binding: KP_LEFT - Numpad Left
13:22:40.213 [JavaFX Application Thread] DEBUG Input                - Registered new binding: DIGIT7 - 7
13:22:40.213 [JavaFX Application Thread] DEBUG Input                - Registered new binding: ALPHANUMERIC - Alphanumeric
13:22:40.213 [JavaFX Application Thread] DEBUG Input                - Registered new binding: PREVIOUS_CANDIDATE - Previous Candidate
13:22:40.213 [JavaFX Application Thread] DEBUG Input                - Registered new binding: DEAD_VOICED_SOUND - Dead Voiced Sound
13:22:40.213 [JavaFX Application Thread] DEBUG Input                - Registered new binding: F21 - F21
13:22:40.213 [JavaFX Application Thread] DEBUG Input                - Registered new binding: JAPANESE_HIRAGANA - Japanese Hiragana
13:22:40.213 [JavaFX Application Thread] DEBUG Input                - Registered new binding: B - B
13:22:40.213 [JavaFX Application Thread] DEBUG Input                - Registered new binding: FULL_WIDTH - Full Width
13:22:40.213 [JavaFX Application Thread] DEBUG Input                - Registered new binding: TRACK_NEXT - Next Track
13:22:40.213 [JavaFX Application Thread] DEBUG Input                - Registered new binding: NUMPAD4 - Numpad 4
13:22:40.213 [JavaFX Application Thread] DEBUG Input                - Registered new binding: F24 - F24
13:22:40.213 [JavaFX Application Thread] DEBUG Input                - Registered new binding: COLORED_KEY_3 - Colored Key 3
13:22:40.213 [JavaFX Application Thread] DEBUG Input                - Registered new binding: L - L
13:22:40.213 [JavaFX Application Thread] DEBUG Input                - Registered new binding: CLOSE_BRACKET - Close Bracket
13:22:40.213 [JavaFX Application Thread] DEBUG Input                - Registered new binding: DECIMAL - Decimal
13:22:40.213 [JavaFX Application Thread] DEBUG Input                - Registered new binding: GAME_C - Game C
13:22:40.213 [JavaFX Application Thread] DEBUG Input                - Registered new binding: DIGIT3 - 3
13:22:40.213 [JavaFX Application Thread] DEBUG Input                - Registered new binding: Q - Q
13:22:40.213 [JavaFX Application Thread] DEBUG Input                - Registered new binding: ENTER - Enter
13:22:40.213 [JavaFX Application Thread] DEBUG Input                - Registered new binding: INVERTED_EXCLAMATION_MARK - Inverted Exclamation Mark
13:22:40.213 [JavaFX Application Thread] DEBUG Input                - Registered new binding: EURO_SIGN - Euro Sign
13:22:40.213 [JavaFX Application Thread] DEBUG Input                - Registered new binding: SOFTKEY_7 - Softkey 7
13:22:40.213 [JavaFX Application Thread] DEBUG Input                - Registered new binding: F18 - F18
13:22:40.213 [JavaFX Application Thread] DEBUG Input                - Registered new binding: LESS - Less
13:22:40.214 [JavaFX Application Thread] DEBUG Input                - Registered new binding: F4 - F4
13:22:40.214 [JavaFX Application Thread] DEBUG Input                - Registered new binding: SOFTKEY_9 - Softkey 9
13:22:40.214 [JavaFX Application Thread] DEBUG Input                - Registered new binding: U - U
13:22:40.214 [JavaFX Application Thread] DEBUG Input                - Registered new binding: F2 - F2
13:22:40.214 [JavaFX Application Thread] DEBUG Input                - Registered new binding: A - A
13:22:40.214 [JavaFX Application Thread] DEBUG Input                - Registered new binding: SEMICOLON - Semicolon
13:22:40.214 [JavaFX Application Thread] DEBUG Input                - Registered new binding: F13 - F13
13:22:40.214 [JavaFX Application Thread] DEBUG Input                - Registered new binding: SOFTKEY_0 - Softkey 0
13:22:40.214 [JavaFX Application Thread] DEBUG Input                - Registered new binding: DEAD_SEMIVOICED_SOUND - Dead Semivoiced Sound
13:22:40.214 [JavaFX Application Thread] DEBUG Input                - Registered new binding: DIGIT1 - 1
13:22:40.214 [JavaFX Application Thread] DEBUG Input                - Registered new binding: PAUSE - Pause
13:22:40.214 [JavaFX Application Thread] DEBUG Input                - Registered new binding: DEAD_ACUTE - Dead Acute
13:22:40.214 [JavaFX Application Thread] DEBUG Input                - Registered new binding: F8 - F8
13:22:40.214 [JavaFX Application Thread] DEBUG Input                - Registered new binding: DIGIT6 - 6
13:22:40.214 [JavaFX Application Thread] DEBUG Input                - Registered new binding: STOP - Stop
13:22:40.214 [JavaFX Application Thread] DEBUG Input                - Registered new binding: SPACE - Space
13:22:40.214 [JavaFX Application Thread] DEBUG Input                - Registered new binding: JAPANESE_KATAKANA - Japanese Katakana
13:22:40.214 [JavaFX Application Thread] DEBUG Input                - Registered new binding: EQUALS - Equals
13:22:40.214 [JavaFX Application Thread] DEBUG Input                - Registered new binding: CONVERT - Convert
13:22:40.214 [JavaFX Application Thread] DEBUG Input                - Registered new binding: TRACK_PREV - Previous Track
13:22:40.214 [JavaFX Application Thread] DEBUG Input                - Registered new binding: PAGE_DOWN - Page Down
13:22:40.214 [JavaFX Application Thread] DEBUG Input                - Registered new binding: CIRCUMFLEX - Circumflex
13:22:40.214 [JavaFX Application Thread] DEBUG Input                - Registered new binding: JAPANESE_ROMAN - Japanese Roman
13:22:40.214 [JavaFX Application Thread] DEBUG Input                - Registered new binding: RIGHT - Right
13:22:40.214 [JavaFX Application Thread] DEBUG Input                - Registered new binding: MULTIPLY - Multiply
13:22:40.214 [JavaFX Application Thread] DEBUG Input                - Registered new binding: ASTERISK - Asterisk
13:22:40.214 [JavaFX Application Thread] DEBUG Input                - Registered new binding: TAB - Tab
13:22:40.214 [JavaFX Application Thread] DEBUG Input                - Registered new binding: COLORED_KEY_1 - Colored Key 1
13:22:40.215 [JavaFX Application Thread] DEBUG Input                - Registered new binding: REWIND - Rewind
13:22:40.215 [JavaFX Application Thread] DEBUG Input                - Registered new binding: F11 - F11
13:22:40.215 [JavaFX Application Thread] DEBUG Input                - Registered new binding: Z - Z
13:22:40.215 [JavaFX Application Thread] DEBUG Input                - Registered new binding: DEAD_DOUBLEACUTE - Dead Doubleacute
13:22:40.215 [JavaFX Application Thread] DEBUG Input                - Registered new binding: LEFT - Left
13:22:40.215 [JavaFX Application Thread] DEBUG Input                - Registered new binding: DEAD_ABOVERING - Dead Abovering
13:22:40.215 [JavaFX Application Thread] DEBUG Input                - Registered new binding: CHANNEL_UP - Channel Up
13:22:40.215 [JavaFX Application Thread] DEBUG Input                - Registered new binding: F20 - F20
13:22:40.215 [JavaFX Application Thread] DEBUG Input                - Registered new binding: DIGIT2 - 2
13:22:40.215 [JavaFX Application Thread] DEBUG Input                - Registered new binding: NUMPAD6 - Numpad 6
13:22:40.215 [JavaFX Application Thread] DEBUG Input                - Registered new binding: DOWN - Down
13:22:40.215 [JavaFX Application Thread] DEBUG Input                - Registered new binding: DIGIT8 - 8
13:22:40.215 [JavaFX Application Thread] DEBUG Input                - Registered new binding: BEGIN - Begin
13:22:40.215 [JavaFX Application Thread] DEBUG Input                - Registered new binding: DEAD_IOTA - Dead Iota
13:22:40.215 [JavaFX Application Thread] DEBUG Input                - Registered new binding: PASTE - Paste
13:22:40.215 [JavaFX Application Thread] DEBUG Input                - Registered new binding: SHORTCUT - Shortcut
13:22:40.215 [JavaFX Application Thread] DEBUG Input                - Registered new binding: DIGIT5 - 5
13:22:40.215 [JavaFX Application Thread] DEBUG Input                - Registered new binding: D - D
13:22:40.215 [JavaFX Application Thread] DEBUG Input                - Registered new binding: DOLLAR - Dollar
13:22:40.215 [JavaFX Application Thread] DEBUG Input                - Registered new binding: RIGHT_PARENTHESIS - Right Parenthesis
13:22:40.215 [JavaFX Application Thread] DEBUG Input                - Registered new binding: ALL_CANDIDATES - All Candidates
13:22:40.215 [JavaFX Application Thread] DEBUG Input                - Registered new binding: I - I
13:22:40.215 [JavaFX Application Thread] DEBUG Input                - Registered new binding: EXCLAMATION_MARK - Exclamation Mark
13:22:40.215 [JavaFX Application Thread] DEBUG Input                - Registered new binding: UP - Up
13:22:40.215 [JavaFX Application Thread] DEBUG Input                - Registered new binding: COLORED_KEY_2 - Colored Key 2
13:22:40.215 [JavaFX Application Thread] DEBUG Input                - Registered new binding: CODE_INPUT - Code Input
13:22:40.215 [JavaFX Application Thread] DEBUG Input                - Registered new binding: NUMPAD8 - Numpad 8
13:22:40.215 [JavaFX Application Thread] DEBUG Input                - Registered new binding: CHANNEL_DOWN - Channel Down
13:22:40.216 [JavaFX Application Thread] DEBUG Input                - Registered new binding: PLUS - Plus
13:22:40.216 [JavaFX Application Thread] DEBUG Input                - Registered new binding: F19 - F19
13:22:40.216 [JavaFX Application Thread] DEBUG Input                - Registered new binding: P - P
13:22:40.216 [JavaFX Application Thread] DEBUG Input                - Registered new binding: SOFTKEY_2 - Softkey 2
13:22:40.216 [JavaFX Application Thread] DEBUG Input                - Registered new binding: M - M
13:22:40.216 [JavaFX Application Thread] DEBUG Input                - Registered new binding: VOLUME_UP - Volume Up
13:22:40.216 [JavaFX Application Thread] DEBUG Input                - Registered new binding: NONCONVERT - Nonconvert
13:22:40.216 [JavaFX Application Thread] DEBUG Input                - Registered new binding: PROPS - Properties
13:22:40.216 [JavaFX Application Thread] DEBUG Input                - Registered new binding: NUMBER_SIGN - Number Sign
13:22:40.216 [JavaFX Application Thread] DEBUG Input                - Registered new binding: HALF_WIDTH - Half Width
13:22:40.216 [JavaFX Application Thread] DEBUG Input                - Registered new binding: END - End
13:22:40.216 [JavaFX Application Thread] DEBUG Input                - Registered new binding: F17 - F17
13:22:40.216 [JavaFX Application Thread] DEBUG Input                - Registered new binding: INFO - Info
13:22:40.216 [JavaFX Application Thread] DEBUG Input                - Registered new binding: NUMPAD1 - Numpad 1
13:22:40.216 [JavaFX Application Thread] DEBUG Input                - Registered new binding: ACCEPT - Accept
13:22:40.216 [JavaFX Application Thread] DEBUG Input                - Registered new binding: DELETE - Delete
13:22:40.216 [JavaFX Application Thread] DEBUG Input                - Registered new binding: INSERT - Insert
13:22:40.216 [JavaFX Application Thread] DEBUG Input                - Registered new binding: PRINTSCREEN - Print Screen
13:22:40.216 [JavaFX Application Thread] DEBUG Input                - Registered new binding: NUMPAD3 - Numpad 3
13:22:40.216 [JavaFX Application Thread] DEBUG Input                - Registered new binding: F12 - F12
13:22:40.216 [JavaFX Application Thread] DEBUG Input                - Registered new binding: F7 - F7
13:22:40.216 [JavaFX Application Thread] DEBUG Input                - Registered new binding: DEAD_CARON - Dead Caron
13:22:40.216 [JavaFX Application Thread] DEBUG Input                - Registered new binding: BRACELEFT - Left Brace
13:22:40.216 [JavaFX Application Thread] DEBUG Input                - Registered new binding: Y - Y
13:22:40.217 [JavaFX Application Thread] DEBUG Input                - Registered new binding: UNDERSCORE - Underscore
13:22:40.217 [JavaFX Application Thread] DEBUG Input                - Registered new binding: UNDEFINED - Undefined
13:22:40.217 [JavaFX Application Thread] DEBUG Input                - Registered new binding: NUMPAD0 - Numpad 0
13:22:40.217 [JavaFX Application Thread] DEBUG Input                - Registered new binding: SOFTKEY_3 - Softkey 3
13:22:40.217 [JavaFX Application Thread] DEBUG Input                - Registered new binding: INPUT_METHOD_ON_OFF - Input Method On/Off
13:22:40.217 [JavaFX Application Thread] DEBUG Input                - Registered new binding: SOFTKEY_5 - Softkey 5
13:22:40.217 [JavaFX Application Thread] DEBUG Input                - Registered new binding: F5 - F5
13:22:40.217 [JavaFX Application Thread] DEBUG Input                - Registered new binding: F16 - F16
13:22:40.217 [JavaFX Application Thread] DEBUG Input                - Registered new binding: F1 - F1
13:22:40.217 [JavaFX Application Thread] DEBUG Input                - Registered new binding: J - J
13:22:40.217 [JavaFX Application Thread] DEBUG Input                - Registered new binding: HELP - Help
13:22:40.217 [JavaFX Application Thread] DEBUG Input                - Registered new binding: GREATER - Greater
13:22:40.217 [JavaFX Application Thread] DEBUG Input                - Registered new binding: BACK_SLASH - Back Slash
13:22:40.217 [JavaFX Application Thread] DEBUG Input                - Registered new binding: V - V
13:22:40.217 [JavaFX Application Thread] DEBUG Input                - Registered new binding: AMPERSAND - Ampersand
13:22:40.217 [JavaFX Application Thread] DEBUG Input                - Registered new binding: POWER - Power
13:22:40.217 [JavaFX Application Thread] DEBUG Input                - Registered new binding: DIVIDE - Divide
13:22:40.217 [JavaFX Application Thread] DEBUG Input                - Registered new binding: F15 - F15
13:22:40.217 [JavaFX Application Thread] DEBUG Input                - Registered new binding: DEAD_BREVE - Dead Breve
13:22:40.217 [JavaFX Application Thread] DEBUG Input                - Registered new binding: FINAL - Final
13:22:40.217 [JavaFX Application Thread] DEBUG Input                - Registered new binding: ESCAPE - Esc
13:22:40.217 [JavaFX Application Thread] DEBUG Input                - Registered new binding: HOME - Home
13:22:40.217 [JavaFX Application Thread] DEBUG Input                - Registered new binding: F - F
13:22:40.217 [JavaFX Application Thread] DEBUG Input                - Registered new binding: X - X
13:22:40.217 [JavaFX Application Thread] DEBUG Input                - Registered new binding: F23 - F23
13:22:40.217 [JavaFX Application Thread] DEBUG Input                - Registered new binding: VOLUME_DOWN - Volume Down
13:22:40.218 [JavaFX Application Thread] DEBUG Input                - Registered new binding: COLORED_KEY_0 - Colored Key 0
13:22:40.218 [JavaFX Application Thread] DEBUG Input                - Registered new binding: FIND - Find
13:22:40.218 [JavaFX Application Thread] DEBUG Input                - Registered new binding: C - C
13:22:40.218 [JavaFX Application Thread] DEBUG Input                - Registered new binding: DEAD_CIRCUMFLEX - Dead Circumflex
13:22:40.218 [JavaFX Application Thread] DEBUG Input                - Registered new binding: KANJI - Kanji
13:22:40.218 [JavaFX Application Thread] DEBUG Input                - Registered new binding: G - G
13:22:40.218 [JavaFX Application Thread] DEBUG Input                - Registered new binding: DIGIT0 - 0
13:22:40.218 [JavaFX Application Thread] DEBUG Input                - Registered new binding: DEAD_ABOVEDOT - Dead Abovedot
13:22:40.218 [JavaFX Application Thread] DEBUG Input                - Registered new binding: K - K
13:22:40.218 [JavaFX Application Thread] DEBUG Input                - Registered new binding: QUOTE - Quote
13:22:40.218 [JavaFX Application Thread] DEBUG Input                - Registered new binding: EJECT_TOGGLE - Eject
13:22:40.218 [JavaFX Application Thread] DEBUG Input                - Registered new binding: UNDO - Undo
13:22:40.218 [JavaFX Application Thread] DEBUG Input                - Registered new binding: DEAD_OGONEK - Dead Ogonek
13:22:40.218 [JavaFX Application Thread] DEBUG Input                - Registered new binding: H - H
13:22:40.218 [JavaFX Application Thread] DEBUG Input                - Registered new binding: BACK_QUOTE - Back Quote
13:22:40.218 [JavaFX Application Thread] DEBUG Input                - Registered new binding: MINUS - Minus
13:22:40.218 [JavaFX Application Thread] DEBUG Input                - Registered new binding: COLON - Colon
13:22:40.218 [JavaFX Application Thread] DEBUG Input                - Registered new binding: LEFT_PARENTHESIS - Left Parenthesis
13:22:40.218 [JavaFX Application Thread] DEBUG Input                - Registered new binding: SCROLL_LOCK - Scroll Lock
13:22:40.218 [JavaFX Application Thread] DEBUG Input                - Registered new binding: F3 - F3
13:22:40.218 [JavaFX Application Thread] DEBUG Input                - Registered new binding: SOFTKEY_6 - Softkey 6
13:22:40.218 [JavaFX Application Thread] DEBUG Input                - Registered new binding: KP_RIGHT - Numpad Right
13:22:40.218 [JavaFX Application Thread] DEBUG Input                - Registered new binding: COPY - Copy
13:22:40.218 [JavaFX Application Thread] DEBUG Input                - Registered new binding: AGAIN - Again
13:22:40.218 [JavaFX Application Thread] DEBUG Input                - Registered new binding: STAR - Star
13:22:40.218 [JavaFX Application Thread] DEBUG Input                - Registered new binding: MUTE - Mute
13:22:40.218 [JavaFX Application Thread] DEBUG Input                - Registered new binding: R - R
13:22:40.218 [JavaFX Application Thread] DEBUG Input                - Registered new binding: S - S
13:22:40.218 [JavaFX Application Thread] DEBUG Input                - Registered new binding: HIRAGANA - Hiragana
13:22:40.218 [JavaFX Application Thread] DEBUG Input                - Registered new binding: ROMAN_CHARACTERS - Roman Characters
13:22:40.219 [JavaFX Application Thread] DEBUG Input                - Registered new binding: T - T
13:22:40.219 [JavaFX Application Thread] DEBUG Input                - Registered new binding: BRACERIGHT - Right Brace
13:22:40.219 [JavaFX Application Thread] DEBUG Input                - Registered new binding: QUOTEDBL - Double Quote
13:22:40.219 [JavaFX Application Thread] DEBUG Input                - Registered new binding: SUBTRACT - Subtract
13:22:40.219 [JavaFX Application Thread] DEBUG Input                - Registered new binding: BACK_SPACE - Backspace
13:22:40.219 [JavaFX Application Thread] DEBUG Input                - Registered new binding: NUMPAD9 - Numpad 9
13:22:40.219 [JavaFX Application Thread] DEBUG Input                - Registered new binding: SOFTKEY_4 - Softkey 4
13:22:40.219 [JavaFX Application Thread] DEBUG Input                - Registered new binding: NUMPAD7 - Numpad 7
13:22:40.219 [JavaFX Application Thread] DEBUG Input                - Registered new binding: KANA_LOCK - Kana Lock
13:22:40.219 [JavaFX Application Thread] DEBUG Input                - Registered new binding: N - N
13:22:40.219 [JavaFX Application Thread] DEBUG Input                - Registered new binding: F22 - F22
13:22:40.219 [JavaFX Application Thread] DEBUG Input                - Registered new binding: GAME_D - Game D
13:22:40.219 [JavaFX Application Thread] DEBUG Input                - Registered new binding: DEAD_TILDE - Dead Tilde
13:22:40.219 [JavaFX Application Thread] DEBUG Input                - Registered new binding: PLAY - Play
13:22:40.219 [JavaFX Application Thread] DEBUG Input                - Registered new binding: NUMPAD5 - Numpad 5
13:22:40.219 [JavaFX Application Thread] DEBUG Input                - Registered new binding: COMMA - Comma
13:22:40.219 [JavaFX Application Thread] DEBUG Input                - Registered new binding: CAPS - Caps Lock
13:22:40.219 [JavaFX Application Thread] DEBUG Input                - Registered new binding: COMPOSE - Compose
13:22:40.219 [JavaFX Application Thread] DEBUG Input                - Registered new binding: POUND - Pound
13:22:40.219 [JavaFX Application Thread] DEBUG Input                - Registered new binding: MODECHANGE - Mode Change
13:22:40.219 [JavaFX Application Thread] DEBUG Input                - Registered new binding: SOFTKEY_1 - Softkey 1
13:22:40.219 [JavaFX Application Thread] DEBUG Input                - Registered new binding: DEAD_MACRON - Dead Macron
13:22:40.219 [JavaFX Application Thread] DEBUG Input                - Registered new binding: GAME_A - Game A
13:22:40.219 [JavaFX Application Thread] DEBUG Input                - Registered new binding: NUM_LOCK - Num Lock
13:22:40.219 [JavaFX Application Thread] DEBUG Input                - Registered new binding: O - O
13:22:40.219 [JavaFX Application Thread] DEBUG Input                - Registered new binding: ADD - Add
13:22:40.219 [JavaFX Application Thread] DEBUG Input                - Registered new binding: DEAD_CEDILLA - Dead Cedilla
13:22:40.220 [JavaFX Application Thread] DEBUG Input                - Registered new binding: KATAKANA - Katakana
13:22:40.220 [JavaFX Application Thread] DEBUG Input                - Registered new binding: F6 - F6
13:22:40.220 [JavaFX Application Thread] DEBUG Input                - Registered new binding: SLASH - Slash
13:22:40.220 [JavaFX Application Thread] DEBUG Input                - Registered new binding: OPEN_BRACKET - Open Bracket
13:22:40.220 [JavaFX Application Thread] DEBUG Input                - Registered new binding: DEAD_DIAERESIS - Dead Diaeresis
13:22:40.220 [JavaFX Application Thread] DEBUG Input                - Registered new binding: KP_UP - Numpad Up
13:22:40.228 [JavaFX Application Thread] DEBUG FXGLAssetLoaderServi - Loading from file system: jar:file:///C:/Users/26303/.m2/repository/com/github/almasb/fxgl/17.3/fxgl-17.3.jar!/fxglassets/textures/fxgl_icon.png
13:22:40.264 [JavaFX Application Thread] DEBUG FXGLAssetLoaderServi - Loading from file system: jar:file:///C:/Users/26303/.m2/repository/com/github/almasb/fxgl/17.3/fxgl-17.3.jar!/fxglassets/textures/fxgl_default_cursor.png
13:22:40.266 [JavaFX Application Thread] DEBUG Input                - Registered new binding: Screenshot - CTRL+8
13:22:40.267 [JavaFX Application Thread] DEBUG Input                - Registered new binding: System info dump - CTRL+9
13:22:40.267 [JavaFX Application Thread] DEBUG Input                - Registered new binding: Restart - CTRL+R
13:22:40.267 [JavaFX Application Thread] DEBUG Input                - Registered new binding: Toggle Debug Camera - CTRL+7
13:22:40.269 [JavaFX Application Thread] DEBUG LoopRunner           - Starting loop
13:22:40.269 [JavaFX Application Thread] DEBUG LoopRunner           - Initializing JavaFX AnimationTimerLoop
13:22:40.270 [JavaFX Application Thread] DEBUG GameApplicationServi - Starting new game
13:22:40.270 [JavaFX Application Thread] DEBUG Input                - Clearing active input actions
13:22:40.279 [JavaFX Application Thread] DEBUG GameApplicationServi - Removing overlay from FXGLStartupScene and adding to FXGLLoadingScene
13:22:40.279 [JavaFX Application Thread] DEBUG EmbeddedPaneWindow   - FXGLStartupScene -> FXGLLoadingScene
13:22:40.279 [JavaFX Application Thread] DEBUG GameApplicationServi - Clearing previous game
13:22:40.279 [JavaFX Application Thread] DEBUG GameScene            - Clearing game scene
13:22:40.279 [JavaFX Application Thread] DEBUG GameWorld            - Clearing game world
13:22:40.279 [JavaFX Application Thread] DEBUG PhysicsWorld         - Clearing physics world
13:22:40.282 [FXGL Background Thread 1 ] DEBUG FXGLApplication      - Initializing game
13:22:40.284 [FXGL Background Thread 1 ] DEBUG FXGLAssetLoaderServi - Clearing assets cache
13:22:40.285 [FXGL Background Thread 1 ] INFO  FXGLApplication      - Game initialization took: 0.003 sec
13:22:40.327 [JavaFX Application Thread] WARN  FXGLAssetLoaderServi - Asset "/assets/ui/fonts/Lato-Bold.ttf" was not found!
13:22:40.327 [JavaFX Application Thread] WARN  FXGLAssetLoaderServi - Failed to load FONT
13:22:40.328 [JavaFX Application Thread] WARN  FXGLAssetLoaderServi - Asset "/assets/ui/fonts/Lato-Bold.ttf" was not found!
13:22:40.328 [JavaFX Application Thread] WARN  FXGLAssetLoaderServi - Failed to load FONT
13:22:40.330 [JavaFX Application Thread] DEBUG FXGLAssetLoaderServi - Loading from file system: file:/D:/IDEA%20Workspace/MyTetr/target/classes/assets/textures/background.jpg
13:22:40.387 [JavaFX Application Thread] DEBUG Input                - Clearing active input actions
13:22:40.388 [JavaFX Application Thread] DEBUG GameApplicationServi - Removing overlay from FXGLLoadingScene and adding to GameScene
13:22:40.388 [JavaFX Application Thread] DEBUG EmbeddedPaneWindow   - FXGLLoadingScene -> GameScene
13:22:40.851 [FXGL Background Thread 2 ] INFO  UpdaterService       - Your current version:  17.3
13:22:40.851 [FXGL Background Thread 2 ] INFO  UpdaterService       - Latest stable version: 21.1
13:22:40.910 [JavaFX Application Thread] DEBUG GameWorld            - Game world initialized
13:22:40.911 [JavaFX Application Thread] DEBUG PhysicsWorld         - Physics world initialized: appHeight=1000, physics.ppm=50.0
13:22:40.911 [JavaFX Application Thread] DEBUG PhysicsWorld         - Using strategy: BRUTE_FORCE
13:22:40.911 [JavaFX Application Thread] DEBUG GameScene            - Game scene initialized: 1500x1000
13:22:40.912 [JavaFX Application Thread] DEBUG Input                - Registered new binding: Escape - Esc
13:22:40.912 [JavaFX Application Thread] DEBUG FXGLAssetLoaderServi - Loading from file system: file:/D:/IDEA%20Workspace/MyTetr/target/classes/assets/textures/map.png
13:22:40.973 [JavaFX Application Thread] DEBUG FXGLAssetLoaderServi - Loading from file system: file:/D:/IDEA%20Workspace/MyTetr/target/classes/assets/textures/back1.jpg
13:22:41.025 [JavaFX Application Thread] DEBUG LoopRunner           - Stopping loop
13:22:41.026 [JavaFX Application Thread] FATAL FXGLApplication      - Uncaught Exception:
java.lang.ArrayIndexOutOfBoundsException: Array index out of range: 0
	at java.base/java.util.Vector.set(Vector.java:768)
	at MyTetr/com.Cubicheng.MyTetr.gameWorld.components.GameMapComponent.onAdded(GameMapComponent.java:38)
	at com.almasb.fxgl.entity@17.3/com.almasb.fxgl.entity.Entity.addComponentNoChecks(Entity.java:401)
	at com.almasb.fxgl.entity@17.3/com.almasb.fxgl.entity.Entity.addComponent(Entity.java:393)
	at com.almasb.fxgl.all@17.3/com.almasb.fxgl.dsl.EntityBuilder.with(EntityBuilder.kt:202)
	at MyTetr/com.Cubicheng.MyTetr.gameWorld.components.GameMapComponent.of(GameMapComponent.java:66)
	at MyTetr/com.Cubicheng.MyTetr.gameWorld.components.GameMapComponent.of(GameMapComponent.java:60)
	at MyTetr/com.Cubicheng.MyTetr.gameScenes.SinglePlayer.initUI(SinglePlayer.java:96)
	at com.whitewoodcity.fxcity@0.1.1-SNAPSHOT/com.whitewoodcity.fxgl.service.PushAndPopGameSubScene.decorate(PushAndPopGameSubScene.java:26)
	at com.whitewoodcity.fxcity@0.1.1-SNAPSHOT/com.whitewoodcity.fxgl.service.PushAndPopGameSubScene.pushSubScene(PushAndPopGameSubScene.java:68)
	at com.whitewoodcity.fxcity@0.1.1-SNAPSHOT/com.whitewoodcity.fxgl.app.GameApplication.push(GameApplication.java:149)
	at MyTetr/com.Cubicheng.MyTetr.GameApp.push(GameApp.java:47)
	at MyTetr/com.Cubicheng.MyTetr.gameScenes.MainMenu.lambda$initUI$6(MainMenu.java:82)
	at javafx.base@21.0.1/com.sun.javafx.event.CompositeEventHandler.dispatchBubblingEvent(CompositeEventHandler.java:86)
	at javafx.base@21.0.1/com.sun.javafx.event.EventHandlerManager.dispatchBubblingEvent(EventHandlerManager.java:232)
	at javafx.base@21.0.1/com.sun.javafx.event.EventHandlerManager.dispatchBubblingEvent(EventHandlerManager.java:189)
	at javafx.base@21.0.1/com.sun.javafx.event.CompositeEventDispatcher.dispatchBubblingEvent(CompositeEventDispatcher.java:59)
	at javafx.base@21.0.1/com.sun.javafx.event.BasicEventDispatcher.dispatchEvent(BasicEventDispatcher.java:58)
	at javafx.base@21.0.1/com.sun.javafx.event.EventDispatchChainImpl.dispatchEvent(EventDispatchChainImpl.java:114)
	at javafx.base@21.0.1/com.sun.javafx.event.BasicEventDispatcher.dispatchEvent(BasicEventDispatcher.java:56)
	at javafx.base@21.0.1/com.sun.javafx.event.EventDispatchChainImpl.dispatchEvent(EventDispatchChainImpl.java:114)
	at javafx.base@21.0.1/com.sun.javafx.event.BasicEventDispatcher.dispatchEvent(BasicEventDispatcher.java:56)
	at javafx.base@21.0.1/com.sun.javafx.event.EventDispatchChainImpl.dispatchEvent(EventDispatchChainImpl.java:114)
	at javafx.base@21.0.1/com.sun.javafx.event.EventUtil.fireEventImpl(EventUtil.java:74)
	at javafx.base@21.0.1/com.sun.javafx.event.EventUtil.fireEvent(EventUtil.java:54)
	at javafx.base@21.0.1/javafx.event.Event.fireEvent(Event.java:198)
	at javafx.graphics@21.0.1/javafx.scene.Scene$ClickGenerator.postProcess(Scene.java:3688)
	at javafx.graphics@21.0.1/javafx.scene.Scene$MouseHandler.process(Scene.java:3993)
	at javafx.graphics@21.0.1/javafx.scene.Scene.processMouseEvent(Scene.java:1890)
	at javafx.graphics@21.0.1/javafx.scene.Scene$ScenePeerListener.mouseEvent(Scene.java:2708)
	at javafx.graphics@21.0.1/com.sun.javafx.tk.quantum.GlassViewEventHandler$MouseEventNotification.run(GlassViewEventHandler.java:411)
	at javafx.graphics@21.0.1/com.sun.javafx.tk.quantum.GlassViewEventHandler$MouseEventNotification.run(GlassViewEventHandler.java:301)
	at java.base/java.security.AccessController.doPrivileged(AccessController.java:400)
	at javafx.graphics@21.0.1/com.sun.javafx.tk.quantum.GlassViewEventHandler.lambda$handleMouseEvent$2(GlassViewEventHandler.java:450)
	at javafx.graphics@21.0.1/com.sun.javafx.tk.quantum.QuantumToolkit.runWithoutRenderLock(QuantumToolkit.java:424)
	at javafx.graphics@21.0.1/com.sun.javafx.tk.quantum.GlassViewEventHandler.handleMouseEvent(GlassViewEventHandler.java:449)
	at javafx.graphics@21.0.1/com.sun.glass.ui.View.handleMouseEvent(View.java:551)
	at javafx.graphics@21.0.1/com.sun.glass.ui.View.notifyMouse(View.java:937)
	at javafx.graphics@21.0.1/com.sun.glass.ui.win.WinApplication._runLoop(Native Method)
	at javafx.graphics@21.0.1/com.sun.glass.ui.win.WinApplication.lambda$runLoop$3(WinApplication.java:185)
	at java.base/java.lang.Thread.run(Thread.java:1583)

13:22:41.026 [JavaFX Application Thread] FATAL FXGLApplication      - Application will now exit
13:22:41.038 [JavaFX Application Thread] DEBUG EmbeddedPaneWindow   - Push state: ErrorSubScene
13:22:41.038 [JavaFX Application Thread] DEBUG Input                - Clearing active input actions
13:22:41.041 [JavaFX Application Thread] DEBUG GameApplicationServi - Removing overlay from GameScene and adding to ErrorSubScene
13:22:41.041 [JavaFX Application Thread] DEBUG EmbeddedPaneWindow   - GameScene -> ErrorSubScene
13:22:43.183 [FXGL Background Thread 3 ] DEBUG Engine               - Logging environment variables
13:22:43.185 [FXGL Background Thread 3 ] DEBUG Engine               - achievements: []
13:22:43.185 [FXGL Background Thread 3 ] DEBUG Engine               - actualHeight: 960.0
13:22:43.185 [FXGL Background Thread 3 ] DEBUG Engine               - actualHeightProperty: ReadOnlyDoubleProperty [value: 960.0]
13:22:43.185 [FXGL Background Thread 3 ] DEBUG Engine               - actualWidth: 1440.0
13:22:43.185 [FXGL Background Thread 3 ] DEBUG Engine               - actualWidthProperty: ReadOnlyDoubleProperty [value: 1440.0]
13:22:43.185 [FXGL Background Thread 3 ] DEBUG Engine               - appIcon: fxgl_icon.png
13:22:43.185 [FXGL Background Thread 3 ] DEBUG Engine               - applicationMode: DEVELOPER
13:22:43.185 [FXGL Background Thread 3 ] DEBUG Engine               - cSSList: [fxgl_dark.css]
13:22:43.186 [FXGL Background Thread 3 ] DEBUG Engine               - collisionDetectionStrategy: BRUTE_FORCE
13:22:43.186 [FXGL Background Thread 3 ] DEBUG Engine               - configClass: Optional.empty
13:22:43.186 [FXGL Background Thread 3 ] DEBUG Engine               - credits: []
13:22:43.189 [FXGL Background Thread 3 ] DEBUG Engine               - defaultCursor: CursorInfo(imageName=fxgl_default_cursor.png, hotspotX=7.0, hotspotY=6.0)
13:22:43.189 [FXGL Background Thread 3 ] DEBUG Engine               - devBBoxColorProperty: ObjectProperty [value: 0xff0000ff]
13:22:43.189 [FXGL Background Thread 3 ] DEBUG Engine               - devEnableDebugCameraProperty: BooleanProperty [value: false]
13:22:43.189 [FXGL Background Thread 3 ] DEBUG Engine               - devSensorColorProperty: ObjectProperty [value: 0xffff00ff]
13:22:43.189 [FXGL Background Thread 3 ] DEBUG Engine               - devShowBBoxProperty: BooleanProperty [value: false]
13:22:43.189 [FXGL Background Thread 3 ] DEBUG Engine               - devShowPositionProperty: BooleanProperty [value: false]
13:22:43.189 [FXGL Background Thread 3 ] DEBUG Engine               - enabledMenuItems: []
13:22:43.189 [FXGL Background Thread 3 ] DEBUG Engine               - engineServices: [class com.almasb.fxgl.app.services.FXGLAssetLoaderService, class com.almasb.fxgl.app.FXGLApplication$GameApplicationService, class com.almasb.fxgl.app.services.FXGLDialogService, class com.almasb.fxgl.app.services.IOTaskExecutorService, class com.almasb.fxgl.io.FileSystemService, class com.almasb.fxgl.localization.LocalizationService, class com.almasb.fxgl.app.services.SystemBundleService, class com.almasb.fxgl.profile.SaveLoadService, class com.almasb.fxgl.ui.FXGLUIFactoryServiceProvider, class com.almasb.fxgl.ui.FXGLDialogFactoryServiceProvider, class com.almasb.fxgl.audio.AudioPlayer, class com.almasb.fxgl.notification.impl.NotificationServiceProvider, class com.almasb.fxgl.achievement.AchievementService, class com.almasb.fxgl.cutscene.CutsceneService, class com.almasb.fxgl.minigames.MiniGameService, class com.almasb.fxgl.net.NetService, class com.almasb.fxgl.app.services.UpdaterService, class com.almasb.fxgl.dev.DevService]
13:22:43.189 [FXGL Background Thread 3 ] DEBUG Engine               - fontGame: Abel-Regular.ttf
13:22:43.190 [FXGL Background Thread 3 ] DEBUG Engine               - fontMono: TerminalLandMono-Regular.otf
13:22:43.190 [FXGL Background Thread 3 ] DEBUG Engine               - fontSizeScaleUI: 1.0
13:22:43.190 [FXGL Background Thread 3 ] DEBUG Engine               - fontText: Courier-Prime.ttf
13:22:43.190 [FXGL Background Thread 3 ] DEBUG Engine               - fontUI: BlackOpsOne-Regular.ttf
13:22:43.190 [FXGL Background Thread 3 ] DEBUG Engine               - fullScreen: BooleanProperty [value: false]
13:22:43.190 [FXGL Background Thread 3 ] DEBUG Engine               - gameDifficulty: MEDIUM
13:22:43.190 [FXGL Background Thread 3 ] DEBUG Engine               - gameDifficultyProperty: ObjectProperty [value: MEDIUM]
13:22:43.190 [FXGL Background Thread 3 ] DEBUG Engine               - globalMusicVolume: 0.5
13:22:43.190 [FXGL Background Thread 3 ] DEBUG Engine               - globalMusicVolumeProperty: DoubleProperty [value: 0.5]
13:22:43.190 [FXGL Background Thread 3 ] DEBUG Engine               - globalSoundVolume: 0.5
13:22:43.190 [FXGL Background Thread 3 ] DEBUG Engine               - globalSoundVolumeProperty: DoubleProperty [value: 0.5]
13:22:43.190 [FXGL Background Thread 3 ] DEBUG Engine               - height: 1000
13:22:43.190 [FXGL Background Thread 3 ] DEBUG Engine               - is3D: false
13:22:43.190 [FXGL Background Thread 3 ] DEBUG Engine               - isAndroid: false
13:22:43.190 [FXGL Background Thread 3 ] DEBUG Engine               - isBrowser: false
13:22:43.190 [FXGL Background Thread 3 ] DEBUG Engine               - isClickFeedbackEnabled: false
13:22:43.190 [FXGL Background Thread 3 ] DEBUG Engine               - isCloseConfirmation: false
13:22:43.190 [FXGL Background Thread 3 ] DEBUG Engine               - isDesktop: true
13:22:43.190 [FXGL Background Thread 3 ] DEBUG Engine               - isDeveloperMenuEnabled: false
13:22:43.190 [FXGL Background Thread 3 ] DEBUG Engine               - isEmbedded: false
13:22:43.190 [FXGL Background Thread 3 ] DEBUG Engine               - isEntityPreloadEnabled: true
13:22:43.190 [FXGL Background Thread 3 ] DEBUG Engine               - isExperimentalTiledLargeMap: false
13:22:43.190 [FXGL Background Thread 3 ] DEBUG Engine               - isFileSystemWriteAllowed: true
13:22:43.190 [FXGL Background Thread 3 ] DEBUG Engine               - isFullScreenAllowed: false
13:22:43.190 [FXGL Background Thread 3 ] DEBUG Engine               - isFullScreenFromStart: false
13:22:43.190 [FXGL Background Thread 3 ] DEBUG Engine               - isGameMenuEnabled: false
13:22:43.190 [FXGL Background Thread 3 ] DEBUG Engine               - isIOS: false
13:22:43.190 [FXGL Background Thread 3 ] DEBUG Engine               - isIntroEnabled: false
13:22:43.190 [FXGL Background Thread 3 ] DEBUG Engine               - isLinux: false
13:22:43.190 [FXGL Background Thread 3 ] DEBUG Engine               - isMac: false
13:22:43.191 [FXGL Background Thread 3 ] DEBUG Engine               - isMainMenuEnabled: false
13:22:43.191 [FXGL Background Thread 3 ] DEBUG Engine               - isManualResizeEnabled: false
13:22:43.191 [FXGL Background Thread 3 ] DEBUG Engine               - isMobile: false
13:22:43.191 [FXGL Background Thread 3 ] DEBUG Engine               - isNative: false
13:22:43.191 [FXGL Background Thread 3 ] DEBUG Engine               - isPauseMusicWhenMinimized: true
13:22:43.191 [FXGL Background Thread 3 ] DEBUG Engine               - isPreserveResizeRatio: false
13:22:43.191 [FXGL Background Thread 3 ] DEBUG Engine               - isProfilingEnabled: false
13:22:43.191 [FXGL Background Thread 3 ] DEBUG Engine               - isScaleAffectedOnResize: true
13:22:43.191 [FXGL Background Thread 3 ] DEBUG Engine               - isSingleStep: false
13:22:43.191 [FXGL Background Thread 3 ] DEBUG Engine               - isUserProfileEnabled: false
13:22:43.191 [FXGL Background Thread 3 ] DEBUG Engine               - isWindows: true
13:22:43.191 [FXGL Background Thread 3 ] DEBUG Engine               - language: ObjectProperty [value: ENGLISH]
13:22:43.191 [FXGL Background Thread 3 ] DEBUG Engine               - menuKey: ESCAPE
13:22:43.191 [FXGL Background Thread 3 ] DEBUG Engine               - mouseSensitivity: 0.2
13:22:43.191 [FXGL Background Thread 3 ] DEBUG Engine               - notificationViewClass: class com.almasb.fxgl.notification.view.XboxNotificationView
13:22:43.191 [FXGL Background Thread 3 ] DEBUG Engine               - pixelsPerMeter: 50.0
13:22:43.191 [FXGL Background Thread 3 ] DEBUG Engine               - platform: WINDOWS
13:22:43.191 [FXGL Background Thread 3 ] DEBUG Engine               - prefHeightProperty: ReadOnlyDoubleProperty [value: 1000.0]
13:22:43.191 [FXGL Background Thread 3 ] DEBUG Engine               - prefWidthProperty: ReadOnlyDoubleProperty [value: 1500.0]
13:22:43.191 [FXGL Background Thread 3 ] DEBUG Engine               - profileDir: profiles/
13:22:43.191 [FXGL Background Thread 3 ] DEBUG Engine               - profileName: StringProperty [value: DEFAULT]
13:22:43.191 [FXGL Background Thread 3 ] DEBUG Engine               - randomSeed: -1
13:22:43.191 [FXGL Background Thread 3 ] DEBUG Engine               - runtimeInfo: RuntimeInfo(platform=WINDOWS, version=17.3, build=30.03.2023 11.49)
13:22:43.191 [FXGL Background Thread 3 ] DEBUG Engine               - saveFileExt: sav
13:22:43.191 [FXGL Background Thread 3 ] DEBUG Engine               - scaledHeightProp$fxgl: DoubleProperty [bound, value: 960.0]
13:22:43.191 [FXGL Background Thread 3 ] DEBUG Engine               - scaledWidthProp$fxgl: DoubleProperty [bound, value: 1440.0]
13:22:43.191 [FXGL Background Thread 3 ] DEBUG Engine               - sceneFactory: com.almasb.fxgl.app.scene.SceneFactory@7b5c322d
13:22:43.191 [FXGL Background Thread 3 ] DEBUG Engine               - secondsIn24h: 60
13:22:43.191 [FXGL Background Thread 3 ] DEBUG Engine               - soundMenuBack: menu/back.wav
13:22:43.191 [FXGL Background Thread 3 ] DEBUG Engine               - soundMenuPress: menu/press.wav
13:22:43.191 [FXGL Background Thread 3 ] DEBUG Engine               - soundMenuSelect: menu/select.wav
13:22:43.191 [FXGL Background Thread 3 ] DEBUG Engine               - soundNotification: core/notification.wav
13:22:43.191 [FXGL Background Thread 3 ] DEBUG Engine               - stageStyle: DECORATED
13:22:43.191 [FXGL Background Thread 3 ] DEBUG Engine               - supportedLanguages: [ENGLISH, FRENCH, GERMAN, HUNGARIAN, RUSSIAN]
13:22:43.191 [FXGL Background Thread 3 ] DEBUG Engine               - ticksPerSecond: -1
13:22:43.191 [FXGL Background Thread 3 ] DEBUG Engine               - title: Demo
13:22:43.191 [FXGL Background Thread 3 ] DEBUG Engine               - urlGithub: https://github.com/AlmasB/FXGL
13:22:43.191 [FXGL Background Thread 3 ] DEBUG Engine               - urlLeaderboard: http://fxgl-top.herokuapp.com/
13:22:43.191 [FXGL Background Thread 3 ] DEBUG Engine               - urlPOM: https://raw.githubusercontent.com/AlmasB/FXGL/release/README.md
13:22:43.191 [FXGL Background Thread 3 ] DEBUG Engine               - userAppClass: class com.Cubicheng.MyTetr.GameApp
13:22:43.191 [FXGL Background Thread 3 ] DEBUG Engine               - version: 0.0
13:22:43.191 [FXGL Background Thread 3 ] DEBUG Engine               - versionCheckDays: 7
13:22:43.192 [FXGL Background Thread 3 ] DEBUG Engine               - width: 1500
13:22:43.192 [FXGL Background Thread 3 ] DEBUG Engine               - Logging services
13:22:43.192 [FXGL Background Thread 3 ] DEBUG Engine               - class com.almasb.fxgl.app.services.FXGLAssetLoaderService
13:22:43.192 [FXGL Background Thread 3 ] DEBUG Engine               - class com.almasb.fxgl.app.FXGLApplication$GameApplicationService
13:22:43.192 [FXGL Background Thread 3 ] DEBUG Engine               - class com.almasb.fxgl.app.services.FXGLDialogService
13:22:43.192 [FXGL Background Thread 3 ] DEBUG Engine               - class com.almasb.fxgl.app.services.IOTaskExecutorService
13:22:43.192 [FXGL Background Thread 3 ] DEBUG Engine               - class com.almasb.fxgl.io.FileSystemService
13:22:43.192 [FXGL Background Thread 3 ] DEBUG Engine               - class com.almasb.fxgl.localization.LocalizationService
13:22:43.192 [FXGL Background Thread 3 ] DEBUG Engine               - class com.almasb.fxgl.app.services.SystemBundleService
13:22:43.192 [FXGL Background Thread 3 ] DEBUG Engine               - class com.almasb.fxgl.profile.SaveLoadService
13:22:43.192 [FXGL Background Thread 3 ] DEBUG Engine               - class com.almasb.fxgl.ui.FXGLUIFactoryServiceProvider
13:22:43.192 [FXGL Background Thread 3 ] DEBUG Engine               - class com.almasb.fxgl.ui.FXGLDialogFactoryServiceProvider
13:22:43.192 [FXGL Background Thread 3 ] DEBUG Engine               - class com.almasb.fxgl.audio.AudioPlayer
13:22:43.192 [FXGL Background Thread 3 ] DEBUG Engine               - class com.almasb.fxgl.notification.impl.NotificationServiceProvider
13:22:43.192 [FXGL Background Thread 3 ] DEBUG Engine               - class com.almasb.fxgl.achievement.AchievementService
13:22:43.192 [FXGL Background Thread 3 ] DEBUG Engine               - class com.almasb.fxgl.cutscene.CutsceneService
13:22:43.192 [FXGL Background Thread 3 ] DEBUG Engine               - class com.almasb.fxgl.minigames.MiniGameService
13:22:43.192 [FXGL Background Thread 3 ] DEBUG Engine               - class com.almasb.fxgl.net.NetService
13:22:43.192 [FXGL Background Thread 3 ] DEBUG Engine               - class com.almasb.fxgl.app.services.UpdaterService
13:22:43.192 [FXGL Background Thread 3 ] DEBUG Engine               - class com.almasb.fxgl.dev.DevService
13:22:44.593 [JavaFX Application Thread] DEBUG FXGLApplication      - Exiting FXGL
13:22:44.594 [JavaFX Application Thread] DEBUG Async                - Shutting down background threads
13:22:44.594 [JavaFX Application Thread] DEBUG Logger               - Closing Logger
