11:12:57.422 [JavaFX Application Thread] DEBUG Logger               - Configured Logger
11:12:57.431 [JavaFX Application Thread] DEBUG GameApplication      - Logging settings
Title: Demo
Version: 0.0
Width: 1500
Height: 1000
Fullscreen: false
Intro: false
Profiling: false
Single step:false
App Mode: DEVELOPER
Menu Key: ESCAPE
Stage Style: DECORATED
Scene Factory: class com.almasb.fxgl.app.scene.SceneFactory

11:12:57.434 [JavaFX Application Thread] DEBUG FXGLApplication      - Initializing FXGL
11:12:57.437 [JavaFX Application Thread] INFO  Engine               - FXGL-17.3 (30.03.2023 11.49) on WINDOWS (J:21.0.4 FX:21.0.1)
11:12:57.437 [JavaFX Application Thread] DEBUG Engine               - JRE Vendor Name: Oracle Corporation
11:12:57.438 [JavaFX Application Thread] DEBUG Engine               - Running on OS: Windows 11 version 10.0
11:12:57.438 [JavaFX Application Thread] DEBUG Engine               - Architecture: amd64
11:12:57.438 [JavaFX Application Thread] INFO  Engine               - Source code and latest versions at: https://github.com/AlmasB/FXGL
11:12:57.438 [JavaFX Application Thread] INFO  Engine               -       Ask questions and discuss at: https://github.com/AlmasB/FXGL/discussions
11:12:57.438 [JavaFX Application Thread] INFO  Engine               -              Join the FXGL chat at: https://gitter.im/AlmasB/FXGL
11:12:57.476 [JavaFX Application Thread] DEBUG EmbeddedPaneWindow   - Target settings size: 1500.0 x 1000.0
11:12:57.476 [JavaFX Application Thread] DEBUG EmbeddedPaneWindow   - Scaled scene size:    1500.0 x 1000.0
11:12:57.477 [JavaFX Application Thread] DEBUG EmbeddedPaneWindow   - Scaled ratio: (1.0, 1.0)
11:12:57.478 [JavaFX Application Thread] DEBUG EmbeddedPaneWindow   - Set initial scene to FXGLStartupScene
11:12:57.479 [JavaFX Application Thread] DEBUG EmbeddedPaneWindow   - Opening embedded window
11:12:57.480 [JavaFX Application Thread] DEBUG EmbeddedPaneWindow   - Window border size: (0, 0)
11:12:57.480 [JavaFX Application Thread] DEBUG EmbeddedPaneWindow   - Scaled size: 1500.0 x 1000.0
11:12:57.480 [JavaFX Application Thread] DEBUG EmbeddedPaneWindow   - Scaled ratio: (1.0, 1.0)
11:12:57.484 [FXGL Background Thread 1 ] DEBUG Engine               - Initializing environment variables
11:12:57.515 [FXGL Background Thread 1 ] DEBUG FXGLAssetLoaderServi - User app class for loading assets: class com.Cubicheng.MyTetr.GameApp
11:12:57.515 [FXGL Background Thread 1 ] DEBUG GameApplicationServi - Applying CSS: fxgl_dark.css
11:12:57.517 [FXGL Background Thread 1 ] DEBUG FXGLAssetLoaderServi - Loading from file system: jar:file:///C:/Users/26303/.m2/repository/com/github/almasb/fxgl/17.3/fxgl-17.3.jar!/fxglassets/ui/css/fxgl_dark.css
11:12:57.541 [FXGL Background Thread 1 ] DEBUG GameApplicationServi - Initializing application scenes
11:12:57.584 [FXGL Background Thread 1 ] DEBUG GameWorld            - Game world initialized
11:12:57.618 [FXGL Background Thread 1 ] DEBUG PhysicsWorld         - Physics world initialized: appHeight=1000, physics.ppm=50.0
11:12:57.618 [FXGL Background Thread 1 ] DEBUG PhysicsWorld         - Using strategy: BRUTE_FORCE
11:12:57.621 [FXGL Background Thread 1 ] DEBUG GameScene            - Game scene initialized: 1500x1000
11:12:57.621 [FXGL Background Thread 1 ] DEBUG GameApplicationServi - Application scenes initialized
11:12:57.631 [FXGL Background Thread 1 ] DEBUG SystemBundleService  - Loading FXGL system data
11:12:57.634 [FXGL Background Thread 1 ] WARN  SystemBundleService  - Failed to load: java.io.FileNotFoundException: D:\IDEA Workspace\MyTetr\system\fxgl.bundle (系统找不到指定的文件。)
11:12:57.635 [FXGL Background Thread 1 ] DEBUG SystemBundleService  - Loading default FXGL system data
11:12:57.635 [FXGL Background Thread 1 ] DEBUG UpdaterService       - Checking for updates
11:12:57.641 [FXGL Background Thread 1 ] DEBUG FXGLApplication      - Loading default localization
11:12:57.640 [FXGL Background Thread 4 ] DEBUG FXGLApplication      - Loading fonts
11:12:57.641 [FXGL Background Thread 1 ] DEBUG FXGLAssetLoaderServi - Loading from file system: jar:file:///C:/Users/26303/.m2/repository/com/github/almasb/fxgl/17.3/fxgl-17.3.jar!/fxglassets/languages/english.lang
11:12:57.641 [FXGL Background Thread 4 ] WARN  FXGLAssetLoaderServi - Asset "/assets/ui/fonts/BlackOpsOne-Regular.ttf" was not found!
11:12:57.641 [FXGL Background Thread 4 ] WARN  FXGLAssetLoaderServi - Failed to load FONT
11:12:57.642 [FXGL Background Thread 4 ] DEBUG FXGLAssetLoaderServi - Loading from file system: jar:file:///C:/Users/26303/.m2/repository/com/github/almasb/fxgl/17.3/fxgl-17.3.jar!/fxglassets/ui/fonts/Abel-Regular.ttf
11:12:57.667 [FXGL Background Thread 4 ] DEBUG FXGLAssetLoaderServi - Loading from file system: jar:file:///C:/Users/26303/.m2/repository/com/github/almasb/fxgl/17.3/fxgl-17.3.jar!/fxglassets/ui/fonts/TerminalLandMono-Regular.otf
11:12:57.670 [FXGL Background Thread 4 ] DEBUG FXGLAssetLoaderServi - Loading from file system: jar:file:///C:/Users/26303/.m2/repository/com/github/almasb/fxgl/17.3/fxgl-17.3.jar!/fxglassets/ui/fonts/Courier-Prime.ttf
11:12:57.677 [JavaFX Application Thread] DEBUG FXGLApplication      - Registering font factories with UI factory
11:12:57.678 [FXGL Background Thread 1 ] INFO  FXGLApplication      - FXGL initialization took: 0.194 sec
11:12:57.697 [JavaFX Application Thread] DEBUG Input                - Registered new binding: CONTEXT_MENU - Context Menu
11:12:57.697 [JavaFX Application Thread] DEBUG Input                - Registered new binding: G - G
11:12:57.698 [JavaFX Application Thread] DEBUG Input                - Registered new binding: PAGE_UP - Page Up
11:12:57.698 [JavaFX Application Thread] DEBUG Input                - Registered new binding: F23 - F23
11:12:57.698 [JavaFX Application Thread] DEBUG Input                - Registered new binding: DEAD_CEDILLA - Dead Cedilla
11:12:57.698 [JavaFX Application Thread] DEBUG Input                - Registered new binding: ACCEPT - Accept
11:12:57.698 [JavaFX Application Thread] DEBUG Input                - Registered new binding: BACK_SLASH - Back Slash
11:12:57.698 [JavaFX Application Thread] DEBUG Input                - Registered new binding: HELP - Help
11:12:57.698 [JavaFX Application Thread] DEBUG Input                - Registered new binding: STOP - Stop
11:12:57.698 [JavaFX Application Thread] DEBUG Input                - Registered new binding: DEAD_TILDE - Dead Tilde
11:12:57.698 [JavaFX Application Thread] DEBUG Input                - Registered new binding: MULTIPLY - Multiply
11:12:57.698 [JavaFX Application Thread] DEBUG Input                - Registered new binding: CUT - Cut
11:12:57.698 [JavaFX Application Thread] DEBUG Input                - Registered new binding: SOFTKEY_3 - Softkey 3
11:12:57.698 [JavaFX Application Thread] DEBUG Input                - Registered new binding: SOFTKEY_9 - Softkey 9
11:12:57.698 [JavaFX Application Thread] DEBUG Input                - Registered new binding: NUMPAD2 - Numpad 2
11:12:57.699 [JavaFX Application Thread] DEBUG Input                - Registered new binding: SCROLL_LOCK - Scroll Lock
11:12:57.699 [JavaFX Application Thread] DEBUG Input                - Registered new binding: F7 - F7
11:12:57.699 [JavaFX Application Thread] DEBUG Input                - Registered new binding: F5 - F5
11:12:57.699 [JavaFX Application Thread] DEBUG Input                - Registered new binding: COPY - Copy
11:12:57.699 [JavaFX Application Thread] DEBUG Input                - Registered new binding: LEFT - Left
11:12:57.699 [JavaFX Application Thread] DEBUG Input                - Registered new binding: DIGIT7 - 7
11:12:57.699 [JavaFX Application Thread] DEBUG Input                - Registered new binding: X - X
11:12:57.699 [JavaFX Application Thread] DEBUG Input                - Registered new binding: BEGIN - Begin
11:12:57.699 [JavaFX Application Thread] DEBUG Input                - Registered new binding: TAB - Tab
11:12:57.699 [JavaFX Application Thread] DEBUG Input                - Registered new binding: KP_UP - Numpad Up
11:12:57.699 [JavaFX Application Thread] DEBUG Input                - Registered new binding: J - J
11:12:57.699 [JavaFX Application Thread] DEBUG Input                - Registered new binding: FINAL - Final
11:12:57.699 [JavaFX Application Thread] DEBUG Input                - Registered new binding: KANJI - Kanji
11:12:57.699 [JavaFX Application Thread] DEBUG Input                - Registered new binding: QUOTEDBL - Double Quote
11:12:57.699 [JavaFX Application Thread] DEBUG Input                - Registered new binding: UNDERSCORE - Underscore
11:12:57.699 [JavaFX Application Thread] DEBUG Input                - Registered new binding: R - R
11:12:57.699 [JavaFX Application Thread] DEBUG Input                - Registered new binding: PRINTSCREEN - Print Screen
11:12:57.699 [JavaFX Application Thread] DEBUG Input                - Registered new binding: CHANNEL_DOWN - Channel Down
11:12:57.699 [JavaFX Application Thread] DEBUG Input                - Registered new binding: COMMA - Comma
11:12:57.699 [JavaFX Application Thread] DEBUG Input                - Registered new binding: F15 - F15
11:12:57.699 [JavaFX Application Thread] DEBUG Input                - Registered new binding: KP_RIGHT - Numpad Right
11:12:57.699 [JavaFX Application Thread] DEBUG Input                - Registered new binding: M - M
11:12:57.699 [JavaFX Application Thread] DEBUG Input                - Registered new binding: JAPANESE_HIRAGANA - Japanese Hiragana
11:12:57.699 [JavaFX Application Thread] DEBUG Input                - Registered new binding: F24 - F24
11:12:57.700 [JavaFX Application Thread] DEBUG Input                - Registered new binding: GREATER - Greater
11:12:57.700 [JavaFX Application Thread] DEBUG Input                - Registered new binding: FULL_WIDTH - Full Width
11:12:57.700 [JavaFX Application Thread] DEBUG Input                - Registered new binding: F - F
11:12:57.700 [JavaFX Application Thread] DEBUG Input                - Registered new binding: F1 - F1
11:12:57.700 [JavaFX Application Thread] DEBUG Input                - Registered new binding: Q - Q
11:12:57.700 [JavaFX Application Thread] DEBUG Input                - Registered new binding: NUMBER_SIGN - Number Sign
11:12:57.700 [JavaFX Application Thread] DEBUG Input                - Registered new binding: LESS - Less
11:12:57.700 [JavaFX Application Thread] DEBUG Input                - Registered new binding: F4 - F4
11:12:57.700 [JavaFX Application Thread] DEBUG Input                - Registered new binding: NUMPAD1 - Numpad 1
11:12:57.700 [JavaFX Application Thread] DEBUG Input                - Registered new binding: F18 - F18
11:12:57.700 [JavaFX Application Thread] DEBUG Input                - Registered new binding: CODE_INPUT - Code Input
11:12:57.700 [JavaFX Application Thread] DEBUG Input                - Registered new binding: H - H
11:12:57.700 [JavaFX Application Thread] DEBUG Input                - Registered new binding: MINUS - Minus
11:12:57.700 [JavaFX Application Thread] DEBUG Input                - Registered new binding: KP_DOWN - Numpad Down
11:12:57.700 [JavaFX Application Thread] DEBUG Input                - Registered new binding: COLORED_KEY_0 - Colored Key 0
11:12:57.700 [JavaFX Application Thread] DEBUG Input                - Registered new binding: QUOTE - Quote
11:12:57.700 [JavaFX Application Thread] DEBUG Input                - Registered new binding: CONVERT - Convert
11:12:57.700 [JavaFX Application Thread] DEBUG Input                - Registered new binding: NUMPAD3 - Numpad 3
11:12:57.700 [JavaFX Application Thread] DEBUG Input                - Registered new binding: SOFTKEY_4 - Softkey 4
11:12:57.700 [JavaFX Application Thread] DEBUG Input                - Registered new binding: DEAD_MACRON - Dead Macron
11:12:57.700 [JavaFX Application Thread] DEBUG Input                - Registered new binding: DIGIT9 - 9
11:12:57.700 [JavaFX Application Thread] DEBUG Input                - Registered new binding: PLUS - Plus
11:12:57.700 [JavaFX Application Thread] DEBUG Input                - Registered new binding: CHANNEL_UP - Channel Up
11:12:57.700 [JavaFX Application Thread] DEBUG Input                - Registered new binding: KP_LEFT - Numpad Left
11:12:57.700 [JavaFX Application Thread] DEBUG Input                - Registered new binding: F3 - F3
11:12:57.701 [JavaFX Application Thread] DEBUG Input                - Registered new binding: Z - Z
11:12:57.701 [JavaFX Application Thread] DEBUG Input                - Registered new binding: CLEAR - Clear
11:12:57.701 [JavaFX Application Thread] DEBUG Input                - Registered new binding: F11 - F11
11:12:57.701 [JavaFX Application Thread] DEBUG Input                - Registered new binding: JAPANESE_KATAKANA - Japanese Katakana
11:12:57.701 [JavaFX Application Thread] DEBUG Input                - Registered new binding: NUMPAD5 - Numpad 5
11:12:57.701 [JavaFX Application Thread] DEBUG Input                - Registered new binding: RIGHT - Right
11:12:57.701 [JavaFX Application Thread] DEBUG Input                - Registered new binding: F19 - F19
11:12:57.701 [JavaFX Application Thread] DEBUG Input                - Registered new binding: F12 - F12
11:12:57.701 [JavaFX Application Thread] DEBUG Input                - Registered new binding: DEAD_CIRCUMFLEX - Dead Circumflex
11:12:57.701 [JavaFX Application Thread] DEBUG Input                - Registered new binding: SOFTKEY_2 - Softkey 2
11:12:57.701 [JavaFX Application Thread] DEBUG Input                - Registered new binding: KATAKANA - Katakana
11:12:57.701 [JavaFX Application Thread] DEBUG Input                - Registered new binding: PREVIOUS_CANDIDATE - Previous Candidate
11:12:57.701 [JavaFX Application Thread] DEBUG Input                - Registered new binding: TRACK_NEXT - Next Track
11:12:57.701 [JavaFX Application Thread] DEBUG Input                - Registered new binding: BACK_SPACE - Backspace
11:12:57.701 [JavaFX Application Thread] DEBUG Input                - Registered new binding: DIGIT2 - 2
11:12:57.701 [JavaFX Application Thread] DEBUG Input                - Registered new binding: EURO_SIGN - Euro Sign
11:12:57.701 [JavaFX Application Thread] DEBUG Input                - Registered new binding: T - T
11:12:57.701 [JavaFX Application Thread] DEBUG Input                - Registered new binding: F2 - F2
11:12:57.701 [JavaFX Application Thread] DEBUG Input                - Registered new binding: COMPOSE - Compose
11:12:57.702 [JavaFX Application Thread] DEBUG Input                - Registered new binding: DEAD_OGONEK - Dead Ogonek
11:12:57.702 [JavaFX Application Thread] DEBUG Input                - Registered new binding: STAR - Star
11:12:57.702 [JavaFX Application Thread] DEBUG Input                - Registered new binding: L - L
11:12:57.702 [JavaFX Application Thread] DEBUG Input                - Registered new binding: MUTE - Mute
11:12:57.702 [JavaFX Application Thread] DEBUG Input                - Registered new binding: AGAIN - Again
11:12:57.702 [JavaFX Application Thread] DEBUG Input                - Registered new binding: F13 - F13
11:12:57.702 [JavaFX Application Thread] DEBUG Input                - Registered new binding: RIGHT_PARENTHESIS - Right Parenthesis
11:12:57.702 [JavaFX Application Thread] DEBUG Input                - Registered new binding: DEAD_ABOVERING - Dead Abovering
11:12:57.702 [JavaFX Application Thread] DEBUG Input                - Registered new binding: F22 - F22
11:12:57.702 [JavaFX Application Thread] DEBUG Input                - Registered new binding: S - S
11:12:57.702 [JavaFX Application Thread] DEBUG Input                - Registered new binding: GAME_C - Game C
11:12:57.702 [JavaFX Application Thread] DEBUG Input                - Registered new binding: SOFTKEY_0 - Softkey 0
11:12:57.702 [JavaFX Application Thread] DEBUG Input                - Registered new binding: BACK_QUOTE - Back Quote
11:12:57.702 [JavaFX Application Thread] DEBUG Input                - Registered new binding: SOFTKEY_6 - Softkey 6
11:12:57.702 [JavaFX Application Thread] DEBUG Input                - Registered new binding: COLORED_KEY_3 - Colored Key 3
11:12:57.702 [JavaFX Application Thread] DEBUG Input                - Registered new binding: SOFTKEY_1 - Softkey 1
11:12:57.702 [JavaFX Application Thread] DEBUG Input                - Registered new binding: GAME_B - Game B
11:12:57.702 [JavaFX Application Thread] DEBUG Input                - Registered new binding: UNDEFINED - Undefined
11:12:57.702 [JavaFX Application Thread] DEBUG Input                - Registered new binding: DEAD_ABOVEDOT - Dead Abovedot
11:12:57.702 [JavaFX Application Thread] DEBUG Input                - Registered new binding: HOME - Home
11:12:57.702 [JavaFX Application Thread] DEBUG Input                - Registered new binding: SOFTKEY_8 - Softkey 8
11:12:57.702 [JavaFX Application Thread] DEBUG Input                - Registered new binding: OPEN_BRACKET - Open Bracket
11:12:57.702 [JavaFX Application Thread] DEBUG Input                - Registered new binding: DOWN - Down
11:12:57.703 [JavaFX Application Thread] DEBUG Input                - Registered new binding: ALL_CANDIDATES - All Candidates
11:12:57.703 [JavaFX Application Thread] DEBUG Input                - Registered new binding: NUMPAD7 - Numpad 7
11:12:57.703 [JavaFX Application Thread] DEBUG Input                - Registered new binding: DIGIT8 - 8
11:12:57.703 [JavaFX Application Thread] DEBUG Input                - Registered new binding: SHORTCUT - Shortcut
11:12:57.703 [JavaFX Application Thread] DEBUG Input                - Registered new binding: DEAD_GRAVE - Dead Grave
11:12:57.703 [JavaFX Application Thread] DEBUG Input                - Registered new binding: SOFTKEY_5 - Softkey 5
11:12:57.703 [JavaFX Application Thread] DEBUG Input                - Registered new binding: COLORED_KEY_1 - Colored Key 1
11:12:57.703 [JavaFX Application Thread] DEBUG Input                - Registered new binding: VOLUME_DOWN - Volume Down
11:12:57.703 [JavaFX Application Thread] DEBUG Input                - Registered new binding: DIGIT5 - 5
11:12:57.703 [JavaFX Application Thread] DEBUG Input                - Registered new binding: VOLUME_UP - Volume Up
11:12:57.703 [JavaFX Application Thread] DEBUG Input                - Registered new binding: ESCAPE - Esc
11:12:57.703 [JavaFX Application Thread] DEBUG Input                - Registered new binding: KANA - Kana
11:12:57.703 [JavaFX Application Thread] DEBUG Input                - Registered new binding: CIRCUMFLEX - Circumflex
11:12:57.703 [JavaFX Application Thread] DEBUG Input                - Registered new binding: EXCLAMATION_MARK - Exclamation Mark
11:12:57.703 [JavaFX Application Thread] DEBUG Input                - Registered new binding: AT - At
11:12:57.703 [JavaFX Application Thread] DEBUG Input                - Registered new binding: NUM_LOCK - Num Lock
11:12:57.703 [JavaFX Application Thread] DEBUG Input                - Registered new binding: DECIMAL - Decimal
11:12:57.703 [JavaFX Application Thread] DEBUG Input                - Registered new binding: F9 - F9
11:12:57.703 [JavaFX Application Thread] DEBUG Input                - Registered new binding: KANA_LOCK - Kana Lock
11:12:57.703 [JavaFX Application Thread] DEBUG Input                - Registered new binding: SPACE - Space
11:12:57.703 [JavaFX Application Thread] DEBUG Input                - Registered new binding: DELETE - Delete
11:12:57.703 [JavaFX Application Thread] DEBUG Input                - Registered new binding: W - W
11:12:57.703 [JavaFX Application Thread] DEBUG Input                - Registered new binding: F17 - F17
11:12:57.704 [JavaFX Application Thread] DEBUG Input                - Registered new binding: F6 - F6
11:12:57.704 [JavaFX Application Thread] DEBUG Input                - Registered new binding: BRACERIGHT - Right Brace
11:12:57.704 [JavaFX Application Thread] DEBUG Input                - Registered new binding: PERIOD - Period
11:12:57.704 [JavaFX Application Thread] DEBUG Input                - Registered new binding: DEAD_DOUBLEACUTE - Dead Doubleacute
11:12:57.704 [JavaFX Application Thread] DEBUG Input                - Registered new binding: Y - Y
11:12:57.704 [JavaFX Application Thread] DEBUG Input                - Registered new binding: DIGIT6 - 6
11:12:57.704 [JavaFX Application Thread] DEBUG Input                - Registered new binding: COLORED_KEY_2 - Colored Key 2
11:12:57.704 [JavaFX Application Thread] DEBUG Input                - Registered new binding: F21 - F21
11:12:57.704 [JavaFX Application Thread] DEBUG Input                - Registered new binding: DEAD_SEMIVOICED_SOUND - Dead Semivoiced Sound
11:12:57.704 [JavaFX Application Thread] DEBUG Input                - Registered new binding: PAUSE - Pause
11:12:57.704 [JavaFX Application Thread] DEBUG Input                - Registered new binding: NUMPAD9 - Numpad 9
11:12:57.704 [JavaFX Application Thread] DEBUG Input                - Registered new binding: DOLLAR - Dollar
11:12:57.704 [JavaFX Application Thread] DEBUG Input                - Registered new binding: INVERTED_EXCLAMATION_MARK - Inverted Exclamation Mark
11:12:57.704 [JavaFX Application Thread] DEBUG Input                - Registered new binding: GAME_A - Game A
11:12:57.704 [JavaFX Application Thread] DEBUG Input                - Registered new binding: POUND - Pound
11:12:57.704 [JavaFX Application Thread] DEBUG Input                - Registered new binding: A - A
11:12:57.704 [JavaFX Application Thread] DEBUG Input                - Registered new binding: C - C
11:12:57.704 [JavaFX Application Thread] DEBUG Input                - Registered new binding: NUMPAD4 - Numpad 4
11:12:57.704 [JavaFX Application Thread] DEBUG Input                - Registered new binding: F20 - F20
11:12:57.704 [JavaFX Application Thread] DEBUG Input                - Registered new binding: DEAD_ACUTE - Dead Acute
11:12:57.704 [JavaFX Application Thread] DEBUG Input                - Registered new binding: ROMAN_CHARACTERS - Roman Characters
11:12:57.704 [JavaFX Application Thread] DEBUG Input                - Registered new binding: F10 - F10
11:12:57.704 [JavaFX Application Thread] DEBUG Input                - Registered new binding: F8 - F8
11:12:57.704 [JavaFX Application Thread] DEBUG Input                - Registered new binding: DIGIT1 - 1
11:12:57.704 [JavaFX Application Thread] DEBUG Input                - Registered new binding: EQUALS - Equals
11:12:57.704 [JavaFX Application Thread] DEBUG Input                - Registered new binding: CANCEL - Cancel
11:12:57.705 [JavaFX Application Thread] DEBUG Input                - Registered new binding: F14 - F14
11:12:57.705 [JavaFX Application Thread] DEBUG Input                - Registered new binding: FIND - Find
11:12:57.705 [JavaFX Application Thread] DEBUG Input                - Registered new binding: SEMICOLON - Semicolon
11:12:57.705 [JavaFX Application Thread] DEBUG Input                - Registered new binding: INSERT - Insert
11:12:57.705 [JavaFX Application Thread] DEBUG Input                - Registered new binding: POWER - Power
11:12:57.705 [JavaFX Application Thread] DEBUG Input                - Registered new binding: V - V
11:12:57.705 [JavaFX Application Thread] DEBUG Input                - Registered new binding: HIRAGANA - Hiragana
11:12:57.705 [JavaFX Application Thread] DEBUG Input                - Registered new binding: DIGIT3 - 3
11:12:57.705 [JavaFX Application Thread] DEBUG Input                - Registered new binding: REWIND - Rewind
11:12:57.705 [JavaFX Application Thread] DEBUG Input                - Registered new binding: I - I
11:12:57.705 [JavaFX Application Thread] DEBUG Input                - Registered new binding: UP - Up
11:12:57.705 [JavaFX Application Thread] DEBUG Input                - Registered new binding: ALPHANUMERIC - Alphanumeric
11:12:57.705 [JavaFX Application Thread] DEBUG Input                - Registered new binding: PROPS - Properties
11:12:57.705 [JavaFX Application Thread] DEBUG Input                - Registered new binding: U - U
11:12:57.705 [JavaFX Application Thread] DEBUG Input                - Registered new binding: E - E
11:12:57.705 [JavaFX Application Thread] DEBUG Input                - Registered new binding: BRACELEFT - Left Brace
11:12:57.705 [JavaFX Application Thread] DEBUG Input                - Registered new binding: TRACK_PREV - Previous Track
11:12:57.705 [JavaFX Application Thread] DEBUG Input                - Registered new binding: O - O
11:12:57.705 [JavaFX Application Thread] DEBUG Input                - Registered new binding: DEAD_IOTA - Dead Iota
11:12:57.705 [JavaFX Application Thread] DEBUG Input                - Registered new binding: RECORD - Record
11:12:57.705 [JavaFX Application Thread] DEBUG Input                - Registered new binding: NONCONVERT - Nonconvert
11:12:57.705 [JavaFX Application Thread] DEBUG Input                - Registered new binding: NUMPAD6 - Numpad 6
11:12:57.705 [JavaFX Application Thread] DEBUG Input                - Registered new binding: LEFT_PARENTHESIS - Left Parenthesis
11:12:57.705 [JavaFX Application Thread] DEBUG Input                - Registered new binding: JAPANESE_ROMAN - Japanese Roman
11:12:57.705 [JavaFX Application Thread] DEBUG Input                - Registered new binding: F16 - F16
11:12:57.706 [JavaFX Application Thread] DEBUG Input                - Registered new binding: AMPERSAND - Ampersand
11:12:57.706 [JavaFX Application Thread] DEBUG Input                - Registered new binding: K - K
11:12:57.706 [JavaFX Application Thread] DEBUG Input                - Registered new binding: HALF_WIDTH - Half Width
11:12:57.706 [JavaFX Application Thread] DEBUG Input                - Registered new binding: P - P
11:12:57.706 [JavaFX Application Thread] DEBUG Input                - Registered new binding: NUMPAD8 - Numpad 8
11:12:57.706 [JavaFX Application Thread] DEBUG Input                - Registered new binding: SOFTKEY_7 - Softkey 7
11:12:57.706 [JavaFX Application Thread] DEBUG Input                - Registered new binding: GAME_D - Game D
11:12:57.706 [JavaFX Application Thread] DEBUG Input                - Registered new binding: DEAD_CARON - Dead Caron
11:12:57.706 [JavaFX Application Thread] DEBUG Input                - Registered new binding: PAGE_DOWN - Page Down
11:12:57.706 [JavaFX Application Thread] DEBUG Input                - Registered new binding: D - D
11:12:57.706 [JavaFX Application Thread] DEBUG Input                - Registered new binding: INPUT_METHOD_ON_OFF - Input Method On/Off
11:12:57.706 [JavaFX Application Thread] DEBUG Input                - Registered new binding: ENTER - Enter
11:12:57.706 [JavaFX Application Thread] DEBUG Input                - Registered new binding: PASTE - Paste
11:12:57.706 [JavaFX Application Thread] DEBUG Input                - Registered new binding: B - B
11:12:57.706 [JavaFX Application Thread] DEBUG Input                - Registered new binding: CAPS - Caps Lock
11:12:57.706 [JavaFX Application Thread] DEBUG Input                - Registered new binding: DEAD_BREVE - Dead Breve
11:12:57.706 [JavaFX Application Thread] DEBUG Input                - Registered new binding: END - End
11:12:57.706 [JavaFX Application Thread] DEBUG Input                - Registered new binding: MODECHANGE - Mode Change
11:12:57.706 [JavaFX Application Thread] DEBUG Input                - Registered new binding: NUMPAD0 - Numpad 0
11:12:57.706 [JavaFX Application Thread] DEBUG Input                - Registered new binding: SUBTRACT - Subtract
11:12:57.706 [JavaFX Application Thread] DEBUG Input                - Registered new binding: UNDO - Undo
11:12:57.706 [JavaFX Application Thread] DEBUG Input                - Registered new binding: FAST_FWD - Fast Forward
11:12:57.706 [JavaFX Application Thread] DEBUG Input                - Registered new binding: SEPARATOR - Separator
11:12:57.706 [JavaFX Application Thread] DEBUG Input                - Registered new binding: CLOSE_BRACKET - Close Bracket
11:12:57.706 [JavaFX Application Thread] DEBUG Input                - Registered new binding: DIGIT0 - 0
11:12:57.706 [JavaFX Application Thread] DEBUG Input                - Registered new binding: DEAD_DIAERESIS - Dead Diaeresis
11:12:57.707 [JavaFX Application Thread] DEBUG Input                - Registered new binding: N - N
11:12:57.707 [JavaFX Application Thread] DEBUG Input                - Registered new binding: ASTERISK - Asterisk
11:12:57.707 [JavaFX Application Thread] DEBUG Input                - Registered new binding: PLAY - Play
11:12:57.707 [JavaFX Application Thread] DEBUG Input                - Registered new binding: INFO - Info
11:12:57.707 [JavaFX Application Thread] DEBUG Input                - Registered new binding: DEAD_VOICED_SOUND - Dead Voiced Sound
11:12:57.707 [JavaFX Application Thread] DEBUG Input                - Registered new binding: SLASH - Slash
11:12:57.707 [JavaFX Application Thread] DEBUG Input                - Registered new binding: DIGIT4 - 4
11:12:57.707 [JavaFX Application Thread] DEBUG Input                - Registered new binding: ADD - Add
11:12:57.707 [JavaFX Application Thread] DEBUG Input                - Registered new binding: DIVIDE - Divide
11:12:57.707 [JavaFX Application Thread] DEBUG Input                - Registered new binding: COLON - Colon
11:12:57.707 [JavaFX Application Thread] DEBUG Input                - Registered new binding: EJECT_TOGGLE - Eject
11:12:57.722 [JavaFX Application Thread] DEBUG FXGLAssetLoaderServi - Loading from file system: jar:file:///C:/Users/26303/.m2/repository/com/github/almasb/fxgl/17.3/fxgl-17.3.jar!/fxglassets/textures/fxgl_icon.png
11:12:57.763 [JavaFX Application Thread] DEBUG FXGLAssetLoaderServi - Loading from file system: jar:file:///C:/Users/26303/.m2/repository/com/github/almasb/fxgl/17.3/fxgl-17.3.jar!/fxglassets/textures/fxgl_default_cursor.png
11:12:57.767 [JavaFX Application Thread] DEBUG Input                - Registered new binding: Screenshot - CTRL+8
11:12:57.768 [JavaFX Application Thread] DEBUG Input                - Registered new binding: System info dump - CTRL+9
11:12:57.769 [JavaFX Application Thread] DEBUG Input                - Registered new binding: Restart - CTRL+R
11:12:57.770 [JavaFX Application Thread] DEBUG Input                - Registered new binding: Toggle Debug Camera - CTRL+7
11:12:57.776 [JavaFX Application Thread] DEBUG LoopRunner           - Starting loop
11:12:57.776 [JavaFX Application Thread] DEBUG LoopRunner           - Initializing JavaFX AnimationTimerLoop
11:12:57.778 [JavaFX Application Thread] DEBUG GameApplicationServi - Starting new game
11:12:57.779 [JavaFX Application Thread] DEBUG Input                - Clearing active input actions
11:12:57.790 [JavaFX Application Thread] DEBUG GameApplicationServi - Removing overlay from FXGLStartupScene and adding to FXGLLoadingScene
11:12:57.791 [JavaFX Application Thread] DEBUG EmbeddedPaneWindow   - FXGLStartupScene -> FXGLLoadingScene
11:12:57.791 [JavaFX Application Thread] DEBUG GameApplicationServi - Clearing previous game
11:12:57.791 [JavaFX Application Thread] DEBUG GameScene            - Clearing game scene
11:12:57.791 [JavaFX Application Thread] DEBUG GameWorld            - Clearing game world
11:12:57.791 [JavaFX Application Thread] DEBUG PhysicsWorld         - Clearing physics world
11:12:57.796 [FXGL Background Thread 1 ] DEBUG FXGLApplication      - Initializing game
11:12:57.798 [FXGL Background Thread 1 ] DEBUG FXGLAssetLoaderServi - Clearing assets cache
11:12:57.799 [FXGL Background Thread 1 ] INFO  FXGLApplication      - Game initialization took: 0.004 sec
11:12:57.870 [JavaFX Application Thread] WARN  FXGLAssetLoaderServi - Asset "/assets/ui/fonts/Lato-Bold.ttf" was not found!
11:12:57.870 [JavaFX Application Thread] WARN  FXGLAssetLoaderServi - Failed to load FONT
11:12:57.871 [JavaFX Application Thread] WARN  FXGLAssetLoaderServi - Asset "/assets/ui/fonts/Lato-Bold.ttf" was not found!
11:12:57.871 [JavaFX Application Thread] WARN  FXGLAssetLoaderServi - Failed to load FONT
11:12:57.876 [JavaFX Application Thread] DEBUG FXGLAssetLoaderServi - Loading from file system: file:/D:/IDEA%20Workspace/MyTetr/target/classes/assets/textures/background.jpg
11:12:57.935 [JavaFX Application Thread] DEBUG Input                - Clearing active input actions
11:12:57.936 [JavaFX Application Thread] DEBUG GameApplicationServi - Removing overlay from FXGLLoadingScene and adding to GameScene
11:12:57.936 [JavaFX Application Thread] DEBUG EmbeddedPaneWindow   - FXGLLoadingScene -> GameScene
11:12:58.432 [FXGL Background Thread 2 ] INFO  UpdaterService       - Your current version:  17.3
11:12:58.432 [FXGL Background Thread 2 ] INFO  UpdaterService       - Latest stable version: 21.1
11:12:58.641 [JavaFX Application Thread] DEBUG GameWorld            - Game world initialized
11:12:58.641 [JavaFX Application Thread] DEBUG PhysicsWorld         - Physics world initialized: appHeight=1000, physics.ppm=50.0
11:12:58.641 [JavaFX Application Thread] DEBUG PhysicsWorld         - Using strategy: BRUTE_FORCE
11:12:58.642 [JavaFX Application Thread] DEBUG GameScene            - Game scene initialized: 1500x1000
11:12:58.642 [JavaFX Application Thread] DEBUG Input                - Registered new binding: Escape - Esc
11:12:58.643 [JavaFX Application Thread] DEBUG FXGLAssetLoaderServi - Loading from file system: file:/D:/IDEA%20Workspace/MyTetr/target/classes/assets/textures/map.png
11:12:58.704 [JavaFX Application Thread] DEBUG FXGLAssetLoaderServi - Loading from file system: file:/D:/IDEA%20Workspace/MyTetr/target/classes/assets/textures/back1.jpg
11:12:58.773 [JavaFX Application Thread] DEBUG FXGLAssetLoaderServi - Loading from file system: file:/D:/IDEA%20Workspace/MyTetr/target/classes/assets/textures/block_9.png
11:12:58.777 [JavaFX Application Thread] DEBUG Input                - Registered new binding: AUTO-0 - Left
11:12:58.777 [JavaFX Application Thread] DEBUG Input                - Registered new binding: AUTO-1 - Right
11:12:58.777 [JavaFX Application Thread] DEBUG Input                - Registered new binding: AUTO-2 - Down
11:12:58.777 [JavaFX Application Thread] DEBUG Input                - Registered new binding: AUTO-3 - Space
11:12:58.777 [JavaFX Application Thread] DEBUG Input                - Registered new binding: AUTO-4 - Z
11:12:58.777 [JavaFX Application Thread] DEBUG Input                - Registered new binding: AUTO-5 - Up
11:12:58.779 [JavaFX Application Thread] DEBUG EmbeddedPaneWindow   - Push state: ConcurrentGameSubScene
11:12:58.779 [JavaFX Application Thread] DEBUG Input                - Clearing active input actions
11:12:58.780 [JavaFX Application Thread] DEBUG GameApplicationServi - Removing overlay from GameScene and adding to ConcurrentGameSubScene
11:12:58.781 [JavaFX Application Thread] DEBUG EmbeddedPaneWindow   - GameScene -> ConcurrentGameSubScene
11:12:58.783 [JavaFX Application Thread] DEBUG FXGLAssetLoaderServi - Loading from file system: file:/D:/IDEA%20Workspace/MyTetr/target/classes/assets/textures/block_6.png
11:13:00.547 [JavaFX Application Thread] DEBUG LoopRunner           - Stopping loop
11:13:00.548 [JavaFX Application Thread] FATAL FXGLApplication      - Uncaught Exception:
java.lang.IllegalArgumentException: Component OnePieceComponent not found!
	at com.almasb.fxgl.entity@17.3/com.almasb.fxgl.entity.Entity.getComponent(Entity.java:366)
	at MyTetr/com.Cubicheng.MyTetr.gameWorld.components.GameMapComponent.add_piece(GameMapComponent.java:71)
	at MyTetr/com.Cubicheng.MyTetr.gameWorld.components.piece.MovablePieceComponent.on_drop(MovablePieceComponent.java:79)
	at com.almasb.fxgl.all@17.3/com.almasb.fxgl.dsl.KeyInputBuilder$2.onAction(KeyInputBuilder.kt:53)
	at com.almasb.fxgl.core@17.3/com.almasb.fxgl.input.UserAction.action$fxgl_core(UserAction.kt:38)
	at com.almasb.fxgl.core@17.3/com.almasb.fxgl.input.Input.update(Input.kt:288)
	at com.almasb.fxgl.scene@17.3/com.almasb.fxgl.scene.Scene.update(Scene.kt:103)
	at com.almasb.fxgl.all@17.3/com.almasb.fxgl.app.MainWindow$update$1.invoke(MainWindow.kt:115)
	at com.almasb.fxgl.all@17.3/com.almasb.fxgl.app.MainWindow$update$1.invoke(MainWindow.kt:115)
	at com.almasb.fxgl.core@17.3/com.almasb.fxgl.core.fsm.StateMachine.runOnActiveStates(StateMachine.kt:69)
	at com.almasb.fxgl.all@17.3/com.almasb.fxgl.app.MainWindow.update(MainWindow.kt:115)
	at com.almasb.fxgl.all@17.3/com.almasb.fxgl.app.FXGLApplication$GameApplicationService.onUpdate(FXGLApplication.kt:426)
	at com.almasb.fxgl.all@17.3/com.almasb.fxgl.app.Engine.loop(Engine.kt:134)
	at com.almasb.fxgl.all@17.3/com.almasb.fxgl.app.Engine.access$loop(Engine.kt:24)
	at com.almasb.fxgl.all@17.3/com.almasb.fxgl.app.Engine$loop$1.invoke(Engine.kt:28)
	at com.almasb.fxgl.all@17.3/com.almasb.fxgl.app.Engine$loop$1.invoke(Engine.kt:28)
	at com.almasb.fxgl.all@17.3/com.almasb.fxgl.app.LoopRunner.frame(LoopRunner.kt:103)
	at com.almasb.fxgl.all@17.3/com.almasb.fxgl.app.LoopRunner.access$frame(LoopRunner.kt:23)
	at com.almasb.fxgl.all@17.3/com.almasb.fxgl.app.LoopRunner$impl$2$1.onTick(LoopRunner.kt:57)
	at com.almasb.fxgl.all@17.3/com.almasb.fxgl.app.AnimationTimerLoop$timer$1.handle(LoopRunner.kt:137)
	at javafx.graphics@21.0.1/javafx.animation.AnimationTimer$AnimationTimerReceiver.lambda$handle$0(AnimationTimer.java:58)
	at java.base/java.security.AccessController.doPrivileged(AccessController.java:400)
	at javafx.graphics@21.0.1/javafx.animation.AnimationTimer$AnimationTimerReceiver.handle(AnimationTimer.java:57)
	at javafx.graphics@21.0.1/com.sun.scenario.animation.AbstractPrimaryTimer.timePulseImpl(AbstractPrimaryTimer.java:356)
	at javafx.graphics@21.0.1/com.sun.scenario.animation.AbstractPrimaryTimer$MainLoop.run(AbstractPrimaryTimer.java:266)
	at javafx.graphics@21.0.1/com.sun.javafx.tk.quantum.QuantumToolkit.pulse(QuantumToolkit.java:588)
	at javafx.graphics@21.0.1/com.sun.javafx.tk.quantum.QuantumToolkit.pulse(QuantumToolkit.java:572)
	at javafx.graphics@21.0.1/com.sun.javafx.tk.quantum.QuantumToolkit.pulseFromQueue(QuantumToolkit.java:565)
	at javafx.graphics@21.0.1/com.sun.javafx.tk.quantum.QuantumToolkit.lambda$runToolkit$11(QuantumToolkit.java:352)
	at javafx.graphics@21.0.1/com.sun.glass.ui.InvokeLaterDispatcher$Future.run(InvokeLaterDispatcher.java:95)
	at javafx.graphics@21.0.1/com.sun.glass.ui.win.WinApplication._runLoop(Native Method)
	at javafx.graphics@21.0.1/com.sun.glass.ui.win.WinApplication.lambda$runLoop$3(WinApplication.java:185)
	at java.base/java.lang.Thread.run(Thread.java:1583)

11:13:00.548 [JavaFX Application Thread] FATAL FXGLApplication      - Application will now exit
11:13:00.562 [JavaFX Application Thread] DEBUG EmbeddedPaneWindow   - Push state: ErrorSubScene
11:13:00.562 [JavaFX Application Thread] DEBUG Input                - Clearing active input actions
11:13:00.565 [JavaFX Application Thread] DEBUG GameApplicationServi - Removing overlay from ConcurrentGameSubScene and adding to ErrorSubScene
11:13:00.565 [JavaFX Application Thread] DEBUG EmbeddedPaneWindow   - ConcurrentGameSubScene -> ErrorSubScene
11:13:00.640 [FXGL Background Thread 3 ] DEBUG Engine               - Logging environment variables
11:13:00.640 [FXGL Background Thread 3 ] DEBUG Engine               - achievements: []
11:13:00.640 [FXGL Background Thread 3 ] DEBUG Engine               - actualHeight: 523.4285888671875
11:13:00.640 [FXGL Background Thread 3 ] DEBUG Engine               - actualHeightProperty: ReadOnlyDoubleProperty [value: 523.4285888671875]
11:13:00.640 [FXGL Background Thread 3 ] DEBUG Engine               - actualWidth: 826.2857055664062
11:13:00.640 [FXGL Background Thread 3 ] DEBUG Engine               - actualWidthProperty: ReadOnlyDoubleProperty [value: 826.2857055664062]
11:13:00.641 [FXGL Background Thread 3 ] DEBUG Engine               - appIcon: fxgl_icon.png
11:13:00.641 [FXGL Background Thread 3 ] DEBUG Engine               - applicationMode: DEVELOPER
11:13:00.641 [FXGL Background Thread 3 ] DEBUG Engine               - cSSList: [fxgl_dark.css]
11:13:00.641 [FXGL Background Thread 3 ] DEBUG Engine               - collisionDetectionStrategy: BRUTE_FORCE
11:13:00.641 [FXGL Background Thread 3 ] DEBUG Engine               - configClass: Optional.empty
11:13:00.641 [FXGL Background Thread 3 ] DEBUG Engine               - credits: []
11:13:00.641 [FXGL Background Thread 3 ] DEBUG Engine               - defaultCursor: CursorInfo(imageName=fxgl_default_cursor.png, hotspotX=7.0, hotspotY=6.0)
11:13:00.641 [FXGL Background Thread 3 ] DEBUG Engine               - devBBoxColorProperty: ObjectProperty [value: 0xff0000ff]
11:13:00.641 [FXGL Background Thread 3 ] DEBUG Engine               - devEnableDebugCameraProperty: BooleanProperty [value: false]
11:13:00.641 [FXGL Background Thread 3 ] DEBUG Engine               - devSensorColorProperty: ObjectProperty [value: 0xffff00ff]
11:13:00.641 [FXGL Background Thread 3 ] DEBUG Engine               - devShowBBoxProperty: BooleanProperty [value: false]
11:13:00.641 [FXGL Background Thread 3 ] DEBUG Engine               - devShowPositionProperty: BooleanProperty [value: false]
11:13:00.641 [FXGL Background Thread 3 ] DEBUG Engine               - enabledMenuItems: []
11:13:00.641 [FXGL Background Thread 3 ] DEBUG Engine               - engineServices: [class com.almasb.fxgl.app.services.FXGLAssetLoaderService, class com.almasb.fxgl.app.FXGLApplication$GameApplicationService, class com.almasb.fxgl.app.services.FXGLDialogService, class com.almasb.fxgl.app.services.IOTaskExecutorService, class com.almasb.fxgl.io.FileSystemService, class com.almasb.fxgl.localization.LocalizationService, class com.almasb.fxgl.app.services.SystemBundleService, class com.almasb.fxgl.profile.SaveLoadService, class com.almasb.fxgl.ui.FXGLUIFactoryServiceProvider, class com.almasb.fxgl.ui.FXGLDialogFactoryServiceProvider, class com.almasb.fxgl.audio.AudioPlayer, class com.almasb.fxgl.notification.impl.NotificationServiceProvider, class com.almasb.fxgl.achievement.AchievementService, class com.almasb.fxgl.cutscene.CutsceneService, class com.almasb.fxgl.minigames.MiniGameService, class com.almasb.fxgl.net.NetService, class com.almasb.fxgl.app.services.UpdaterService, class com.almasb.fxgl.dev.DevService]
11:13:00.641 [FXGL Background Thread 3 ] DEBUG Engine               - fontGame: Abel-Regular.ttf
11:13:00.641 [FXGL Background Thread 3 ] DEBUG Engine               - fontMono: TerminalLandMono-Regular.otf
11:13:00.642 [FXGL Background Thread 3 ] DEBUG Engine               - fontSizeScaleUI: 1.0
11:13:00.642 [FXGL Background Thread 3 ] DEBUG Engine               - fontText: Courier-Prime.ttf
11:13:00.642 [FXGL Background Thread 3 ] DEBUG Engine               - fontUI: BlackOpsOne-Regular.ttf
11:13:00.642 [FXGL Background Thread 3 ] DEBUG Engine               - fullScreen: BooleanProperty [value: false]
11:13:00.642 [FXGL Background Thread 3 ] DEBUG Engine               - gameDifficulty: MEDIUM
11:13:00.642 [FXGL Background Thread 3 ] DEBUG Engine               - gameDifficultyProperty: ObjectProperty [value: MEDIUM]
11:13:00.642 [FXGL Background Thread 3 ] DEBUG Engine               - globalMusicVolume: 0.5
11:13:00.642 [FXGL Background Thread 3 ] DEBUG Engine               - globalMusicVolumeProperty: DoubleProperty [value: 0.5]
11:13:00.642 [FXGL Background Thread 3 ] DEBUG Engine               - globalSoundVolume: 0.5
11:13:00.642 [FXGL Background Thread 3 ] DEBUG Engine               - globalSoundVolumeProperty: DoubleProperty [value: 0.5]
11:13:00.642 [FXGL Background Thread 3 ] DEBUG Engine               - height: 1000
11:13:00.642 [FXGL Background Thread 3 ] DEBUG Engine               - is3D: false
11:13:00.642 [FXGL Background Thread 3 ] DEBUG Engine               - isAndroid: false
11:13:00.642 [FXGL Background Thread 3 ] DEBUG Engine               - isBrowser: false
11:13:00.642 [FXGL Background Thread 3 ] DEBUG Engine               - isClickFeedbackEnabled: false
11:13:00.642 [FXGL Background Thread 3 ] DEBUG Engine               - isCloseConfirmation: false
11:13:00.642 [FXGL Background Thread 3 ] DEBUG Engine               - isDesktop: true
11:13:00.642 [FXGL Background Thread 3 ] DEBUG Engine               - isDeveloperMenuEnabled: false
11:13:00.642 [FXGL Background Thread 3 ] DEBUG Engine               - isEmbedded: false
11:13:00.644 [FXGL Background Thread 3 ] DEBUG Engine               - isEntityPreloadEnabled: true
11:13:00.644 [FXGL Background Thread 3 ] DEBUG Engine               - isExperimentalTiledLargeMap: false
11:13:00.644 [FXGL Background Thread 3 ] DEBUG Engine               - isFileSystemWriteAllowed: true
11:13:00.644 [FXGL Background Thread 3 ] DEBUG Engine               - isFullScreenAllowed: false
11:13:00.644 [FXGL Background Thread 3 ] DEBUG Engine               - isFullScreenFromStart: false
11:13:00.644 [FXGL Background Thread 3 ] DEBUG Engine               - isGameMenuEnabled: false
11:13:00.644 [FXGL Background Thread 3 ] DEBUG Engine               - isIOS: false
11:13:00.644 [FXGL Background Thread 3 ] DEBUG Engine               - isIntroEnabled: false
11:13:00.644 [FXGL Background Thread 3 ] DEBUG Engine               - isLinux: false
11:13:00.644 [FXGL Background Thread 3 ] DEBUG Engine               - isMac: false
11:13:00.644 [FXGL Background Thread 3 ] DEBUG Engine               - isMainMenuEnabled: false
11:13:00.644 [FXGL Background Thread 3 ] DEBUG Engine               - isManualResizeEnabled: false
11:13:00.644 [FXGL Background Thread 3 ] DEBUG Engine               - isMobile: false
11:13:00.644 [FXGL Background Thread 3 ] DEBUG Engine               - isNative: false
11:13:00.644 [FXGL Background Thread 3 ] DEBUG Engine               - isPauseMusicWhenMinimized: true
11:13:00.644 [FXGL Background Thread 3 ] DEBUG Engine               - isPreserveResizeRatio: false
11:13:00.644 [FXGL Background Thread 3 ] DEBUG Engine               - isProfilingEnabled: false
11:13:00.644 [FXGL Background Thread 3 ] DEBUG Engine               - isScaleAffectedOnResize: true
11:13:00.644 [FXGL Background Thread 3 ] DEBUG Engine               - isSingleStep: false
11:13:00.644 [FXGL Background Thread 3 ] DEBUG Engine               - isUserProfileEnabled: false
11:13:00.644 [FXGL Background Thread 3 ] DEBUG Engine               - isWindows: true
11:13:00.644 [FXGL Background Thread 3 ] DEBUG Engine               - language: ObjectProperty [value: ENGLISH]
11:13:00.644 [FXGL Background Thread 3 ] DEBUG Engine               - menuKey: ESCAPE
11:13:00.644 [FXGL Background Thread 3 ] DEBUG Engine               - mouseSensitivity: 0.2
11:13:00.644 [FXGL Background Thread 3 ] DEBUG Engine               - notificationViewClass: class com.almasb.fxgl.notification.view.XboxNotificationView
11:13:00.644 [FXGL Background Thread 3 ] DEBUG Engine               - pixelsPerMeter: 50.0
11:13:00.644 [FXGL Background Thread 3 ] DEBUG Engine               - platform: WINDOWS
11:13:00.644 [FXGL Background Thread 3 ] DEBUG Engine               - prefHeightProperty: ReadOnlyDoubleProperty [value: 1000.0]
11:13:00.644 [FXGL Background Thread 3 ] DEBUG Engine               - prefWidthProperty: ReadOnlyDoubleProperty [value: 1500.0]
11:13:00.644 [FXGL Background Thread 3 ] DEBUG Engine               - profileDir: profiles/
11:13:00.644 [FXGL Background Thread 3 ] DEBUG Engine               - profileName: StringProperty [value: DEFAULT]
11:13:00.644 [FXGL Background Thread 3 ] DEBUG Engine               - randomSeed: -1
11:13:00.645 [FXGL Background Thread 3 ] DEBUG Engine               - runtimeInfo: RuntimeInfo(platform=WINDOWS, version=17.3, build=30.03.2023 11.49)
11:13:00.645 [FXGL Background Thread 3 ] DEBUG Engine               - saveFileExt: sav
11:13:00.645 [FXGL Background Thread 3 ] DEBUG Engine               - scaledHeightProp$fxgl: DoubleProperty [bound, value: 523.4285888671875]
11:13:00.645 [FXGL Background Thread 3 ] DEBUG Engine               - scaledWidthProp$fxgl: DoubleProperty [bound, value: 826.2857055664062]
11:13:00.645 [FXGL Background Thread 3 ] DEBUG Engine               - sceneFactory: com.almasb.fxgl.app.scene.SceneFactory@1cc25e8
11:13:00.645 [FXGL Background Thread 3 ] DEBUG Engine               - secondsIn24h: 60
11:13:00.645 [FXGL Background Thread 3 ] DEBUG Engine               - soundMenuBack: menu/back.wav
11:13:00.645 [FXGL Background Thread 3 ] DEBUG Engine               - soundMenuPress: menu/press.wav
11:13:00.645 [FXGL Background Thread 3 ] DEBUG Engine               - soundMenuSelect: menu/select.wav
11:13:00.645 [FXGL Background Thread 3 ] DEBUG Engine               - soundNotification: core/notification.wav
11:13:00.645 [FXGL Background Thread 3 ] DEBUG Engine               - stageStyle: DECORATED
11:13:00.645 [FXGL Background Thread 3 ] DEBUG Engine               - supportedLanguages: [ENGLISH, FRENCH, GERMAN, HUNGARIAN, RUSSIAN]
11:13:00.645 [FXGL Background Thread 3 ] DEBUG Engine               - ticksPerSecond: -1
11:13:00.645 [FXGL Background Thread 3 ] DEBUG Engine               - title: Demo
11:13:00.645 [FXGL Background Thread 3 ] DEBUG Engine               - urlGithub: https://github.com/AlmasB/FXGL
11:13:00.645 [FXGL Background Thread 3 ] DEBUG Engine               - urlLeaderboard: http://fxgl-top.herokuapp.com/
11:13:00.645 [FXGL Background Thread 3 ] DEBUG Engine               - urlPOM: https://raw.githubusercontent.com/AlmasB/FXGL/release/README.md
11:13:00.645 [FXGL Background Thread 3 ] DEBUG Engine               - userAppClass: class com.Cubicheng.MyTetr.GameApp
11:13:00.645 [FXGL Background Thread 3 ] DEBUG Engine               - version: 0.0
11:13:00.645 [FXGL Background Thread 3 ] DEBUG Engine               - versionCheckDays: 7
11:13:00.645 [FXGL Background Thread 3 ] DEBUG Engine               - width: 1500
11:13:00.645 [FXGL Background Thread 3 ] DEBUG Engine               - Logging services
11:13:00.645 [FXGL Background Thread 3 ] DEBUG Engine               - class com.almasb.fxgl.app.services.FXGLAssetLoaderService
11:13:00.645 [FXGL Background Thread 3 ] DEBUG Engine               - class com.almasb.fxgl.app.FXGLApplication$GameApplicationService
11:13:00.645 [FXGL Background Thread 3 ] DEBUG Engine               - class com.almasb.fxgl.app.services.FXGLDialogService
11:13:00.645 [FXGL Background Thread 3 ] DEBUG Engine               - class com.almasb.fxgl.app.services.IOTaskExecutorService
11:13:00.645 [FXGL Background Thread 3 ] DEBUG Engine               - class com.almasb.fxgl.io.FileSystemService
11:13:00.645 [FXGL Background Thread 3 ] DEBUG Engine               - class com.almasb.fxgl.localization.LocalizationService
11:13:00.645 [FXGL Background Thread 3 ] DEBUG Engine               - class com.almasb.fxgl.app.services.SystemBundleService
11:13:00.645 [FXGL Background Thread 3 ] DEBUG Engine               - class com.almasb.fxgl.profile.SaveLoadService
11:13:00.645 [FXGL Background Thread 3 ] DEBUG Engine               - class com.almasb.fxgl.ui.FXGLUIFactoryServiceProvider
11:13:00.645 [FXGL Background Thread 3 ] DEBUG Engine               - class com.almasb.fxgl.ui.FXGLDialogFactoryServiceProvider
11:13:00.645 [FXGL Background Thread 3 ] DEBUG Engine               - class com.almasb.fxgl.audio.AudioPlayer
11:13:00.645 [FXGL Background Thread 3 ] DEBUG Engine               - class com.almasb.fxgl.notification.impl.NotificationServiceProvider
11:13:00.645 [FXGL Background Thread 3 ] DEBUG Engine               - class com.almasb.fxgl.achievement.AchievementService
11:13:00.645 [FXGL Background Thread 3 ] DEBUG Engine               - class com.almasb.fxgl.cutscene.CutsceneService
11:13:00.645 [FXGL Background Thread 3 ] DEBUG Engine               - class com.almasb.fxgl.minigames.MiniGameService
11:13:00.645 [FXGL Background Thread 3 ] DEBUG Engine               - class com.almasb.fxgl.net.NetService
11:13:00.645 [FXGL Background Thread 3 ] DEBUG Engine               - class com.almasb.fxgl.app.services.UpdaterService
11:13:00.645 [FXGL Background Thread 3 ] DEBUG Engine               - class com.almasb.fxgl.dev.DevService
11:13:00.897 [JavaFX Application Thread] DEBUG FXGLApplication      - Exiting FXGL
11:13:00.898 [JavaFX Application Thread] DEBUG Async                - Shutting down background threads
11:13:00.898 [JavaFX Application Thread] DEBUG Logger               - Closing Logger
