23:43:59.321 [JavaFX Application Thread] DEBUG Logger               - Configured Logger
23:43:59.330 [JavaFX Application Thread] DEBUG GameApplication      - Logging settings
Title: Demo
Version: 0.0
Width: 1500
Height: 1000
Fullscreen: false
Intro: false
Profiling: false
Single step:false
App Mode: DEVELOPER
Menu Key: ESCAPE
Stage Style: DECORATED
Scene Factory: class com.almasb.fxgl.app.scene.SceneFactory

23:43:59.332 [JavaFX Application Thread] DEBUG FXGLApplication      - Initializing FXGL
23:43:59.334 [JavaFX Application Thread] INFO  Engine               - FXGL-17.3 (30.03.2023 11.49) on WINDOWS (J:21.0.4 FX:21.0.1)
23:43:59.334 [JavaFX Application Thread] DEBUG Engine               - JRE Vendor Name: Oracle Corporation
23:43:59.335 [JavaFX Application Thread] DEBUG Engine               - Running on OS: Windows 11 version 10.0
23:43:59.335 [JavaFX Application Thread] DEBUG Engine               - Architecture: amd64
23:43:59.335 [JavaFX Application Thread] INFO  Engine               - Source code and latest versions at: https://github.com/AlmasB/FXGL
23:43:59.335 [JavaFX Application Thread] INFO  Engine               -       Ask questions and discuss at: https://github.com/AlmasB/FXGL/discussions
23:43:59.335 [JavaFX Application Thread] INFO  Engine               -              Join the FXGL chat at: https://gitter.im/AlmasB/FXGL
23:43:59.358 [JavaFX Application Thread] DEBUG EmbeddedPaneWindow   - Target settings size: 1500.0 x 1000.0
23:43:59.358 [JavaFX Application Thread] DEBUG EmbeddedPaneWindow   - Scaled scene size:    1500.0 x 1000.0
23:43:59.358 [JavaFX Application Thread] DEBUG EmbeddedPaneWindow   - Scaled ratio: (1.0, 1.0)
23:43:59.359 [JavaFX Application Thread] DEBUG EmbeddedPaneWindow   - Set initial scene to FXGLStartupScene
23:43:59.360 [JavaFX Application Thread] DEBUG EmbeddedPaneWindow   - Opening embedded window
23:43:59.361 [JavaFX Application Thread] DEBUG EmbeddedPaneWindow   - Window border size: (0, 0)
23:43:59.361 [JavaFX Application Thread] DEBUG EmbeddedPaneWindow   - Scaled size: 1500.0 x 1000.0
23:43:59.361 [JavaFX Application Thread] DEBUG EmbeddedPaneWindow   - Scaled ratio: (1.0, 1.0)
23:43:59.365 [FXGL Background Thread 1 ] DEBUG Engine               - Initializing environment variables
23:43:59.396 [FXGL Background Thread 1 ] DEBUG FXGLAssetLoaderServi - User app class for loading assets: class com.Cubicheng.MyTetr.GameApp
23:43:59.396 [FXGL Background Thread 1 ] DEBUG GameApplicationServi - Applying CSS: fxgl_dark.css
23:43:59.397 [FXGL Background Thread 1 ] DEBUG FXGLAssetLoaderServi - Loading from file system: jar:file:///C:/Users/26303/.m2/repository/com/github/almasb/fxgl/17.3/fxgl-17.3.jar!/fxglassets/ui/css/fxgl_dark.css
23:43:59.410 [FXGL Background Thread 1 ] DEBUG GameApplicationServi - Initializing application scenes
23:43:59.429 [FXGL Background Thread 1 ] DEBUG GameWorld            - Game world initialized
23:43:59.477 [FXGL Background Thread 1 ] DEBUG PhysicsWorld         - Physics world initialized: appHeight=1000, physics.ppm=50.0
23:43:59.478 [FXGL Background Thread 1 ] DEBUG PhysicsWorld         - Using strategy: BRUTE_FORCE
23:43:59.480 [FXGL Background Thread 1 ] DEBUG GameScene            - Game scene initialized: 1500x1000
23:43:59.480 [FXGL Background Thread 1 ] DEBUG GameApplicationServi - Application scenes initialized
23:43:59.491 [FXGL Background Thread 1 ] DEBUG SystemBundleService  - Loading FXGL system data
23:43:59.495 [FXGL Background Thread 1 ] WARN  SystemBundleService  - Failed to load: java.io.FileNotFoundException: D:\IDEA Workspace\MyTetr\system\fxgl.bundle (系统找不到指定的文件。)
23:43:59.495 [FXGL Background Thread 1 ] DEBUG SystemBundleService  - Loading default FXGL system data
23:43:59.495 [FXGL Background Thread 1 ] DEBUG UpdaterService       - Checking for updates
23:43:59.500 [FXGL Background Thread 4 ] DEBUG FXGLApplication      - Loading fonts
23:43:59.501 [FXGL Background Thread 4 ] WARN  FXGLAssetLoaderServi - Asset "/assets/ui/fonts/BlackOpsOne-Regular.ttf" was not found!
23:43:59.501 [FXGL Background Thread 1 ] DEBUG FXGLApplication      - Loading default localization
23:43:59.501 [FXGL Background Thread 4 ] WARN  FXGLAssetLoaderServi - Failed to load FONT
23:43:59.501 [FXGL Background Thread 1 ] DEBUG FXGLAssetLoaderServi - Loading from file system: jar:file:///C:/Users/26303/.m2/repository/com/github/almasb/fxgl/17.3/fxgl-17.3.jar!/fxglassets/languages/english.lang
23:43:59.501 [FXGL Background Thread 4 ] DEBUG FXGLAssetLoaderServi - Loading from file system: jar:file:///C:/Users/26303/.m2/repository/com/github/almasb/fxgl/17.3/fxgl-17.3.jar!/fxglassets/ui/fonts/Abel-Regular.ttf
23:43:59.528 [FXGL Background Thread 4 ] DEBUG FXGLAssetLoaderServi - Loading from file system: jar:file:///C:/Users/26303/.m2/repository/com/github/almasb/fxgl/17.3/fxgl-17.3.jar!/fxglassets/ui/fonts/TerminalLandMono-Regular.otf
23:43:59.530 [FXGL Background Thread 4 ] DEBUG FXGLAssetLoaderServi - Loading from file system: jar:file:///C:/Users/26303/.m2/repository/com/github/almasb/fxgl/17.3/fxgl-17.3.jar!/fxglassets/ui/fonts/Courier-Prime.ttf
23:43:59.535 [JavaFX Application Thread] DEBUG FXGLApplication      - Registering font factories with UI factory
23:43:59.549 [FXGL Background Thread 1 ] INFO  FXGLApplication      - FXGL initialization took: 0.183 sec
23:43:59.559 [JavaFX Application Thread] DEBUG Input                - Registered new binding: FINAL - Final
23:43:59.559 [JavaFX Application Thread] DEBUG Input                - Registered new binding: UP - Up
23:43:59.559 [JavaFX Application Thread] DEBUG Input                - Registered new binding: NUM_LOCK - Num Lock
23:43:59.559 [JavaFX Application Thread] DEBUG Input                - Registered new binding: CHANNEL_DOWN - Channel Down
23:43:59.559 [JavaFX Application Thread] DEBUG Input                - Registered new binding: DIGIT2 - 2
23:43:59.559 [JavaFX Application Thread] DEBUG Input                - Registered new binding: COLORED_KEY_3 - Colored Key 3
23:43:59.559 [JavaFX Application Thread] DEBUG Input                - Registered new binding: ACCEPT - Accept
23:43:59.559 [JavaFX Application Thread] DEBUG Input                - Registered new binding: T - T
23:43:59.560 [JavaFX Application Thread] DEBUG Input                - Registered new binding: F21 - F21
23:43:59.560 [JavaFX Application Thread] DEBUG Input                - Registered new binding: DEAD_GRAVE - Dead Grave
23:43:59.560 [JavaFX Application Thread] DEBUG Input                - Registered new binding: NUMPAD7 - Numpad 7
23:43:59.560 [JavaFX Application Thread] DEBUG Input                - Registered new binding: COPY - Copy
23:43:59.560 [JavaFX Application Thread] DEBUG Input                - Registered new binding: KANA - Kana
23:43:59.560 [JavaFX Application Thread] DEBUG Input                - Registered new binding: U - U
23:43:59.560 [JavaFX Application Thread] DEBUG Input                - Registered new binding: ADD - Add
23:43:59.560 [JavaFX Application Thread] DEBUG Input                - Registered new binding: CIRCUMFLEX - Circumflex
23:43:59.560 [JavaFX Application Thread] DEBUG Input                - Registered new binding: DIGIT7 - 7
23:43:59.560 [JavaFX Application Thread] DEBUG Input                - Registered new binding: PROPS - Properties
23:43:59.560 [JavaFX Application Thread] DEBUG Input                - Registered new binding: I - I
23:43:59.560 [JavaFX Application Thread] DEBUG Input                - Registered new binding: SHORTCUT - Shortcut
23:43:59.561 [JavaFX Application Thread] DEBUG Input                - Registered new binding: PAGE_DOWN - Page Down
23:43:59.561 [JavaFX Application Thread] DEBUG Input                - Registered new binding: KP_LEFT - Numpad Left
23:43:59.561 [JavaFX Application Thread] DEBUG Input                - Registered new binding: PAGE_UP - Page Up
23:43:59.561 [JavaFX Application Thread] DEBUG Input                - Registered new binding: NUMPAD4 - Numpad 4
23:43:59.561 [JavaFX Application Thread] DEBUG Input                - Registered new binding: NUMPAD3 - Numpad 3
23:43:59.561 [JavaFX Application Thread] DEBUG Input                - Registered new binding: K - K
23:43:59.561 [JavaFX Application Thread] DEBUG Input                - Registered new binding: SOFTKEY_1 - Softkey 1
23:43:59.561 [JavaFX Application Thread] DEBUG Input                - Registered new binding: CONVERT - Convert
23:43:59.561 [JavaFX Application Thread] DEBUG Input                - Registered new binding: UNDEFINED - Undefined
23:43:59.561 [JavaFX Application Thread] DEBUG Input                - Registered new binding: NUMPAD1 - Numpad 1
23:43:59.561 [JavaFX Application Thread] DEBUG Input                - Registered new binding: F7 - F7
23:43:59.561 [JavaFX Application Thread] DEBUG Input                - Registered new binding: Z - Z
23:43:59.561 [JavaFX Application Thread] DEBUG Input                - Registered new binding: COLON - Colon
23:43:59.561 [JavaFX Application Thread] DEBUG Input                - Registered new binding: F2 - F2
23:43:59.561 [JavaFX Application Thread] DEBUG Input                - Registered new binding: Y - Y
23:43:59.561 [JavaFX Application Thread] DEBUG Input                - Registered new binding: DEAD_CARON - Dead Caron
23:43:59.561 [JavaFX Application Thread] DEBUG Input                - Registered new binding: J - J
23:43:59.561 [JavaFX Application Thread] DEBUG Input                - Registered new binding: DEAD_DIAERESIS - Dead Diaeresis
23:43:59.561 [JavaFX Application Thread] DEBUG Input                - Registered new binding: DIGIT1 - 1
23:43:59.561 [JavaFX Application Thread] DEBUG Input                - Registered new binding: ALL_CANDIDATES - All Candidates
23:43:59.561 [JavaFX Application Thread] DEBUG Input                - Registered new binding: DELETE - Delete
23:43:59.561 [JavaFX Application Thread] DEBUG Input                - Registered new binding: COLORED_KEY_2 - Colored Key 2
23:43:59.562 [JavaFX Application Thread] DEBUG Input                - Registered new binding: CLEAR - Clear
23:43:59.562 [JavaFX Application Thread] DEBUG Input                - Registered new binding: F11 - F11
23:43:59.562 [JavaFX Application Thread] DEBUG Input                - Registered new binding: F22 - F22
23:43:59.562 [JavaFX Application Thread] DEBUG Input                - Registered new binding: DEAD_SEMIVOICED_SOUND - Dead Semivoiced Sound
23:43:59.562 [JavaFX Application Thread] DEBUG Input                - Registered new binding: CLOSE_BRACKET - Close Bracket
23:43:59.562 [JavaFX Application Thread] DEBUG Input                - Registered new binding: BEGIN - Begin
23:43:59.562 [JavaFX Application Thread] DEBUG Input                - Registered new binding: M - M
23:43:59.562 [JavaFX Application Thread] DEBUG Input                - Registered new binding: EQUALS - Equals
23:43:59.562 [JavaFX Application Thread] DEBUG Input                - Registered new binding: HIRAGANA - Hiragana
23:43:59.562 [JavaFX Application Thread] DEBUG Input                - Registered new binding: MUTE - Mute
23:43:59.562 [JavaFX Application Thread] DEBUG Input                - Registered new binding: H - H
23:43:59.562 [JavaFX Application Thread] DEBUG Input                - Registered new binding: LEFT_PARENTHESIS - Left Parenthesis
23:43:59.562 [JavaFX Application Thread] DEBUG Input                - Registered new binding: CANCEL - Cancel
23:43:59.562 [JavaFX Application Thread] DEBUG Input                - Registered new binding: JAPANESE_ROMAN - Japanese Roman
23:43:59.562 [JavaFX Application Thread] DEBUG Input                - Registered new binding: F5 - F5
23:43:59.562 [JavaFX Application Thread] DEBUG Input                - Registered new binding: MULTIPLY - Multiply
23:43:59.562 [JavaFX Application Thread] DEBUG Input                - Registered new binding: GAME_D - Game D
23:43:59.562 [JavaFX Application Thread] DEBUG Input                - Registered new binding: KANA_LOCK - Kana Lock
23:43:59.562 [JavaFX Application Thread] DEBUG Input                - Registered new binding: INFO - Info
23:43:59.562 [JavaFX Application Thread] DEBUG Input                - Registered new binding: NUMPAD8 - Numpad 8
23:43:59.562 [JavaFX Application Thread] DEBUG Input                - Registered new binding: INSERT - Insert
23:43:59.562 [JavaFX Application Thread] DEBUG Input                - Registered new binding: SOFTKEY_9 - Softkey 9
23:43:59.563 [JavaFX Application Thread] DEBUG Input                - Registered new binding: DEAD_ABOVEDOT - Dead Abovedot
23:43:59.563 [JavaFX Application Thread] DEBUG Input                - Registered new binding: SOFTKEY_5 - Softkey 5
23:43:59.563 [JavaFX Application Thread] DEBUG Input                - Registered new binding: DIGIT8 - 8
23:43:59.563 [JavaFX Application Thread] DEBUG Input                - Registered new binding: HOME - Home
23:43:59.563 [JavaFX Application Thread] DEBUG Input                - Registered new binding: CUT - Cut
23:43:59.563 [JavaFX Application Thread] DEBUG Input                - Registered new binding: F - F
23:43:59.563 [JavaFX Application Thread] DEBUG Input                - Registered new binding: DEAD_DOUBLEACUTE - Dead Doubleacute
23:43:59.563 [JavaFX Application Thread] DEBUG Input                - Registered new binding: UNDO - Undo
23:43:59.563 [JavaFX Application Thread] DEBUG Input                - Registered new binding: F17 - F17
23:43:59.563 [JavaFX Application Thread] DEBUG Input                - Registered new binding: NUMPAD0 - Numpad 0
23:43:59.563 [JavaFX Application Thread] DEBUG Input                - Registered new binding: GAME_C - Game C
23:43:59.563 [JavaFX Application Thread] DEBUG Input                - Registered new binding: PRINTSCREEN - Print Screen
23:43:59.563 [JavaFX Application Thread] DEBUG Input                - Registered new binding: A - A
23:43:59.563 [JavaFX Application Thread] DEBUG Input                - Registered new binding: F1 - F1
23:43:59.563 [JavaFX Application Thread] DEBUG Input                - Registered new binding: DEAD_OGONEK - Dead Ogonek
23:43:59.563 [JavaFX Application Thread] DEBUG Input                - Registered new binding: DIGIT9 - 9
23:43:59.563 [JavaFX Application Thread] DEBUG Input                - Registered new binding: KATAKANA - Katakana
23:43:59.563 [JavaFX Application Thread] DEBUG Input                - Registered new binding: KP_RIGHT - Numpad Right
23:43:59.563 [JavaFX Application Thread] DEBUG Input                - Registered new binding: PAUSE - Pause
23:43:59.563 [JavaFX Application Thread] DEBUG Input                - Registered new binding: ASTERISK - Asterisk
23:43:59.563 [JavaFX Application Thread] DEBUG Input                - Registered new binding: COLORED_KEY_0 - Colored Key 0
23:43:59.563 [JavaFX Application Thread] DEBUG Input                - Registered new binding: DEAD_BREVE - Dead Breve
23:43:59.563 [JavaFX Application Thread] DEBUG Input                - Registered new binding: G - G
23:43:59.563 [JavaFX Application Thread] DEBUG Input                - Registered new binding: F13 - F13
23:43:59.563 [JavaFX Application Thread] DEBUG Input                - Registered new binding: FAST_FWD - Fast Forward
23:43:59.564 [JavaFX Application Thread] DEBUG Input                - Registered new binding: F20 - F20
23:43:59.564 [JavaFX Application Thread] DEBUG Input                - Registered new binding: DOLLAR - Dollar
23:43:59.564 [JavaFX Application Thread] DEBUG Input                - Registered new binding: RIGHT - Right
23:43:59.564 [JavaFX Application Thread] DEBUG Input                - Registered new binding: D - D
23:43:59.564 [JavaFX Application Thread] DEBUG Input                - Registered new binding: HELP - Help
23:43:59.564 [JavaFX Application Thread] DEBUG Input                - Registered new binding: DEAD_CIRCUMFLEX - Dead Circumflex
23:43:59.564 [JavaFX Application Thread] DEBUG Input                - Registered new binding: FIND - Find
23:43:59.564 [JavaFX Application Thread] DEBUG Input                - Registered new binding: STAR - Star
23:43:59.564 [JavaFX Application Thread] DEBUG Input                - Registered new binding: KP_UP - Numpad Up
23:43:59.564 [JavaFX Application Thread] DEBUG Input                - Registered new binding: SOFTKEY_7 - Softkey 7
23:43:59.564 [JavaFX Application Thread] DEBUG Input                - Registered new binding: L - L
23:43:59.564 [JavaFX Application Thread] DEBUG Input                - Registered new binding: F19 - F19
23:43:59.564 [JavaFX Application Thread] DEBUG Input                - Registered new binding: CONTEXT_MENU - Context Menu
23:43:59.564 [JavaFX Application Thread] DEBUG Input                - Registered new binding: NUMBER_SIGN - Number Sign
23:43:59.564 [JavaFX Application Thread] DEBUG Input                - Registered new binding: LEFT - Left
23:43:59.564 [JavaFX Application Thread] DEBUG Input                - Registered new binding: F16 - F16
23:43:59.564 [JavaFX Application Thread] DEBUG Input                - Registered new binding: UNDERSCORE - Underscore
23:43:59.564 [JavaFX Application Thread] DEBUG Input                - Registered new binding: W - W
23:43:59.564 [JavaFX Application Thread] DEBUG Input                - Registered new binding: STOP - Stop
23:43:59.564 [JavaFX Application Thread] DEBUG Input                - Registered new binding: F6 - F6
23:43:59.564 [JavaFX Application Thread] DEBUG Input                - Registered new binding: AMPERSAND - Ampersand
23:43:59.564 [JavaFX Application Thread] DEBUG Input                - Registered new binding: F15 - F15
23:43:59.565 [JavaFX Application Thread] DEBUG Input                - Registered new binding: COLORED_KEY_1 - Colored Key 1
23:43:59.565 [JavaFX Application Thread] DEBUG Input                - Registered new binding: NUMPAD2 - Numpad 2
23:43:59.565 [JavaFX Application Thread] DEBUG Input                - Registered new binding: F4 - F4
23:43:59.565 [JavaFX Application Thread] DEBUG Input                - Registered new binding: DEAD_ACUTE - Dead Acute
23:43:59.565 [JavaFX Application Thread] DEBUG Input                - Registered new binding: INVERTED_EXCLAMATION_MARK - Inverted Exclamation Mark
23:43:59.565 [JavaFX Application Thread] DEBUG Input                - Registered new binding: TRACK_NEXT - Next Track
23:43:59.565 [JavaFX Application Thread] DEBUG Input                - Registered new binding: MINUS - Minus
23:43:59.565 [JavaFX Application Thread] DEBUG Input                - Registered new binding: MODECHANGE - Mode Change
23:43:59.565 [JavaFX Application Thread] DEBUG Input                - Registered new binding: NONCONVERT - Nonconvert
23:43:59.565 [JavaFX Application Thread] DEBUG Input                - Registered new binding: SOFTKEY_2 - Softkey 2
23:43:59.565 [JavaFX Application Thread] DEBUG Input                - Registered new binding: CODE_INPUT - Code Input
23:43:59.565 [JavaFX Application Thread] DEBUG Input                - Registered new binding: BRACERIGHT - Right Brace
23:43:59.565 [JavaFX Application Thread] DEBUG Input                - Registered new binding: DEAD_ABOVERING - Dead Abovering
23:43:59.565 [JavaFX Application Thread] DEBUG Input                - Registered new binding: AT - At
23:43:59.565 [JavaFX Application Thread] DEBUG Input                - Registered new binding: F18 - F18
23:43:59.565 [JavaFX Application Thread] DEBUG Input                - Registered new binding: TRACK_PREV - Previous Track
23:43:59.565 [JavaFX Application Thread] DEBUG Input                - Registered new binding: DEAD_TILDE - Dead Tilde
23:43:59.566 [JavaFX Application Thread] DEBUG Input                - Registered new binding: SOFTKEY_3 - Softkey 3
23:43:59.566 [JavaFX Application Thread] DEBUG Input                - Registered new binding: BRACELEFT - Left Brace
23:43:59.566 [JavaFX Application Thread] DEBUG Input                - Registered new binding: DEAD_IOTA - Dead Iota
23:43:59.566 [JavaFX Application Thread] DEBUG Input                - Registered new binding: PLUS - Plus
23:43:59.566 [JavaFX Application Thread] DEBUG Input                - Registered new binding: GREATER - Greater
23:43:59.566 [JavaFX Application Thread] DEBUG Input                - Registered new binding: F24 - F24
23:43:59.566 [JavaFX Application Thread] DEBUG Input                - Registered new binding: DEAD_VOICED_SOUND - Dead Voiced Sound
23:43:59.566 [JavaFX Application Thread] DEBUG Input                - Registered new binding: ROMAN_CHARACTERS - Roman Characters
23:43:59.566 [JavaFX Application Thread] DEBUG Input                - Registered new binding: VOLUME_UP - Volume Up
23:43:59.566 [JavaFX Application Thread] DEBUG Input                - Registered new binding: AGAIN - Again
23:43:59.566 [JavaFX Application Thread] DEBUG Input                - Registered new binding: POWER - Power
23:43:59.566 [JavaFX Application Thread] DEBUG Input                - Registered new binding: ALPHANUMERIC - Alphanumeric
23:43:59.566 [JavaFX Application Thread] DEBUG Input                - Registered new binding: COMPOSE - Compose
23:43:59.566 [JavaFX Application Thread] DEBUG Input                - Registered new binding: F10 - F10
23:43:59.566 [JavaFX Application Thread] DEBUG Input                - Registered new binding: HALF_WIDTH - Half Width
23:43:59.566 [JavaFX Application Thread] DEBUG Input                - Registered new binding: INPUT_METHOD_ON_OFF - Input Method On/Off
23:43:59.566 [JavaFX Application Thread] DEBUG Input                - Registered new binding: SLASH - Slash
23:43:59.566 [JavaFX Application Thread] DEBUG Input                - Registered new binding: RIGHT_PARENTHESIS - Right Parenthesis
23:43:59.566 [JavaFX Application Thread] DEBUG Input                - Registered new binding: KANJI - Kanji
23:43:59.566 [JavaFX Application Thread] DEBUG Input                - Registered new binding: F3 - F3
23:43:59.566 [JavaFX Application Thread] DEBUG Input                - Registered new binding: SPACE - Space
23:43:59.566 [JavaFX Application Thread] DEBUG Input                - Registered new binding: PERIOD - Period
23:43:59.566 [JavaFX Application Thread] DEBUG Input                - Registered new binding: DIGIT0 - 0
23:43:59.566 [JavaFX Application Thread] DEBUG Input                - Registered new binding: GAME_B - Game B
23:43:59.566 [JavaFX Application Thread] DEBUG Input                - Registered new binding: PLAY - Play
23:43:59.567 [JavaFX Application Thread] DEBUG Input                - Registered new binding: BACK_SPACE - Backspace
23:43:59.567 [JavaFX Application Thread] DEBUG Input                - Registered new binding: DIGIT3 - 3
23:43:59.567 [JavaFX Application Thread] DEBUG Input                - Registered new binding: OPEN_BRACKET - Open Bracket
23:43:59.567 [JavaFX Application Thread] DEBUG Input                - Registered new binding: JAPANESE_HIRAGANA - Japanese Hiragana
23:43:59.567 [JavaFX Application Thread] DEBUG Input                - Registered new binding: S - S
23:43:59.567 [JavaFX Application Thread] DEBUG Input                - Registered new binding: QUOTE - Quote
23:43:59.567 [JavaFX Application Thread] DEBUG Input                - Registered new binding: R - R
23:43:59.567 [JavaFX Application Thread] DEBUG Input                - Registered new binding: LESS - Less
23:43:59.567 [JavaFX Application Thread] DEBUG Input                - Registered new binding: E - E
23:43:59.567 [JavaFX Application Thread] DEBUG Input                - Registered new binding: SOFTKEY_4 - Softkey 4
23:43:59.567 [JavaFX Application Thread] DEBUG Input                - Registered new binding: BACK_SLASH - Back Slash
23:43:59.567 [JavaFX Application Thread] DEBUG Input                - Registered new binding: Q - Q
23:43:59.567 [JavaFX Application Thread] DEBUG Input                - Registered new binding: N - N
23:43:59.567 [JavaFX Application Thread] DEBUG Input                - Registered new binding: B - B
23:43:59.567 [JavaFX Application Thread] DEBUG Input                - Registered new binding: END - End
23:43:59.567 [JavaFX Application Thread] DEBUG Input                - Registered new binding: DIGIT6 - 6
23:43:59.567 [JavaFX Application Thread] DEBUG Input                - Registered new binding: F8 - F8
23:43:59.567 [JavaFX Application Thread] DEBUG Input                - Registered new binding: DIVIDE - Divide
23:43:59.567 [JavaFX Application Thread] DEBUG Input                - Registered new binding: EJECT_TOGGLE - Eject
23:43:59.567 [JavaFX Application Thread] DEBUG Input                - Registered new binding: SOFTKEY_0 - Softkey 0
23:43:59.567 [JavaFX Application Thread] DEBUG Input                - Registered new binding: DOWN - Down
23:43:59.568 [JavaFX Application Thread] DEBUG Input                - Registered new binding: DECIMAL - Decimal
23:43:59.568 [JavaFX Application Thread] DEBUG Input                - Registered new binding: F23 - F23
23:43:59.568 [JavaFX Application Thread] DEBUG Input                - Registered new binding: ENTER - Enter
23:43:59.568 [JavaFX Application Thread] DEBUG Input                - Registered new binding: DEAD_CEDILLA - Dead Cedilla
23:43:59.568 [JavaFX Application Thread] DEBUG Input                - Registered new binding: NUMPAD6 - Numpad 6
23:43:59.568 [JavaFX Application Thread] DEBUG Input                - Registered new binding: COMMA - Comma
23:43:59.568 [JavaFX Application Thread] DEBUG Input                - Registered new binding: SOFTKEY_6 - Softkey 6
23:43:59.568 [JavaFX Application Thread] DEBUG Input                - Registered new binding: DIGIT4 - 4
23:43:59.568 [JavaFX Application Thread] DEBUG Input                - Registered new binding: EXCLAMATION_MARK - Exclamation Mark
23:43:59.568 [JavaFX Application Thread] DEBUG Input                - Registered new binding: DIGIT5 - 5
23:43:59.568 [JavaFX Application Thread] DEBUG Input                - Registered new binding: F14 - F14
23:43:59.568 [JavaFX Application Thread] DEBUG Input                - Registered new binding: V - V
23:43:59.568 [JavaFX Application Thread] DEBUG Input                - Registered new binding: REWIND - Rewind
23:43:59.568 [JavaFX Application Thread] DEBUG Input                - Registered new binding: CAPS - Caps Lock
23:43:59.568 [JavaFX Application Thread] DEBUG Input                - Registered new binding: SEMICOLON - Semicolon
23:43:59.568 [JavaFX Application Thread] DEBUG Input                - Registered new binding: C - C
23:43:59.568 [JavaFX Application Thread] DEBUG Input                - Registered new binding: VOLUME_DOWN - Volume Down
23:43:59.568 [JavaFX Application Thread] DEBUG Input                - Registered new binding: NUMPAD9 - Numpad 9
23:43:59.568 [JavaFX Application Thread] DEBUG Input                - Registered new binding: EURO_SIGN - Euro Sign
23:43:59.568 [JavaFX Application Thread] DEBUG Input                - Registered new binding: POUND - Pound
23:43:59.568 [JavaFX Application Thread] DEBUG Input                - Registered new binding: QUOTEDBL - Double Quote
23:43:59.568 [JavaFX Application Thread] DEBUG Input                - Registered new binding: SUBTRACT - Subtract
23:43:59.568 [JavaFX Application Thread] DEBUG Input                - Registered new binding: F12 - F12
23:43:59.568 [JavaFX Application Thread] DEBUG Input                - Registered new binding: DEAD_MACRON - Dead Macron
23:43:59.568 [JavaFX Application Thread] DEBUG Input                - Registered new binding: NUMPAD5 - Numpad 5
23:43:59.568 [JavaFX Application Thread] DEBUG Input                - Registered new binding: X - X
23:43:59.569 [JavaFX Application Thread] DEBUG Input                - Registered new binding: JAPANESE_KATAKANA - Japanese Katakana
23:43:59.569 [JavaFX Application Thread] DEBUG Input                - Registered new binding: CHANNEL_UP - Channel Up
23:43:59.569 [JavaFX Application Thread] DEBUG Input                - Registered new binding: FULL_WIDTH - Full Width
23:43:59.569 [JavaFX Application Thread] DEBUG Input                - Registered new binding: SCROLL_LOCK - Scroll Lock
23:43:59.569 [JavaFX Application Thread] DEBUG Input                - Registered new binding: KP_DOWN - Numpad Down
23:43:59.569 [JavaFX Application Thread] DEBUG Input                - Registered new binding: SEPARATOR - Separator
23:43:59.569 [JavaFX Application Thread] DEBUG Input                - Registered new binding: SOFTKEY_8 - Softkey 8
23:43:59.569 [JavaFX Application Thread] DEBUG Input                - Registered new binding: BACK_QUOTE - Back Quote
23:43:59.569 [JavaFX Application Thread] DEBUG Input                - Registered new binding: GAME_A - Game A
23:43:59.569 [JavaFX Application Thread] DEBUG Input                - Registered new binding: ESCAPE - Esc
23:43:59.569 [JavaFX Application Thread] DEBUG Input                - Registered new binding: TAB - Tab
23:43:59.569 [JavaFX Application Thread] DEBUG Input                - Registered new binding: RECORD - Record
23:43:59.569 [JavaFX Application Thread] DEBUG Input                - Registered new binding: PREVIOUS_CANDIDATE - Previous Candidate
23:43:59.569 [JavaFX Application Thread] DEBUG Input                - Registered new binding: PASTE - Paste
23:43:59.569 [JavaFX Application Thread] DEBUG Input                - Registered new binding: O - O
23:43:59.569 [JavaFX Application Thread] DEBUG Input                - Registered new binding: P - P
23:43:59.569 [JavaFX Application Thread] DEBUG Input                - Registered new binding: F9 - F9
23:43:59.580 [JavaFX Application Thread] DEBUG FXGLAssetLoaderServi - Loading from file system: jar:file:///C:/Users/26303/.m2/repository/com/github/almasb/fxgl/17.3/fxgl-17.3.jar!/fxglassets/textures/fxgl_icon.png
23:43:59.609 [JavaFX Application Thread] DEBUG FXGLAssetLoaderServi - Loading from file system: jar:file:///C:/Users/26303/.m2/repository/com/github/almasb/fxgl/17.3/fxgl-17.3.jar!/fxglassets/textures/fxgl_default_cursor.png
23:43:59.613 [JavaFX Application Thread] DEBUG Input                - Registered new binding: Screenshot - CTRL+8
23:43:59.613 [JavaFX Application Thread] DEBUG Input                - Registered new binding: System info dump - CTRL+9
23:43:59.615 [JavaFX Application Thread] DEBUG Input                - Registered new binding: Restart - CTRL+R
23:43:59.616 [JavaFX Application Thread] DEBUG Input                - Registered new binding: Toggle Debug Camera - CTRL+7
23:43:59.624 [JavaFX Application Thread] DEBUG LoopRunner           - Starting loop
23:43:59.624 [JavaFX Application Thread] DEBUG LoopRunner           - Initializing JavaFX AnimationTimerLoop
23:43:59.629 [JavaFX Application Thread] DEBUG GameApplicationServi - Starting new game
23:43:59.629 [JavaFX Application Thread] DEBUG Input                - Clearing active input actions
23:43:59.637 [JavaFX Application Thread] DEBUG GameApplicationServi - Removing overlay from FXGLStartupScene and adding to FXGLLoadingScene
23:43:59.638 [JavaFX Application Thread] DEBUG EmbeddedPaneWindow   - FXGLStartupScene -> FXGLLoadingScene
23:43:59.638 [JavaFX Application Thread] DEBUG GameApplicationServi - Clearing previous game
23:43:59.638 [JavaFX Application Thread] DEBUG GameScene            - Clearing game scene
23:43:59.638 [JavaFX Application Thread] DEBUG GameWorld            - Clearing game world
23:43:59.638 [JavaFX Application Thread] DEBUG PhysicsWorld         - Clearing physics world
23:43:59.641 [FXGL Background Thread 1 ] DEBUG FXGLApplication      - Initializing game
23:43:59.642 [FXGL Background Thread 1 ] DEBUG FXGLAssetLoaderServi - Clearing assets cache
23:43:59.643 [FXGL Background Thread 1 ] INFO  FXGLApplication      - Game initialization took: 0.002 sec
23:43:59.692 [JavaFX Application Thread] WARN  FXGLAssetLoaderServi - Asset "/assets/ui/fonts/Lato-Bold.ttf" was not found!
23:43:59.692 [JavaFX Application Thread] WARN  FXGLAssetLoaderServi - Failed to load FONT
23:43:59.692 [JavaFX Application Thread] WARN  FXGLAssetLoaderServi - Asset "/assets/ui/fonts/Lato-Bold.ttf" was not found!
23:43:59.692 [JavaFX Application Thread] WARN  FXGLAssetLoaderServi - Failed to load FONT
23:43:59.698 [JavaFX Application Thread] DEBUG Input                - Clearing active input actions
23:43:59.699 [JavaFX Application Thread] DEBUG GameApplicationServi - Removing overlay from FXGLLoadingScene and adding to GameScene
23:43:59.699 [JavaFX Application Thread] DEBUG EmbeddedPaneWindow   - FXGLLoadingScene -> GameScene
23:44:00.241 [FXGL Background Thread 2 ] INFO  UpdaterService       - Your current version:  17.3
23:44:00.241 [FXGL Background Thread 2 ] INFO  UpdaterService       - Latest stable version: 21.1
23:44:00.285 [JavaFX Application Thread] DEBUG LoopRunner           - Stopping loop
23:44:00.286 [JavaFX Application Thread] FATAL FXGLApplication      - Uncaught Exception:
java.lang.IndexOutOfBoundsException: Index 0 out of bounds for length 0
	at java.base/jdk.internal.util.Preconditions.outOfBounds(Preconditions.java:100)
	at java.base/jdk.internal.util.Preconditions.outOfBoundsCheckIndex(Preconditions.java:106)
	at java.base/jdk.internal.util.Preconditions.checkIndex(Preconditions.java:302)
	at java.base/java.util.Objects.checkIndex(Objects.java:385)
	at java.base/java.util.ArrayList.get(ArrayList.java:427)
	at MyTetr/gameScenes.com.Cubicheng.MyTetr.MainMenu.lambda$initUI$3(MainMenu.java:61)
	at javafx.base@21.0.1/com.sun.javafx.event.CompositeEventHandler.dispatchBubblingEvent(CompositeEventHandler.java:86)
	at javafx.base@21.0.1/com.sun.javafx.event.EventHandlerManager.dispatchBubblingEvent(EventHandlerManager.java:232)
	at javafx.base@21.0.1/com.sun.javafx.event.EventHandlerManager.dispatchBubblingEvent(EventHandlerManager.java:189)
	at javafx.base@21.0.1/com.sun.javafx.event.CompositeEventDispatcher.dispatchBubblingEvent(CompositeEventDispatcher.java:59)
	at javafx.base@21.0.1/com.sun.javafx.event.BasicEventDispatcher.dispatchEvent(BasicEventDispatcher.java:58)
	at javafx.base@21.0.1/com.sun.javafx.event.EventDispatchChainImpl.dispatchEvent(EventDispatchChainImpl.java:114)
	at javafx.base@21.0.1/com.sun.javafx.event.BasicEventDispatcher.dispatchEvent(BasicEventDispatcher.java:56)
	at javafx.base@21.0.1/com.sun.javafx.event.EventDispatchChainImpl.dispatchEvent(EventDispatchChainImpl.java:114)
	at javafx.base@21.0.1/com.sun.javafx.event.BasicEventDispatcher.dispatchEvent(BasicEventDispatcher.java:56)
	at javafx.base@21.0.1/com.sun.javafx.event.EventDispatchChainImpl.dispatchEvent(EventDispatchChainImpl.java:114)
	at javafx.base@21.0.1/com.sun.javafx.event.EventUtil.fireEventImpl(EventUtil.java:74)
	at javafx.base@21.0.1/com.sun.javafx.event.EventUtil.fireEvent(EventUtil.java:54)
	at javafx.base@21.0.1/javafx.event.Event.fireEvent(Event.java:198)
	at javafx.base@21.0.1/com.sun.javafx.event.EventQueue.fire(EventQueue.java:48)
	at javafx.graphics@21.0.1/javafx.scene.Scene$MouseHandler.handleEnterExit(Scene.java:3898)
	at javafx.graphics@21.0.1/javafx.scene.Scene$MouseHandler.process(Scene.java:3969)
	at javafx.graphics@21.0.1/javafx.scene.Scene.processMouseEvent(Scene.java:1890)
	at javafx.graphics@21.0.1/javafx.scene.Scene$ScenePeerListener.mouseEvent(Scene.java:2708)
	at javafx.graphics@21.0.1/com.sun.javafx.tk.quantum.GlassViewEventHandler$MouseEventNotification.run(GlassViewEventHandler.java:411)
	at javafx.graphics@21.0.1/com.sun.javafx.tk.quantum.GlassViewEventHandler$MouseEventNotification.run(GlassViewEventHandler.java:301)
	at java.base/java.security.AccessController.doPrivileged(AccessController.java:400)
	at javafx.graphics@21.0.1/com.sun.javafx.tk.quantum.GlassViewEventHandler.lambda$handleMouseEvent$2(GlassViewEventHandler.java:450)
	at javafx.graphics@21.0.1/com.sun.javafx.tk.quantum.QuantumToolkit.runWithoutRenderLock(QuantumToolkit.java:424)
	at javafx.graphics@21.0.1/com.sun.javafx.tk.quantum.GlassViewEventHandler.handleMouseEvent(GlassViewEventHandler.java:449)
	at javafx.graphics@21.0.1/com.sun.glass.ui.View.handleMouseEvent(View.java:551)
	at javafx.graphics@21.0.1/com.sun.glass.ui.View.notifyMouse(View.java:937)
	at javafx.graphics@21.0.1/com.sun.glass.ui.win.WinApplication._runLoop(Native Method)
	at javafx.graphics@21.0.1/com.sun.glass.ui.win.WinApplication.lambda$runLoop$3(WinApplication.java:185)
	at java.base/java.lang.Thread.run(Thread.java:1583)

23:44:00.286 [JavaFX Application Thread] FATAL FXGLApplication      - Application will now exit
23:44:00.298 [JavaFX Application Thread] DEBUG EmbeddedPaneWindow   - Push state: ErrorSubScene
23:44:00.298 [JavaFX Application Thread] DEBUG Input                - Clearing active input actions
23:44:00.301 [JavaFX Application Thread] DEBUG GameApplicationServi - Removing overlay from GameScene and adding to ErrorSubScene
23:44:00.301 [JavaFX Application Thread] DEBUG EmbeddedPaneWindow   - GameScene -> ErrorSubScene
23:44:02.500 [FXGL Background Thread 3 ] DEBUG Engine               - Logging environment variables
23:44:02.500 [FXGL Background Thread 3 ] DEBUG Engine               - achievements: []
23:44:02.500 [FXGL Background Thread 3 ] DEBUG Engine               - actualHeight: 960.0
23:44:02.501 [FXGL Background Thread 3 ] DEBUG Engine               - actualHeightProperty: ReadOnlyDoubleProperty [value: 960.0]
23:44:02.501 [FXGL Background Thread 3 ] DEBUG Engine               - actualWidth: 1440.0
23:44:02.501 [FXGL Background Thread 3 ] DEBUG Engine               - actualWidthProperty: ReadOnlyDoubleProperty [value: 1440.0]
23:44:02.501 [FXGL Background Thread 3 ] DEBUG Engine               - appIcon: fxgl_icon.png
23:44:02.501 [FXGL Background Thread 3 ] DEBUG Engine               - applicationMode: DEVELOPER
23:44:02.501 [FXGL Background Thread 3 ] DEBUG Engine               - cSSList: [fxgl_dark.css]
23:44:02.501 [FXGL Background Thread 3 ] DEBUG Engine               - collisionDetectionStrategy: BRUTE_FORCE
23:44:02.501 [FXGL Background Thread 3 ] DEBUG Engine               - configClass: Optional.empty
23:44:02.501 [FXGL Background Thread 3 ] DEBUG Engine               - credits: []
23:44:02.502 [FXGL Background Thread 3 ] DEBUG Engine               - defaultCursor: CursorInfo(imageName=fxgl_default_cursor.png, hotspotX=7.0, hotspotY=6.0)
23:44:02.502 [FXGL Background Thread 3 ] DEBUG Engine               - devBBoxColorProperty: ObjectProperty [value: 0xff0000ff]
23:44:02.502 [FXGL Background Thread 3 ] DEBUG Engine               - devEnableDebugCameraProperty: BooleanProperty [value: false]
23:44:02.502 [FXGL Background Thread 3 ] DEBUG Engine               - devSensorColorProperty: ObjectProperty [value: 0xffff00ff]
23:44:02.502 [FXGL Background Thread 3 ] DEBUG Engine               - devShowBBoxProperty: BooleanProperty [value: false]
23:44:02.502 [FXGL Background Thread 3 ] DEBUG Engine               - devShowPositionProperty: BooleanProperty [value: false]
23:44:02.502 [FXGL Background Thread 3 ] DEBUG Engine               - enabledMenuItems: []
23:44:02.502 [FXGL Background Thread 3 ] DEBUG Engine               - engineServices: [class com.almasb.fxgl.app.services.FXGLAssetLoaderService, class com.almasb.fxgl.app.FXGLApplication$GameApplicationService, class com.almasb.fxgl.app.services.FXGLDialogService, class com.almasb.fxgl.app.services.IOTaskExecutorService, class com.almasb.fxgl.io.FileSystemService, class com.almasb.fxgl.localization.LocalizationService, class com.almasb.fxgl.app.services.SystemBundleService, class com.almasb.fxgl.profile.SaveLoadService, class com.almasb.fxgl.ui.FXGLUIFactoryServiceProvider, class com.almasb.fxgl.ui.FXGLDialogFactoryServiceProvider, class com.almasb.fxgl.audio.AudioPlayer, class com.almasb.fxgl.notification.impl.NotificationServiceProvider, class com.almasb.fxgl.achievement.AchievementService, class com.almasb.fxgl.cutscene.CutsceneService, class com.almasb.fxgl.minigames.MiniGameService, class com.almasb.fxgl.net.NetService, class com.almasb.fxgl.app.services.UpdaterService, class com.almasb.fxgl.dev.DevService]
23:44:02.502 [FXGL Background Thread 3 ] DEBUG Engine               - fontGame: Abel-Regular.ttf
23:44:02.502 [FXGL Background Thread 3 ] DEBUG Engine               - fontMono: TerminalLandMono-Regular.otf
23:44:02.502 [FXGL Background Thread 3 ] DEBUG Engine               - fontSizeScaleUI: 1.0
23:44:02.502 [FXGL Background Thread 3 ] DEBUG Engine               - fontText: Courier-Prime.ttf
23:44:02.502 [FXGL Background Thread 3 ] DEBUG Engine               - fontUI: BlackOpsOne-Regular.ttf
23:44:02.502 [FXGL Background Thread 3 ] DEBUG Engine               - fullScreen: BooleanProperty [value: false]
23:44:02.503 [FXGL Background Thread 3 ] DEBUG Engine               - gameDifficulty: MEDIUM
23:44:02.503 [FXGL Background Thread 3 ] DEBUG Engine               - gameDifficultyProperty: ObjectProperty [value: MEDIUM]
23:44:02.503 [FXGL Background Thread 3 ] DEBUG Engine               - globalMusicVolume: 0.5
23:44:02.503 [FXGL Background Thread 3 ] DEBUG Engine               - globalMusicVolumeProperty: DoubleProperty [value: 0.5]
23:44:02.503 [FXGL Background Thread 3 ] DEBUG Engine               - globalSoundVolume: 0.5
23:44:02.503 [FXGL Background Thread 3 ] DEBUG Engine               - globalSoundVolumeProperty: DoubleProperty [value: 0.5]
23:44:02.503 [FXGL Background Thread 3 ] DEBUG Engine               - height: 1000
23:44:02.503 [FXGL Background Thread 3 ] DEBUG Engine               - is3D: false
23:44:02.503 [FXGL Background Thread 3 ] DEBUG Engine               - isAndroid: false
23:44:02.503 [FXGL Background Thread 3 ] DEBUG Engine               - isBrowser: false
23:44:02.503 [FXGL Background Thread 3 ] DEBUG Engine               - isClickFeedbackEnabled: false
23:44:02.503 [FXGL Background Thread 3 ] DEBUG Engine               - isCloseConfirmation: false
23:44:02.503 [FXGL Background Thread 3 ] DEBUG Engine               - isDesktop: true
23:44:02.503 [FXGL Background Thread 3 ] DEBUG Engine               - isDeveloperMenuEnabled: false
23:44:02.503 [FXGL Background Thread 3 ] DEBUG Engine               - isEmbedded: false
23:44:02.503 [FXGL Background Thread 3 ] DEBUG Engine               - isEntityPreloadEnabled: true
23:44:02.503 [FXGL Background Thread 3 ] DEBUG Engine               - isExperimentalTiledLargeMap: false
23:44:02.503 [FXGL Background Thread 3 ] DEBUG Engine               - isFileSystemWriteAllowed: true
23:44:02.503 [FXGL Background Thread 3 ] DEBUG Engine               - isFullScreenAllowed: false
23:44:02.503 [FXGL Background Thread 3 ] DEBUG Engine               - isFullScreenFromStart: false
23:44:02.503 [FXGL Background Thread 3 ] DEBUG Engine               - isGameMenuEnabled: false
23:44:02.503 [FXGL Background Thread 3 ] DEBUG Engine               - isIOS: false
23:44:02.503 [FXGL Background Thread 3 ] DEBUG Engine               - isIntroEnabled: false
23:44:02.503 [FXGL Background Thread 3 ] DEBUG Engine               - isLinux: false
23:44:02.503 [FXGL Background Thread 3 ] DEBUG Engine               - isMac: false
23:44:02.503 [FXGL Background Thread 3 ] DEBUG Engine               - isMainMenuEnabled: false
23:44:02.503 [FXGL Background Thread 3 ] DEBUG Engine               - isManualResizeEnabled: false
23:44:02.503 [FXGL Background Thread 3 ] DEBUG Engine               - isMobile: false
23:44:02.503 [FXGL Background Thread 3 ] DEBUG Engine               - isNative: false
23:44:02.503 [FXGL Background Thread 3 ] DEBUG Engine               - isPauseMusicWhenMinimized: true
23:44:02.503 [FXGL Background Thread 3 ] DEBUG Engine               - isPreserveResizeRatio: false
23:44:02.503 [FXGL Background Thread 3 ] DEBUG Engine               - isProfilingEnabled: false
23:44:02.503 [FXGL Background Thread 3 ] DEBUG Engine               - isScaleAffectedOnResize: true
23:44:02.503 [FXGL Background Thread 3 ] DEBUG Engine               - isSingleStep: false
23:44:02.503 [FXGL Background Thread 3 ] DEBUG Engine               - isUserProfileEnabled: false
23:44:02.503 [FXGL Background Thread 3 ] DEBUG Engine               - isWindows: true
23:44:02.503 [FXGL Background Thread 3 ] DEBUG Engine               - language: ObjectProperty [value: ENGLISH]
23:44:02.503 [FXGL Background Thread 3 ] DEBUG Engine               - menuKey: ESCAPE
23:44:02.503 [FXGL Background Thread 3 ] DEBUG Engine               - mouseSensitivity: 0.2
23:44:02.503 [FXGL Background Thread 3 ] DEBUG Engine               - notificationViewClass: class com.almasb.fxgl.notification.view.XboxNotificationView
23:44:02.503 [FXGL Background Thread 3 ] DEBUG Engine               - pixelsPerMeter: 50.0
23:44:02.503 [FXGL Background Thread 3 ] DEBUG Engine               - platform: WINDOWS
23:44:02.503 [FXGL Background Thread 3 ] DEBUG Engine               - prefHeightProperty: ReadOnlyDoubleProperty [value: 1000.0]
23:44:02.503 [FXGL Background Thread 3 ] DEBUG Engine               - prefWidthProperty: ReadOnlyDoubleProperty [value: 1500.0]
23:44:02.503 [FXGL Background Thread 3 ] DEBUG Engine               - profileDir: profiles/
23:44:02.503 [FXGL Background Thread 3 ] DEBUG Engine               - profileName: StringProperty [value: DEFAULT]
23:44:02.503 [FXGL Background Thread 3 ] DEBUG Engine               - randomSeed: -1
23:44:02.504 [FXGL Background Thread 3 ] DEBUG Engine               - runtimeInfo: RuntimeInfo(platform=WINDOWS, version=17.3, build=30.03.2023 11.49)
23:44:02.504 [FXGL Background Thread 3 ] DEBUG Engine               - saveFileExt: sav
23:44:02.504 [FXGL Background Thread 3 ] DEBUG Engine               - scaledHeightProp$fxgl: DoubleProperty [bound, value: 960.0]
23:44:02.504 [FXGL Background Thread 3 ] DEBUG Engine               - scaledWidthProp$fxgl: DoubleProperty [bound, value: 1440.0]
23:44:02.504 [FXGL Background Thread 3 ] DEBUG Engine               - sceneFactory: com.almasb.fxgl.app.scene.SceneFactory@3723bdd4
23:44:02.504 [FXGL Background Thread 3 ] DEBUG Engine               - secondsIn24h: 60
23:44:02.504 [FXGL Background Thread 3 ] DEBUG Engine               - soundMenuBack: menu/back.wav
23:44:02.504 [FXGL Background Thread 3 ] DEBUG Engine               - soundMenuPress: menu/press.wav
23:44:02.504 [FXGL Background Thread 3 ] DEBUG Engine               - soundMenuSelect: menu/select.wav
23:44:02.504 [FXGL Background Thread 3 ] DEBUG Engine               - soundNotification: core/notification.wav
23:44:02.504 [FXGL Background Thread 3 ] DEBUG Engine               - stageStyle: DECORATED
23:44:02.504 [FXGL Background Thread 3 ] DEBUG Engine               - supportedLanguages: [ENGLISH, FRENCH, GERMAN, HUNGARIAN, RUSSIAN]
23:44:02.504 [FXGL Background Thread 3 ] DEBUG Engine               - ticksPerSecond: -1
23:44:02.504 [FXGL Background Thread 3 ] DEBUG Engine               - title: Demo
23:44:02.504 [FXGL Background Thread 3 ] DEBUG Engine               - urlGithub: https://github.com/AlmasB/FXGL
23:44:02.504 [FXGL Background Thread 3 ] DEBUG Engine               - urlLeaderboard: http://fxgl-top.herokuapp.com/
23:44:02.504 [FXGL Background Thread 3 ] DEBUG Engine               - urlPOM: https://raw.githubusercontent.com/AlmasB/FXGL/release/README.md
23:44:02.504 [FXGL Background Thread 3 ] DEBUG Engine               - userAppClass: class com.Cubicheng.MyTetr.GameApp
23:44:02.504 [FXGL Background Thread 3 ] DEBUG Engine               - version: 0.0
23:44:02.504 [FXGL Background Thread 3 ] DEBUG Engine               - versionCheckDays: 7
23:44:02.504 [FXGL Background Thread 3 ] DEBUG Engine               - width: 1500
23:44:02.504 [FXGL Background Thread 3 ] DEBUG Engine               - Logging services
23:44:02.504 [FXGL Background Thread 3 ] DEBUG Engine               - class com.almasb.fxgl.app.services.FXGLAssetLoaderService
23:44:02.504 [FXGL Background Thread 3 ] DEBUG Engine               - class com.almasb.fxgl.app.FXGLApplication$GameApplicationService
23:44:02.504 [FXGL Background Thread 3 ] DEBUG Engine               - class com.almasb.fxgl.app.services.FXGLDialogService
23:44:02.504 [FXGL Background Thread 3 ] DEBUG Engine               - class com.almasb.fxgl.app.services.IOTaskExecutorService
23:44:02.504 [FXGL Background Thread 3 ] DEBUG Engine               - class com.almasb.fxgl.io.FileSystemService
23:44:02.504 [FXGL Background Thread 3 ] DEBUG Engine               - class com.almasb.fxgl.localization.LocalizationService
23:44:02.504 [FXGL Background Thread 3 ] DEBUG Engine               - class com.almasb.fxgl.app.services.SystemBundleService
23:44:02.504 [FXGL Background Thread 3 ] DEBUG Engine               - class com.almasb.fxgl.profile.SaveLoadService
23:44:02.504 [FXGL Background Thread 3 ] DEBUG Engine               - class com.almasb.fxgl.ui.FXGLUIFactoryServiceProvider
23:44:02.504 [FXGL Background Thread 3 ] DEBUG Engine               - class com.almasb.fxgl.ui.FXGLDialogFactoryServiceProvider
23:44:02.504 [FXGL Background Thread 3 ] DEBUG Engine               - class com.almasb.fxgl.audio.AudioPlayer
23:44:02.504 [FXGL Background Thread 3 ] DEBUG Engine               - class com.almasb.fxgl.notification.impl.NotificationServiceProvider
23:44:02.504 [FXGL Background Thread 3 ] DEBUG Engine               - class com.almasb.fxgl.achievement.AchievementService
23:44:02.504 [FXGL Background Thread 3 ] DEBUG Engine               - class com.almasb.fxgl.cutscene.CutsceneService
23:44:02.504 [FXGL Background Thread 3 ] DEBUG Engine               - class com.almasb.fxgl.minigames.MiniGameService
23:44:02.504 [FXGL Background Thread 3 ] DEBUG Engine               - class com.almasb.fxgl.net.NetService
23:44:02.504 [FXGL Background Thread 3 ] DEBUG Engine               - class com.almasb.fxgl.app.services.UpdaterService
23:44:02.504 [FXGL Background Thread 3 ] DEBUG Engine               - class com.almasb.fxgl.dev.DevService
23:44:02.507 [JavaFX Application Thread] DEBUG FXGLApplication      - Exiting FXGL
23:44:02.507 [JavaFX Application Thread] DEBUG Async                - Shutting down background threads
23:44:02.507 [JavaFX Application Thread] DEBUG Logger               - Closing Logger
