10:57:15.109 [JavaFX Application Thread] DEBUG Logger               - Configured Logger
10:57:15.120 [JavaFX Application Thread] DEBUG GameApplication      - Logging settings
Title: Demo
Version: 0.0
Width: 1500
Height: 1000
Fullscreen: false
Intro: false
Profiling: false
Single step:false
App Mode: DEVELOPER
Menu Key: ESCAPE
Stage Style: DECORATED
Scene Factory: class com.almasb.fxgl.app.scene.SceneFactory

10:57:15.123 [JavaFX Application Thread] DEBUG FXGLApplication      - Initializing FXGL
10:57:15.126 [JavaFX Application Thread] INFO  Engine               - FXGL-17.3 (30.03.2023 11.49) on WINDOWS (J:21.0.4 FX:21.0.1)
10:57:15.126 [JavaFX Application Thread] DEBUG Engine               - JRE Vendor Name: Oracle Corporation
10:57:15.126 [JavaFX Application Thread] DEBUG Engine               - Running on OS: Windows 11 version 10.0
10:57:15.126 [JavaFX Application Thread] DEBUG Engine               - Architecture: amd64
10:57:15.126 [JavaFX Application Thread] INFO  Engine               - Source code and latest versions at: https://github.com/AlmasB/FXGL
10:57:15.126 [JavaFX Application Thread] INFO  Engine               -       Ask questions and discuss at: https://github.com/AlmasB/FXGL/discussions
10:57:15.126 [JavaFX Application Thread] INFO  Engine               -              Join the FXGL chat at: https://gitter.im/AlmasB/FXGL
10:57:15.163 [JavaFX Application Thread] DEBUG EmbeddedPaneWindow   - Target settings size: 1500.0 x 1000.0
10:57:15.163 [JavaFX Application Thread] DEBUG EmbeddedPaneWindow   - Scaled scene size:    1500.0 x 1000.0
10:57:15.163 [JavaFX Application Thread] DEBUG EmbeddedPaneWindow   - Scaled ratio: (1.0, 1.0)
10:57:15.165 [JavaFX Application Thread] DEBUG EmbeddedPaneWindow   - Set initial scene to FXGLStartupScene
10:57:15.166 [JavaFX Application Thread] DEBUG EmbeddedPaneWindow   - Opening embedded window
10:57:15.166 [JavaFX Application Thread] DEBUG EmbeddedPaneWindow   - Window border size: (0, 0)
10:57:15.166 [JavaFX Application Thread] DEBUG EmbeddedPaneWindow   - Scaled size: 1500.0 x 1000.0
10:57:15.166 [JavaFX Application Thread] DEBUG EmbeddedPaneWindow   - Scaled ratio: (1.0, 1.0)
10:57:15.171 [FXGL Background Thread 1 ] DEBUG Engine               - Initializing environment variables
10:57:15.200 [FXGL Background Thread 1 ] DEBUG FXGLAssetLoaderServi - User app class for loading assets: class com.Cubicheng.MyTetr.GameApp
10:57:15.200 [FXGL Background Thread 1 ] DEBUG GameApplicationServi - Applying CSS: fxgl_dark.css
10:57:15.202 [FXGL Background Thread 1 ] DEBUG FXGLAssetLoaderServi - Loading from file system: jar:file:///C:/Users/26303/.m2/repository/com/github/almasb/fxgl/17.3/fxgl-17.3.jar!/fxglassets/ui/css/fxgl_dark.css
10:57:15.221 [FXGL Background Thread 1 ] DEBUG GameApplicationServi - Initializing application scenes
10:57:15.263 [FXGL Background Thread 1 ] DEBUG GameWorld            - Game world initialized
10:57:15.296 [FXGL Background Thread 1 ] DEBUG PhysicsWorld         - Physics world initialized: appHeight=1000, physics.ppm=50.0
10:57:15.296 [FXGL Background Thread 1 ] DEBUG PhysicsWorld         - Using strategy: BRUTE_FORCE
10:57:15.299 [FXGL Background Thread 1 ] DEBUG GameScene            - Game scene initialized: 1500x1000
10:57:15.299 [FXGL Background Thread 1 ] DEBUG GameApplicationServi - Application scenes initialized
10:57:15.310 [FXGL Background Thread 1 ] DEBUG SystemBundleService  - Loading FXGL system data
10:57:15.312 [FXGL Background Thread 1 ] WARN  SystemBundleService  - Failed to load: java.io.FileNotFoundException: D:\IDEA Workspace\MyTetr\system\fxgl.bundle (系统找不到指定的文件。)
10:57:15.312 [FXGL Background Thread 1 ] DEBUG SystemBundleService  - Loading default FXGL system data
10:57:15.313 [FXGL Background Thread 1 ] DEBUG UpdaterService       - Checking for updates
10:57:15.318 [FXGL Background Thread 4 ] DEBUG FXGLApplication      - Loading fonts
10:57:15.319 [FXGL Background Thread 4 ] WARN  FXGLAssetLoaderServi - Asset "/assets/ui/fonts/BlackOpsOne-Regular.ttf" was not found!
10:57:15.319 [FXGL Background Thread 4 ] WARN  FXGLAssetLoaderServi - Failed to load FONT
10:57:15.319 [FXGL Background Thread 4 ] DEBUG FXGLAssetLoaderServi - Loading from file system: jar:file:///C:/Users/26303/.m2/repository/com/github/almasb/fxgl/17.3/fxgl-17.3.jar!/fxglassets/ui/fonts/Abel-Regular.ttf
10:57:15.320 [FXGL Background Thread 1 ] DEBUG FXGLApplication      - Loading default localization
10:57:15.320 [FXGL Background Thread 1 ] DEBUG FXGLAssetLoaderServi - Loading from file system: jar:file:///C:/Users/26303/.m2/repository/com/github/almasb/fxgl/17.3/fxgl-17.3.jar!/fxglassets/languages/english.lang
10:57:15.347 [FXGL Background Thread 4 ] DEBUG FXGLAssetLoaderServi - Loading from file system: jar:file:///C:/Users/26303/.m2/repository/com/github/almasb/fxgl/17.3/fxgl-17.3.jar!/fxglassets/ui/fonts/TerminalLandMono-Regular.otf
10:57:15.351 [FXGL Background Thread 4 ] DEBUG FXGLAssetLoaderServi - Loading from file system: jar:file:///C:/Users/26303/.m2/repository/com/github/almasb/fxgl/17.3/fxgl-17.3.jar!/fxglassets/ui/fonts/Courier-Prime.ttf
10:57:15.358 [JavaFX Application Thread] DEBUG FXGLApplication      - Registering font factories with UI factory
10:57:15.368 [FXGL Background Thread 1 ] INFO  FXGLApplication      - FXGL initialization took: 0.197 sec
10:57:15.375 [JavaFX Application Thread] DEBUG Input                - Registered new binding: TAB - Tab
10:57:15.375 [JavaFX Application Thread] DEBUG Input                - Registered new binding: DIGIT9 - 9
10:57:15.375 [JavaFX Application Thread] DEBUG Input                - Registered new binding: NUMPAD2 - Numpad 2
10:57:15.375 [JavaFX Application Thread] DEBUG Input                - Registered new binding: NUMPAD7 - Numpad 7
10:57:15.375 [JavaFX Application Thread] DEBUG Input                - Registered new binding: DEAD_CIRCUMFLEX - Dead Circumflex
10:57:15.376 [JavaFX Application Thread] DEBUG Input                - Registered new binding: DIGIT1 - 1
10:57:15.376 [JavaFX Application Thread] DEBUG Input                - Registered new binding: DEAD_BREVE - Dead Breve
10:57:15.376 [JavaFX Application Thread] DEBUG Input                - Registered new binding: POUND - Pound
10:57:15.376 [JavaFX Application Thread] DEBUG Input                - Registered new binding: EXCLAMATION_MARK - Exclamation Mark
10:57:15.376 [JavaFX Application Thread] DEBUG Input                - Registered new binding: GAME_D - Game D
10:57:15.376 [JavaFX Application Thread] DEBUG Input                - Registered new binding: K - K
10:57:15.376 [JavaFX Application Thread] DEBUG Input                - Registered new binding: SOFTKEY_4 - Softkey 4
10:57:15.376 [JavaFX Application Thread] DEBUG Input                - Registered new binding: SEMICOLON - Semicolon
10:57:15.376 [JavaFX Application Thread] DEBUG Input                - Registered new binding: F20 - F20
10:57:15.376 [JavaFX Application Thread] DEBUG Input                - Registered new binding: SEPARATOR - Separator
10:57:15.376 [JavaFX Application Thread] DEBUG Input                - Registered new binding: AGAIN - Again
10:57:15.376 [JavaFX Application Thread] DEBUG Input                - Registered new binding: DIGIT7 - 7
10:57:15.376 [JavaFX Application Thread] DEBUG Input                - Registered new binding: NUMPAD0 - Numpad 0
10:57:15.376 [JavaFX Application Thread] DEBUG Input                - Registered new binding: UNDERSCORE - Underscore
10:57:15.376 [JavaFX Application Thread] DEBUG Input                - Registered new binding: DIGIT6 - 6
10:57:15.376 [JavaFX Application Thread] DEBUG Input                - Registered new binding: JAPANESE_HIRAGANA - Japanese Hiragana
10:57:15.376 [JavaFX Application Thread] DEBUG Input                - Registered new binding: ROMAN_CHARACTERS - Roman Characters
10:57:15.376 [JavaFX Application Thread] DEBUG Input                - Registered new binding: END - End
10:57:15.377 [JavaFX Application Thread] DEBUG Input                - Registered new binding: PREVIOUS_CANDIDATE - Previous Candidate
10:57:15.377 [JavaFX Application Thread] DEBUG Input                - Registered new binding: ALL_CANDIDATES - All Candidates
10:57:15.377 [JavaFX Application Thread] DEBUG Input                - Registered new binding: F11 - F11
10:57:15.377 [JavaFX Application Thread] DEBUG Input                - Registered new binding: F3 - F3
10:57:15.377 [JavaFX Application Thread] DEBUG Input                - Registered new binding: BACK_SPACE - Backspace
10:57:15.377 [JavaFX Application Thread] DEBUG Input                - Registered new binding: AMPERSAND - Ampersand
10:57:15.377 [JavaFX Application Thread] DEBUG Input                - Registered new binding: VOLUME_UP - Volume Up
10:57:15.377 [JavaFX Application Thread] DEBUG Input                - Registered new binding: C - C
10:57:15.377 [JavaFX Application Thread] DEBUG Input                - Registered new binding: PLAY - Play
10:57:15.377 [JavaFX Application Thread] DEBUG Input                - Registered new binding: DEAD_ACUTE - Dead Acute
10:57:15.377 [JavaFX Application Thread] DEBUG Input                - Registered new binding: NUMPAD8 - Numpad 8
10:57:15.377 [JavaFX Application Thread] DEBUG Input                - Registered new binding: NUMPAD3 - Numpad 3
10:57:15.377 [JavaFX Application Thread] DEBUG Input                - Registered new binding: TRACK_PREV - Previous Track
10:57:15.377 [JavaFX Application Thread] DEBUG Input                - Registered new binding: ADD - Add
10:57:15.377 [JavaFX Application Thread] DEBUG Input                - Registered new binding: SOFTKEY_5 - Softkey 5
10:57:15.377 [JavaFX Application Thread] DEBUG Input                - Registered new binding: F2 - F2
10:57:15.377 [JavaFX Application Thread] DEBUG Input                - Registered new binding: Y - Y
10:57:15.377 [JavaFX Application Thread] DEBUG Input                - Registered new binding: NUMPAD1 - Numpad 1
10:57:15.377 [JavaFX Application Thread] DEBUG Input                - Registered new binding: V - V
10:57:15.377 [JavaFX Application Thread] DEBUG Input                - Registered new binding: F6 - F6
10:57:15.377 [JavaFX Application Thread] DEBUG Input                - Registered new binding: DEAD_MACRON - Dead Macron
10:57:15.377 [JavaFX Application Thread] DEBUG Input                - Registered new binding: CLEAR - Clear
10:57:15.377 [JavaFX Application Thread] DEBUG Input                - Registered new binding: ENTER - Enter
10:57:15.377 [JavaFX Application Thread] DEBUG Input                - Registered new binding: CHANNEL_UP - Channel Up
10:57:15.377 [JavaFX Application Thread] DEBUG Input                - Registered new binding: STAR - Star
10:57:15.377 [JavaFX Application Thread] DEBUG Input                - Registered new binding: MODECHANGE - Mode Change
10:57:15.378 [JavaFX Application Thread] DEBUG Input                - Registered new binding: DOWN - Down
10:57:15.378 [JavaFX Application Thread] DEBUG Input                - Registered new binding: X - X
10:57:15.378 [JavaFX Application Thread] DEBUG Input                - Registered new binding: RIGHT_PARENTHESIS - Right Parenthesis
10:57:15.378 [JavaFX Application Thread] DEBUG Input                - Registered new binding: KP_RIGHT - Numpad Right
10:57:15.378 [JavaFX Application Thread] DEBUG Input                - Registered new binding: DIVIDE - Divide
10:57:15.378 [JavaFX Application Thread] DEBUG Input                - Registered new binding: HALF_WIDTH - Half Width
10:57:15.378 [JavaFX Application Thread] DEBUG Input                - Registered new binding: COLON - Colon
10:57:15.378 [JavaFX Application Thread] DEBUG Input                - Registered new binding: F22 - F22
10:57:15.378 [JavaFX Application Thread] DEBUG Input                - Registered new binding: COMMA - Comma
10:57:15.378 [JavaFX Application Thread] DEBUG Input                - Registered new binding: COLORED_KEY_3 - Colored Key 3
10:57:15.378 [JavaFX Application Thread] DEBUG Input                - Registered new binding: A - A
10:57:15.378 [JavaFX Application Thread] DEBUG Input                - Registered new binding: DEAD_DIAERESIS - Dead Diaeresis
10:57:15.378 [JavaFX Application Thread] DEBUG Input                - Registered new binding: B - B
10:57:15.378 [JavaFX Application Thread] DEBUG Input                - Registered new binding: COLORED_KEY_2 - Colored Key 2
10:57:15.378 [JavaFX Application Thread] DEBUG Input                - Registered new binding: TRACK_NEXT - Next Track
10:57:15.378 [JavaFX Application Thread] DEBUG Input                - Registered new binding: F4 - F4
10:57:15.378 [JavaFX Application Thread] DEBUG Input                - Registered new binding: NUM_LOCK - Num Lock
10:57:15.378 [JavaFX Application Thread] DEBUG Input                - Registered new binding: HIRAGANA - Hiragana
10:57:15.378 [JavaFX Application Thread] DEBUG Input                - Registered new binding: ALPHANUMERIC - Alphanumeric
10:57:15.378 [JavaFX Application Thread] DEBUG Input                - Registered new binding: KP_UP - Numpad Up
10:57:15.378 [JavaFX Application Thread] DEBUG Input                - Registered new binding: DIGIT2 - 2
10:57:15.378 [JavaFX Application Thread] DEBUG Input                - Registered new binding: R - R
10:57:15.378 [JavaFX Application Thread] DEBUG Input                - Registered new binding: SUBTRACT - Subtract
10:57:15.378 [JavaFX Application Thread] DEBUG Input                - Registered new binding: COPY - Copy
10:57:15.378 [JavaFX Application Thread] DEBUG Input                - Registered new binding: DIGIT5 - 5
10:57:15.379 [JavaFX Application Thread] DEBUG Input                - Registered new binding: F12 - F12
10:57:15.379 [JavaFX Application Thread] DEBUG Input                - Registered new binding: EJECT_TOGGLE - Eject
10:57:15.379 [JavaFX Application Thread] DEBUG Input                - Registered new binding: CHANNEL_DOWN - Channel Down
10:57:15.379 [JavaFX Application Thread] DEBUG Input                - Registered new binding: PRINTSCREEN - Print Screen
10:57:15.379 [JavaFX Application Thread] DEBUG Input                - Registered new binding: UNDEFINED - Undefined
10:57:15.379 [JavaFX Application Thread] DEBUG Input                - Registered new binding: COLORED_KEY_1 - Colored Key 1
10:57:15.379 [JavaFX Application Thread] DEBUG Input                - Registered new binding: F18 - F18
10:57:15.379 [JavaFX Application Thread] DEBUG Input                - Registered new binding: VOLUME_DOWN - Volume Down
10:57:15.379 [JavaFX Application Thread] DEBUG Input                - Registered new binding: GREATER - Greater
10:57:15.379 [JavaFX Application Thread] DEBUG Input                - Registered new binding: PAGE_UP - Page Up
10:57:15.379 [JavaFX Application Thread] DEBUG Input                - Registered new binding: PASTE - Paste
10:57:15.379 [JavaFX Application Thread] DEBUG Input                - Registered new binding: STOP - Stop
10:57:15.379 [JavaFX Application Thread] DEBUG Input                - Registered new binding: GAME_B - Game B
10:57:15.379 [JavaFX Application Thread] DEBUG Input                - Registered new binding: POWER - Power
10:57:15.379 [JavaFX Application Thread] DEBUG Input                - Registered new binding: G - G
10:57:15.379 [JavaFX Application Thread] DEBUG Input                - Registered new binding: F10 - F10
10:57:15.379 [JavaFX Application Thread] DEBUG Input                - Registered new binding: KANJI - Kanji
10:57:15.379 [JavaFX Application Thread] DEBUG Input                - Registered new binding: SOFTKEY_8 - Softkey 8
10:57:15.380 [JavaFX Application Thread] DEBUG Input                - Registered new binding: KP_LEFT - Numpad Left
10:57:15.380 [JavaFX Application Thread] DEBUG Input                - Registered new binding: F24 - F24
10:57:15.380 [JavaFX Application Thread] DEBUG Input                - Registered new binding: DEAD_GRAVE - Dead Grave
10:57:15.380 [JavaFX Application Thread] DEBUG Input                - Registered new binding: DEAD_VOICED_SOUND - Dead Voiced Sound
10:57:15.380 [JavaFX Application Thread] DEBUG Input                - Registered new binding: BACK_QUOTE - Back Quote
10:57:15.380 [JavaFX Application Thread] DEBUG Input                - Registered new binding: CODE_INPUT - Code Input
10:57:15.380 [JavaFX Application Thread] DEBUG Input                - Registered new binding: NUMBER_SIGN - Number Sign
10:57:15.380 [JavaFX Application Thread] DEBUG Input                - Registered new binding: QUOTEDBL - Double Quote
10:57:15.380 [JavaFX Application Thread] DEBUG Input                - Registered new binding: N - N
10:57:15.380 [JavaFX Application Thread] DEBUG Input                - Registered new binding: SOFTKEY_3 - Softkey 3
10:57:15.380 [JavaFX Application Thread] DEBUG Input                - Registered new binding: CONTEXT_MENU - Context Menu
10:57:15.380 [JavaFX Application Thread] DEBUG Input                - Registered new binding: FINAL - Final
10:57:15.380 [JavaFX Application Thread] DEBUG Input                - Registered new binding: FULL_WIDTH - Full Width
10:57:15.380 [JavaFX Application Thread] DEBUG Input                - Registered new binding: T - T
10:57:15.380 [JavaFX Application Thread] DEBUG Input                - Registered new binding: CIRCUMFLEX - Circumflex
10:57:15.380 [JavaFX Application Thread] DEBUG Input                - Registered new binding: COMPOSE - Compose
10:57:15.380 [JavaFX Application Thread] DEBUG Input                - Registered new binding: SOFTKEY_0 - Softkey 0
10:57:15.380 [JavaFX Application Thread] DEBUG Input                - Registered new binding: RIGHT - Right
10:57:15.380 [JavaFX Application Thread] DEBUG Input                - Registered new binding: OPEN_BRACKET - Open Bracket
10:57:15.380 [JavaFX Application Thread] DEBUG Input                - Registered new binding: COLORED_KEY_0 - Colored Key 0
10:57:15.380 [JavaFX Application Thread] DEBUG Input                - Registered new binding: F16 - F16
10:57:15.380 [JavaFX Application Thread] DEBUG Input                - Registered new binding: F19 - F19
10:57:15.380 [JavaFX Application Thread] DEBUG Input                - Registered new binding: BACK_SLASH - Back Slash
10:57:15.380 [JavaFX Application Thread] DEBUG Input                - Registered new binding: DEAD_ABOVEDOT - Dead Abovedot
10:57:15.380 [JavaFX Application Thread] DEBUG Input                - Registered new binding: ACCEPT - Accept
10:57:15.380 [JavaFX Application Thread] DEBUG Input                - Registered new binding: SPACE - Space
10:57:15.381 [JavaFX Application Thread] DEBUG Input                - Registered new binding: E - E
10:57:15.381 [JavaFX Application Thread] DEBUG Input                - Registered new binding: D - D
10:57:15.381 [JavaFX Application Thread] DEBUG Input                - Registered new binding: F9 - F9
10:57:15.381 [JavaFX Application Thread] DEBUG Input                - Registered new binding: QUOTE - Quote
10:57:15.381 [JavaFX Application Thread] DEBUG Input                - Registered new binding: HELP - Help
10:57:15.381 [JavaFX Application Thread] DEBUG Input                - Registered new binding: KP_DOWN - Numpad Down
10:57:15.381 [JavaFX Application Thread] DEBUG Input                - Registered new binding: MULTIPLY - Multiply
10:57:15.381 [JavaFX Application Thread] DEBUG Input                - Registered new binding: SOFTKEY_7 - Softkey 7
10:57:15.381 [JavaFX Application Thread] DEBUG Input                - Registered new binding: F21 - F21
10:57:15.381 [JavaFX Application Thread] DEBUG Input                - Registered new binding: EQUALS - Equals
10:57:15.381 [JavaFX Application Thread] DEBUG Input                - Registered new binding: DEAD_CARON - Dead Caron
10:57:15.381 [JavaFX Application Thread] DEBUG Input                - Registered new binding: M - M
10:57:15.381 [JavaFX Application Thread] DEBUG Input                - Registered new binding: I - I
10:57:15.381 [JavaFX Application Thread] DEBUG Input                - Registered new binding: W - W
10:57:15.381 [JavaFX Application Thread] DEBUG Input                - Registered new binding: DEAD_OGONEK - Dead Ogonek
10:57:15.381 [JavaFX Application Thread] DEBUG Input                - Registered new binding: NONCONVERT - Nonconvert
10:57:15.381 [JavaFX Application Thread] DEBUG Input                - Registered new binding: F5 - F5
10:57:15.381 [JavaFX Application Thread] DEBUG Input                - Registered new binding: Z - Z
10:57:15.381 [JavaFX Application Thread] DEBUG Input                - Registered new binding: CONVERT - Convert
10:57:15.381 [JavaFX Application Thread] DEBUG Input                - Registered new binding: FIND - Find
10:57:15.381 [JavaFX Application Thread] DEBUG Input                - Registered new binding: P - P
10:57:15.382 [JavaFX Application Thread] DEBUG Input                - Registered new binding: DOLLAR - Dollar
10:57:15.382 [JavaFX Application Thread] DEBUG Input                - Registered new binding: S - S
10:57:15.382 [JavaFX Application Thread] DEBUG Input                - Registered new binding: NUMPAD9 - Numpad 9
10:57:15.382 [JavaFX Application Thread] DEBUG Input                - Registered new binding: KANA_LOCK - Kana Lock
10:57:15.382 [JavaFX Application Thread] DEBUG Input                - Registered new binding: REWIND - Rewind
10:57:15.382 [JavaFX Application Thread] DEBUG Input                - Registered new binding: INFO - Info
10:57:15.382 [JavaFX Application Thread] DEBUG Input                - Registered new binding: SHORTCUT - Shortcut
10:57:15.382 [JavaFX Application Thread] DEBUG Input                - Registered new binding: PAGE_DOWN - Page Down
10:57:15.382 [JavaFX Application Thread] DEBUG Input                - Registered new binding: MINUS - Minus
10:57:15.382 [JavaFX Application Thread] DEBUG Input                - Registered new binding: DEAD_CEDILLA - Dead Cedilla
10:57:15.382 [JavaFX Application Thread] DEBUG Input                - Registered new binding: NUMPAD4 - Numpad 4
10:57:15.382 [JavaFX Application Thread] DEBUG Input                - Registered new binding: F1 - F1
10:57:15.382 [JavaFX Application Thread] DEBUG Input                - Registered new binding: PLUS - Plus
10:57:15.382 [JavaFX Application Thread] DEBUG Input                - Registered new binding: BRACELEFT - Left Brace
10:57:15.382 [JavaFX Application Thread] DEBUG Input                - Registered new binding: SOFTKEY_6 - Softkey 6
10:57:15.382 [JavaFX Application Thread] DEBUG Input                - Registered new binding: SCROLL_LOCK - Scroll Lock
10:57:15.382 [JavaFX Application Thread] DEBUG Input                - Registered new binding: DIGIT8 - 8
10:57:15.382 [JavaFX Application Thread] DEBUG Input                - Registered new binding: U - U
10:57:15.382 [JavaFX Application Thread] DEBUG Input                - Registered new binding: JAPANESE_KATAKANA - Japanese Katakana
10:57:15.382 [JavaFX Application Thread] DEBUG Input                - Registered new binding: DIGIT4 - 4
10:57:15.382 [JavaFX Application Thread] DEBUG Input                - Registered new binding: F23 - F23
10:57:15.382 [JavaFX Application Thread] DEBUG Input                - Registered new binding: DEAD_TILDE - Dead Tilde
10:57:15.382 [JavaFX Application Thread] DEBUG Input                - Registered new binding: INPUT_METHOD_ON_OFF - Input Method On/Off
10:57:15.382 [JavaFX Application Thread] DEBUG Input                - Registered new binding: KATAKANA - Katakana
10:57:15.382 [JavaFX Application Thread] DEBUG Input                - Registered new binding: INVERTED_EXCLAMATION_MARK - Inverted Exclamation Mark
10:57:15.383 [JavaFX Application Thread] DEBUG Input                - Registered new binding: BEGIN - Begin
10:57:15.383 [JavaFX Application Thread] DEBUG Input                - Registered new binding: F14 - F14
10:57:15.383 [JavaFX Application Thread] DEBUG Input                - Registered new binding: DIGIT0 - 0
10:57:15.383 [JavaFX Application Thread] DEBUG Input                - Registered new binding: H - H
10:57:15.383 [JavaFX Application Thread] DEBUG Input                - Registered new binding: MUTE - Mute
10:57:15.383 [JavaFX Application Thread] DEBUG Input                - Registered new binding: LEFT - Left
10:57:15.383 [JavaFX Application Thread] DEBUG Input                - Registered new binding: ASTERISK - Asterisk
10:57:15.383 [JavaFX Application Thread] DEBUG Input                - Registered new binding: SOFTKEY_9 - Softkey 9
10:57:15.383 [JavaFX Application Thread] DEBUG Input                - Registered new binding: DEAD_ABOVERING - Dead Abovering
10:57:15.383 [JavaFX Application Thread] DEBUG Input                - Registered new binding: GAME_A - Game A
10:57:15.383 [JavaFX Application Thread] DEBUG Input                - Registered new binding: DELETE - Delete
10:57:15.383 [JavaFX Application Thread] DEBUG Input                - Registered new binding: INSERT - Insert
10:57:15.383 [JavaFX Application Thread] DEBUG Input                - Registered new binding: J - J
10:57:15.383 [JavaFX Application Thread] DEBUG Input                - Registered new binding: LESS - Less
10:57:15.383 [JavaFX Application Thread] DEBUG Input                - Registered new binding: L - L
10:57:15.383 [JavaFX Application Thread] DEBUG Input                - Registered new binding: CUT - Cut
10:57:15.383 [JavaFX Application Thread] DEBUG Input                - Registered new binding: AT - At
10:57:15.383 [JavaFX Application Thread] DEBUG Input                - Registered new binding: SLASH - Slash
10:57:15.383 [JavaFX Application Thread] DEBUG Input                - Registered new binding: NUMPAD5 - Numpad 5
10:57:15.383 [JavaFX Application Thread] DEBUG Input                - Registered new binding: PAUSE - Pause
10:57:15.383 [JavaFX Application Thread] DEBUG Input                - Registered new binding: KANA - Kana
10:57:15.383 [JavaFX Application Thread] DEBUG Input                - Registered new binding: F15 - F15
10:57:15.383 [JavaFX Application Thread] DEBUG Input                - Registered new binding: O - O
10:57:15.383 [JavaFX Application Thread] DEBUG Input                - Registered new binding: PERIOD - Period
10:57:15.384 [JavaFX Application Thread] DEBUG Input                - Registered new binding: DEAD_SEMIVOICED_SOUND - Dead Semivoiced Sound
10:57:15.384 [JavaFX Application Thread] DEBUG Input                - Registered new binding: SOFTKEY_2 - Softkey 2
10:57:15.384 [JavaFX Application Thread] DEBUG Input                - Registered new binding: SOFTKEY_1 - Softkey 1
10:57:15.384 [JavaFX Application Thread] DEBUG Input                - Registered new binding: RECORD - Record
10:57:15.384 [JavaFX Application Thread] DEBUG Input                - Registered new binding: NUMPAD6 - Numpad 6
10:57:15.384 [JavaFX Application Thread] DEBUG Input                - Registered new binding: CLOSE_BRACKET - Close Bracket
10:57:15.384 [JavaFX Application Thread] DEBUG Input                - Registered new binding: HOME - Home
10:57:15.384 [JavaFX Application Thread] DEBUG Input                - Registered new binding: UP - Up
10:57:15.384 [JavaFX Application Thread] DEBUG Input                - Registered new binding: BRACERIGHT - Right Brace
10:57:15.384 [JavaFX Application Thread] DEBUG Input                - Registered new binding: FAST_FWD - Fast Forward
10:57:15.384 [JavaFX Application Thread] DEBUG Input                - Registered new binding: Q - Q
10:57:15.384 [JavaFX Application Thread] DEBUG Input                - Registered new binding: JAPANESE_ROMAN - Japanese Roman
10:57:15.384 [JavaFX Application Thread] DEBUG Input                - Registered new binding: DECIMAL - Decimal
10:57:15.384 [JavaFX Application Thread] DEBUG Input                - Registered new binding: PROPS - Properties
10:57:15.384 [JavaFX Application Thread] DEBUG Input                - Registered new binding: UNDO - Undo
10:57:15.384 [JavaFX Application Thread] DEBUG Input                - Registered new binding: CAPS - Caps Lock
10:57:15.384 [JavaFX Application Thread] DEBUG Input                - Registered new binding: F17 - F17
10:57:15.384 [JavaFX Application Thread] DEBUG Input                - Registered new binding: CANCEL - Cancel
10:57:15.384 [JavaFX Application Thread] DEBUG Input                - Registered new binding: DEAD_IOTA - Dead Iota
10:57:15.384 [JavaFX Application Thread] DEBUG Input                - Registered new binding: EURO_SIGN - Euro Sign
10:57:15.384 [JavaFX Application Thread] DEBUG Input                - Registered new binding: DIGIT3 - 3
10:57:15.384 [JavaFX Application Thread] DEBUG Input                - Registered new binding: F7 - F7
10:57:15.384 [JavaFX Application Thread] DEBUG Input                - Registered new binding: ESCAPE - Esc
10:57:15.384 [JavaFX Application Thread] DEBUG Input                - Registered new binding: F - F
10:57:15.384 [JavaFX Application Thread] DEBUG Input                - Registered new binding: DEAD_DOUBLEACUTE - Dead Doubleacute
10:57:15.384 [JavaFX Application Thread] DEBUG Input                - Registered new binding: GAME_C - Game C
10:57:15.385 [JavaFX Application Thread] DEBUG Input                - Registered new binding: F13 - F13
10:57:15.385 [JavaFX Application Thread] DEBUG Input                - Registered new binding: F8 - F8
10:57:15.385 [JavaFX Application Thread] DEBUG Input                - Registered new binding: LEFT_PARENTHESIS - Left Parenthesis
10:57:15.396 [JavaFX Application Thread] DEBUG FXGLAssetLoaderServi - Loading from file system: jar:file:///C:/Users/26303/.m2/repository/com/github/almasb/fxgl/17.3/fxgl-17.3.jar!/fxglassets/textures/fxgl_icon.png
10:57:15.422 [JavaFX Application Thread] DEBUG FXGLAssetLoaderServi - Loading from file system: jar:file:///C:/Users/26303/.m2/repository/com/github/almasb/fxgl/17.3/fxgl-17.3.jar!/fxglassets/textures/fxgl_default_cursor.png
10:57:15.424 [JavaFX Application Thread] DEBUG Input                - Registered new binding: Screenshot - CTRL+8
10:57:15.425 [JavaFX Application Thread] DEBUG Input                - Registered new binding: System info dump - CTRL+9
10:57:15.425 [JavaFX Application Thread] DEBUG Input                - Registered new binding: Restart - CTRL+R
10:57:15.425 [JavaFX Application Thread] DEBUG Input                - Registered new binding: Toggle Debug Camera - CTRL+7
10:57:15.430 [JavaFX Application Thread] DEBUG LoopRunner           - Starting loop
10:57:15.430 [JavaFX Application Thread] DEBUG LoopRunner           - Initializing JavaFX AnimationTimerLoop
10:57:15.435 [JavaFX Application Thread] DEBUG GameApplicationServi - Starting new game
10:57:15.435 [JavaFX Application Thread] DEBUG Input                - Clearing active input actions
10:57:15.445 [JavaFX Application Thread] DEBUG GameApplicationServi - Removing overlay from FXGLStartupScene and adding to FXGLLoadingScene
10:57:15.445 [JavaFX Application Thread] DEBUG EmbeddedPaneWindow   - FXGLStartupScene -> FXGLLoadingScene
10:57:15.445 [JavaFX Application Thread] DEBUG GameApplicationServi - Clearing previous game
10:57:15.445 [JavaFX Application Thread] DEBUG GameScene            - Clearing game scene
10:57:15.445 [JavaFX Application Thread] DEBUG GameWorld            - Clearing game world
10:57:15.445 [JavaFX Application Thread] DEBUG PhysicsWorld         - Clearing physics world
10:57:15.446 [FXGL Background Thread 1 ] DEBUG FXGLApplication      - Initializing game
10:57:15.448 [FXGL Background Thread 1 ] DEBUG FXGLAssetLoaderServi - Clearing assets cache
10:57:15.449 [FXGL Background Thread 1 ] INFO  FXGLApplication      - Game initialization took: 0.003 sec
10:57:15.502 [JavaFX Application Thread] WARN  FXGLAssetLoaderServi - Asset "/assets/ui/fonts/Lato-Bold.ttf" was not found!
10:57:15.502 [JavaFX Application Thread] WARN  FXGLAssetLoaderServi - Failed to load FONT
10:57:15.502 [JavaFX Application Thread] WARN  FXGLAssetLoaderServi - Asset "/assets/ui/fonts/Lato-Bold.ttf" was not found!
10:57:15.502 [JavaFX Application Thread] WARN  FXGLAssetLoaderServi - Failed to load FONT
10:57:15.506 [JavaFX Application Thread] DEBUG FXGLAssetLoaderServi - Loading from file system: file:/D:/IDEA%20Workspace/MyTetr/target/classes/assets/textures/background.jpg
10:57:15.565 [JavaFX Application Thread] DEBUG Input                - Clearing active input actions
10:57:15.566 [JavaFX Application Thread] DEBUG GameApplicationServi - Removing overlay from FXGLLoadingScene and adding to GameScene
10:57:15.567 [JavaFX Application Thread] DEBUG EmbeddedPaneWindow   - FXGLLoadingScene -> GameScene
10:57:15.850 [FXGL Background Thread 2 ] INFO  UpdaterService       - Your current version:  17.3
10:57:15.850 [FXGL Background Thread 2 ] INFO  UpdaterService       - Latest stable version: 21.1
10:57:16.246 [JavaFX Application Thread] DEBUG GameWorld            - Game world initialized
10:57:16.247 [JavaFX Application Thread] DEBUG PhysicsWorld         - Physics world initialized: appHeight=1000, physics.ppm=50.0
10:57:16.247 [JavaFX Application Thread] DEBUG PhysicsWorld         - Using strategy: BRUTE_FORCE
10:57:16.247 [JavaFX Application Thread] DEBUG GameScene            - Game scene initialized: 1500x1000
10:57:16.248 [JavaFX Application Thread] DEBUG Input                - Registered new binding: Escape - Esc
10:57:16.248 [JavaFX Application Thread] DEBUG FXGLAssetLoaderServi - Loading from file system: file:/D:/IDEA%20Workspace/MyTetr/target/classes/assets/textures/map.png
10:57:16.307 [JavaFX Application Thread] DEBUG FXGLAssetLoaderServi - Loading from file system: file:/D:/IDEA%20Workspace/MyTetr/target/classes/assets/textures/back1.jpg
10:57:16.372 [JavaFX Application Thread] DEBUG Input                - Registered new binding: AUTO-0 - Right
10:57:16.372 [JavaFX Application Thread] DEBUG Input                - Registered new binding: AUTO-1 - Left
10:57:16.372 [JavaFX Application Thread] DEBUG Input                - Registered new binding: AUTO-2 - Down
10:57:16.372 [JavaFX Application Thread] DEBUG Input                - Registered new binding: AUTO-3 - Space
10:57:16.374 [JavaFX Application Thread] DEBUG EmbeddedPaneWindow   - Push state: ConcurrentGameSubScene
10:57:16.374 [JavaFX Application Thread] DEBUG Input                - Clearing active input actions
10:57:16.375 [JavaFX Application Thread] DEBUG GameApplicationServi - Removing overlay from GameScene and adding to ConcurrentGameSubScene
10:57:16.376 [JavaFX Application Thread] DEBUG EmbeddedPaneWindow   - GameScene -> ConcurrentGameSubScene
10:57:17.136 [JavaFX Application Thread] DEBUG LoopRunner           - Stopping loop
10:57:17.139 [JavaFX Application Thread] FATAL FXGLApplication      - Uncaught Exception:
java.lang.NullPointerException: Cannot read field "techomino" because "this.techomino" is null
	at MyTetr/com.Cubicheng.MyTetr.gameWorld.components.OnePieceComponent.check_collide(OnePieceComponent.java:135)
	at MyTetr/com.Cubicheng.MyTetr.gameWorld.components.OnePieceComponent.move_right(OnePieceComponent.java:158)
	at com.almasb.fxgl.all@17.3/com.almasb.fxgl.dsl.KeyInputBuilder$2.onAction(KeyInputBuilder.kt:53)
	at com.almasb.fxgl.core@17.3/com.almasb.fxgl.input.UserAction.action$fxgl_core(UserAction.kt:38)
	at com.almasb.fxgl.core@17.3/com.almasb.fxgl.input.Input.update(Input.kt:288)
	at com.almasb.fxgl.scene@17.3/com.almasb.fxgl.scene.Scene.update(Scene.kt:103)
	at com.almasb.fxgl.all@17.3/com.almasb.fxgl.app.MainWindow$update$1.invoke(MainWindow.kt:115)
	at com.almasb.fxgl.all@17.3/com.almasb.fxgl.app.MainWindow$update$1.invoke(MainWindow.kt:115)
	at com.almasb.fxgl.core@17.3/com.almasb.fxgl.core.fsm.StateMachine.runOnActiveStates(StateMachine.kt:69)
	at com.almasb.fxgl.all@17.3/com.almasb.fxgl.app.MainWindow.update(MainWindow.kt:115)
	at com.almasb.fxgl.all@17.3/com.almasb.fxgl.app.FXGLApplication$GameApplicationService.onUpdate(FXGLApplication.kt:426)
	at com.almasb.fxgl.all@17.3/com.almasb.fxgl.app.Engine.loop(Engine.kt:134)
	at com.almasb.fxgl.all@17.3/com.almasb.fxgl.app.Engine.access$loop(Engine.kt:24)
	at com.almasb.fxgl.all@17.3/com.almasb.fxgl.app.Engine$loop$1.invoke(Engine.kt:28)
	at com.almasb.fxgl.all@17.3/com.almasb.fxgl.app.Engine$loop$1.invoke(Engine.kt:28)
	at com.almasb.fxgl.all@17.3/com.almasb.fxgl.app.LoopRunner.frame(LoopRunner.kt:103)
	at com.almasb.fxgl.all@17.3/com.almasb.fxgl.app.LoopRunner.access$frame(LoopRunner.kt:23)
	at com.almasb.fxgl.all@17.3/com.almasb.fxgl.app.LoopRunner$impl$2$1.onTick(LoopRunner.kt:57)
	at com.almasb.fxgl.all@17.3/com.almasb.fxgl.app.AnimationTimerLoop$timer$1.handle(LoopRunner.kt:137)
	at javafx.graphics@21.0.1/javafx.animation.AnimationTimer$AnimationTimerReceiver.lambda$handle$0(AnimationTimer.java:58)
	at java.base/java.security.AccessController.doPrivileged(AccessController.java:400)
	at javafx.graphics@21.0.1/javafx.animation.AnimationTimer$AnimationTimerReceiver.handle(AnimationTimer.java:57)
	at javafx.graphics@21.0.1/com.sun.scenario.animation.AbstractPrimaryTimer.timePulseImpl(AbstractPrimaryTimer.java:356)
	at javafx.graphics@21.0.1/com.sun.scenario.animation.AbstractPrimaryTimer$MainLoop.run(AbstractPrimaryTimer.java:266)
	at javafx.graphics@21.0.1/com.sun.javafx.tk.quantum.QuantumToolkit.pulse(QuantumToolkit.java:588)
	at javafx.graphics@21.0.1/com.sun.javafx.tk.quantum.QuantumToolkit.pulse(QuantumToolkit.java:572)
	at javafx.graphics@21.0.1/com.sun.javafx.tk.quantum.QuantumToolkit.pulseFromQueue(QuantumToolkit.java:565)
	at javafx.graphics@21.0.1/com.sun.javafx.tk.quantum.QuantumToolkit.lambda$runToolkit$11(QuantumToolkit.java:352)
	at javafx.graphics@21.0.1/com.sun.glass.ui.InvokeLaterDispatcher$Future.run(InvokeLaterDispatcher.java:95)
	at javafx.graphics@21.0.1/com.sun.glass.ui.win.WinApplication._runLoop(Native Method)
	at javafx.graphics@21.0.1/com.sun.glass.ui.win.WinApplication.lambda$runLoop$3(WinApplication.java:185)
	at java.base/java.lang.Thread.run(Thread.java:1583)

10:57:17.140 [JavaFX Application Thread] FATAL FXGLApplication      - Application will now exit
10:57:17.152 [JavaFX Application Thread] DEBUG EmbeddedPaneWindow   - Push state: ErrorSubScene
10:57:17.152 [JavaFX Application Thread] DEBUG Input                - Clearing active input actions
10:57:17.155 [JavaFX Application Thread] DEBUG GameApplicationServi - Removing overlay from ConcurrentGameSubScene and adding to ErrorSubScene
10:57:17.155 [JavaFX Application Thread] DEBUG EmbeddedPaneWindow   - ConcurrentGameSubScene -> ErrorSubScene
10:57:18.317 [FXGL Background Thread 3 ] DEBUG Engine               - Logging environment variables
10:57:18.319 [FXGL Background Thread 3 ] DEBUG Engine               - achievements: []
10:57:18.319 [FXGL Background Thread 3 ] DEBUG Engine               - actualHeight: 523.4285888671875
10:57:18.319 [FXGL Background Thread 3 ] DEBUG Engine               - actualHeightProperty: ReadOnlyDoubleProperty [value: 523.4285888671875]
10:57:18.319 [FXGL Background Thread 3 ] DEBUG Engine               - actualWidth: 826.2857055664062
10:57:18.320 [FXGL Background Thread 3 ] DEBUG Engine               - actualWidthProperty: ReadOnlyDoubleProperty [value: 826.2857055664062]
10:57:18.320 [FXGL Background Thread 3 ] DEBUG Engine               - appIcon: fxgl_icon.png
10:57:18.320 [FXGL Background Thread 3 ] DEBUG Engine               - applicationMode: DEVELOPER
10:57:18.320 [FXGL Background Thread 3 ] DEBUG Engine               - cSSList: [fxgl_dark.css]
10:57:18.320 [FXGL Background Thread 3 ] DEBUG Engine               - collisionDetectionStrategy: BRUTE_FORCE
10:57:18.320 [FXGL Background Thread 3 ] DEBUG Engine               - configClass: Optional.empty
10:57:18.320 [FXGL Background Thread 3 ] DEBUG Engine               - credits: []
10:57:18.322 [FXGL Background Thread 3 ] DEBUG Engine               - defaultCursor: CursorInfo(imageName=fxgl_default_cursor.png, hotspotX=7.0, hotspotY=6.0)
10:57:18.322 [FXGL Background Thread 3 ] DEBUG Engine               - devBBoxColorProperty: ObjectProperty [value: 0xff0000ff]
10:57:18.322 [FXGL Background Thread 3 ] DEBUG Engine               - devEnableDebugCameraProperty: BooleanProperty [value: false]
10:57:18.322 [FXGL Background Thread 3 ] DEBUG Engine               - devSensorColorProperty: ObjectProperty [value: 0xffff00ff]
10:57:18.322 [FXGL Background Thread 3 ] DEBUG Engine               - devShowBBoxProperty: BooleanProperty [value: false]
10:57:18.322 [FXGL Background Thread 3 ] DEBUG Engine               - devShowPositionProperty: BooleanProperty [value: false]
10:57:18.322 [FXGL Background Thread 3 ] DEBUG Engine               - enabledMenuItems: []
10:57:18.322 [FXGL Background Thread 3 ] DEBUG Engine               - engineServices: [class com.almasb.fxgl.app.services.FXGLAssetLoaderService, class com.almasb.fxgl.app.FXGLApplication$GameApplicationService, class com.almasb.fxgl.app.services.FXGLDialogService, class com.almasb.fxgl.app.services.IOTaskExecutorService, class com.almasb.fxgl.io.FileSystemService, class com.almasb.fxgl.localization.LocalizationService, class com.almasb.fxgl.app.services.SystemBundleService, class com.almasb.fxgl.profile.SaveLoadService, class com.almasb.fxgl.ui.FXGLUIFactoryServiceProvider, class com.almasb.fxgl.ui.FXGLDialogFactoryServiceProvider, class com.almasb.fxgl.audio.AudioPlayer, class com.almasb.fxgl.notification.impl.NotificationServiceProvider, class com.almasb.fxgl.achievement.AchievementService, class com.almasb.fxgl.cutscene.CutsceneService, class com.almasb.fxgl.minigames.MiniGameService, class com.almasb.fxgl.net.NetService, class com.almasb.fxgl.app.services.UpdaterService, class com.almasb.fxgl.dev.DevService]
10:57:18.322 [FXGL Background Thread 3 ] DEBUG Engine               - fontGame: Abel-Regular.ttf
10:57:18.322 [FXGL Background Thread 3 ] DEBUG Engine               - fontMono: TerminalLandMono-Regular.otf
10:57:18.322 [FXGL Background Thread 3 ] DEBUG Engine               - fontSizeScaleUI: 1.0
10:57:18.322 [FXGL Background Thread 3 ] DEBUG Engine               - fontText: Courier-Prime.ttf
10:57:18.322 [FXGL Background Thread 3 ] DEBUG Engine               - fontUI: BlackOpsOne-Regular.ttf
10:57:18.322 [FXGL Background Thread 3 ] DEBUG Engine               - fullScreen: BooleanProperty [value: false]
10:57:18.322 [FXGL Background Thread 3 ] DEBUG Engine               - gameDifficulty: MEDIUM
10:57:18.322 [FXGL Background Thread 3 ] DEBUG Engine               - gameDifficultyProperty: ObjectProperty [value: MEDIUM]
10:57:18.322 [FXGL Background Thread 3 ] DEBUG Engine               - globalMusicVolume: 0.5
10:57:18.322 [FXGL Background Thread 3 ] DEBUG Engine               - globalMusicVolumeProperty: DoubleProperty [value: 0.5]
10:57:18.322 [FXGL Background Thread 3 ] DEBUG Engine               - globalSoundVolume: 0.5
10:57:18.322 [FXGL Background Thread 3 ] DEBUG Engine               - globalSoundVolumeProperty: DoubleProperty [value: 0.5]
10:57:18.322 [FXGL Background Thread 3 ] DEBUG Engine               - height: 1000
10:57:18.322 [FXGL Background Thread 3 ] DEBUG Engine               - is3D: false
10:57:18.322 [FXGL Background Thread 3 ] DEBUG Engine               - isAndroid: false
10:57:18.322 [FXGL Background Thread 3 ] DEBUG Engine               - isBrowser: false
10:57:18.323 [FXGL Background Thread 3 ] DEBUG Engine               - isClickFeedbackEnabled: false
10:57:18.323 [FXGL Background Thread 3 ] DEBUG Engine               - isCloseConfirmation: false
10:57:18.323 [FXGL Background Thread 3 ] DEBUG Engine               - isDesktop: true
10:57:18.323 [FXGL Background Thread 3 ] DEBUG Engine               - isDeveloperMenuEnabled: false
10:57:18.323 [FXGL Background Thread 3 ] DEBUG Engine               - isEmbedded: false
10:57:18.323 [FXGL Background Thread 3 ] DEBUG Engine               - isEntityPreloadEnabled: true
10:57:18.323 [FXGL Background Thread 3 ] DEBUG Engine               - isExperimentalTiledLargeMap: false
10:57:18.323 [FXGL Background Thread 3 ] DEBUG Engine               - isFileSystemWriteAllowed: true
10:57:18.323 [FXGL Background Thread 3 ] DEBUG Engine               - isFullScreenAllowed: false
10:57:18.323 [FXGL Background Thread 3 ] DEBUG Engine               - isFullScreenFromStart: false
10:57:18.323 [FXGL Background Thread 3 ] DEBUG Engine               - isGameMenuEnabled: false
10:57:18.323 [FXGL Background Thread 3 ] DEBUG Engine               - isIOS: false
10:57:18.323 [FXGL Background Thread 3 ] DEBUG Engine               - isIntroEnabled: false
10:57:18.323 [FXGL Background Thread 3 ] DEBUG Engine               - isLinux: false
10:57:18.323 [FXGL Background Thread 3 ] DEBUG Engine               - isMac: false
10:57:18.323 [FXGL Background Thread 3 ] DEBUG Engine               - isMainMenuEnabled: false
10:57:18.323 [FXGL Background Thread 3 ] DEBUG Engine               - isManualResizeEnabled: false
10:57:18.323 [FXGL Background Thread 3 ] DEBUG Engine               - isMobile: false
10:57:18.323 [FXGL Background Thread 3 ] DEBUG Engine               - isNative: false
10:57:18.323 [FXGL Background Thread 3 ] DEBUG Engine               - isPauseMusicWhenMinimized: true
10:57:18.323 [FXGL Background Thread 3 ] DEBUG Engine               - isPreserveResizeRatio: false
10:57:18.323 [FXGL Background Thread 3 ] DEBUG Engine               - isProfilingEnabled: false
10:57:18.323 [FXGL Background Thread 3 ] DEBUG Engine               - isScaleAffectedOnResize: true
10:57:18.323 [FXGL Background Thread 3 ] DEBUG Engine               - isSingleStep: false
10:57:18.323 [FXGL Background Thread 3 ] DEBUG Engine               - isUserProfileEnabled: false
10:57:18.323 [FXGL Background Thread 3 ] DEBUG Engine               - isWindows: true
10:57:18.323 [FXGL Background Thread 3 ] DEBUG Engine               - language: ObjectProperty [value: ENGLISH]
10:57:18.323 [FXGL Background Thread 3 ] DEBUG Engine               - menuKey: ESCAPE
10:57:18.323 [FXGL Background Thread 3 ] DEBUG Engine               - mouseSensitivity: 0.2
10:57:18.323 [FXGL Background Thread 3 ] DEBUG Engine               - notificationViewClass: class com.almasb.fxgl.notification.view.XboxNotificationView
10:57:18.323 [FXGL Background Thread 3 ] DEBUG Engine               - pixelsPerMeter: 50.0
10:57:18.324 [FXGL Background Thread 3 ] DEBUG Engine               - platform: WINDOWS
10:57:18.324 [FXGL Background Thread 3 ] DEBUG Engine               - prefHeightProperty: ReadOnlyDoubleProperty [value: 1000.0]
10:57:18.324 [FXGL Background Thread 3 ] DEBUG Engine               - prefWidthProperty: ReadOnlyDoubleProperty [value: 1500.0]
10:57:18.324 [FXGL Background Thread 3 ] DEBUG Engine               - profileDir: profiles/
10:57:18.324 [FXGL Background Thread 3 ] DEBUG Engine               - profileName: StringProperty [value: DEFAULT]
10:57:18.324 [FXGL Background Thread 3 ] DEBUG Engine               - randomSeed: -1
10:57:18.324 [FXGL Background Thread 3 ] DEBUG Engine               - runtimeInfo: RuntimeInfo(platform=WINDOWS, version=17.3, build=30.03.2023 11.49)
10:57:18.324 [FXGL Background Thread 3 ] DEBUG Engine               - saveFileExt: sav
10:57:18.324 [FXGL Background Thread 3 ] DEBUG Engine               - scaledHeightProp$fxgl: DoubleProperty [bound, value: 523.4285888671875]
10:57:18.324 [FXGL Background Thread 3 ] DEBUG Engine               - scaledWidthProp$fxgl: DoubleProperty [bound, value: 826.2857055664062]
10:57:18.324 [FXGL Background Thread 3 ] DEBUG Engine               - sceneFactory: com.almasb.fxgl.app.scene.SceneFactory@6b76d70d
10:57:18.324 [FXGL Background Thread 3 ] DEBUG Engine               - secondsIn24h: 60
10:57:18.324 [FXGL Background Thread 3 ] DEBUG Engine               - soundMenuBack: menu/back.wav
10:57:18.324 [FXGL Background Thread 3 ] DEBUG Engine               - soundMenuPress: menu/press.wav
10:57:18.324 [FXGL Background Thread 3 ] DEBUG Engine               - soundMenuSelect: menu/select.wav
10:57:18.324 [FXGL Background Thread 3 ] DEBUG Engine               - soundNotification: core/notification.wav
10:57:18.324 [FXGL Background Thread 3 ] DEBUG Engine               - stageStyle: DECORATED
10:57:18.324 [FXGL Background Thread 3 ] DEBUG Engine               - supportedLanguages: [ENGLISH, FRENCH, GERMAN, HUNGARIAN, RUSSIAN]
10:57:18.324 [FXGL Background Thread 3 ] DEBUG Engine               - ticksPerSecond: -1
10:57:18.324 [FXGL Background Thread 3 ] DEBUG Engine               - title: Demo
10:57:18.324 [FXGL Background Thread 3 ] DEBUG Engine               - urlGithub: https://github.com/AlmasB/FXGL
10:57:18.324 [FXGL Background Thread 3 ] DEBUG Engine               - urlLeaderboard: http://fxgl-top.herokuapp.com/
10:57:18.324 [FXGL Background Thread 3 ] DEBUG Engine               - urlPOM: https://raw.githubusercontent.com/AlmasB/FXGL/release/README.md
10:57:18.324 [FXGL Background Thread 3 ] DEBUG Engine               - userAppClass: class com.Cubicheng.MyTetr.GameApp
10:57:18.324 [FXGL Background Thread 3 ] DEBUG Engine               - version: 0.0
10:57:18.324 [FXGL Background Thread 3 ] DEBUG Engine               - versionCheckDays: 7
10:57:18.325 [FXGL Background Thread 3 ] DEBUG Engine               - width: 1500
10:57:18.325 [FXGL Background Thread 3 ] DEBUG Engine               - Logging services
10:57:18.325 [FXGL Background Thread 3 ] DEBUG Engine               - class com.almasb.fxgl.app.services.FXGLAssetLoaderService
10:57:18.325 [FXGL Background Thread 3 ] DEBUG Engine               - class com.almasb.fxgl.app.FXGLApplication$GameApplicationService
10:57:18.325 [FXGL Background Thread 3 ] DEBUG Engine               - class com.almasb.fxgl.app.services.FXGLDialogService
10:57:18.325 [FXGL Background Thread 3 ] DEBUG Engine               - class com.almasb.fxgl.app.services.IOTaskExecutorService
10:57:18.325 [FXGL Background Thread 3 ] DEBUG Engine               - class com.almasb.fxgl.io.FileSystemService
10:57:18.325 [FXGL Background Thread 3 ] DEBUG Engine               - class com.almasb.fxgl.localization.LocalizationService
10:57:18.325 [FXGL Background Thread 3 ] DEBUG Engine               - class com.almasb.fxgl.app.services.SystemBundleService
10:57:18.325 [FXGL Background Thread 3 ] DEBUG Engine               - class com.almasb.fxgl.profile.SaveLoadService
10:57:18.325 [FXGL Background Thread 3 ] DEBUG Engine               - class com.almasb.fxgl.ui.FXGLUIFactoryServiceProvider
10:57:18.325 [FXGL Background Thread 3 ] DEBUG Engine               - class com.almasb.fxgl.ui.FXGLDialogFactoryServiceProvider
10:57:18.325 [FXGL Background Thread 3 ] DEBUG Engine               - class com.almasb.fxgl.audio.AudioPlayer
10:57:18.325 [FXGL Background Thread 3 ] DEBUG Engine               - class com.almasb.fxgl.notification.impl.NotificationServiceProvider
10:57:18.325 [FXGL Background Thread 3 ] DEBUG Engine               - class com.almasb.fxgl.achievement.AchievementService
10:57:18.325 [FXGL Background Thread 3 ] DEBUG Engine               - class com.almasb.fxgl.cutscene.CutsceneService
10:57:18.325 [FXGL Background Thread 3 ] DEBUG Engine               - class com.almasb.fxgl.minigames.MiniGameService
10:57:18.325 [FXGL Background Thread 3 ] DEBUG Engine               - class com.almasb.fxgl.net.NetService
10:57:18.325 [FXGL Background Thread 3 ] DEBUG Engine               - class com.almasb.fxgl.app.services.UpdaterService
10:57:18.325 [FXGL Background Thread 3 ] DEBUG Engine               - class com.almasb.fxgl.dev.DevService
10:57:19.225 [JavaFX Application Thread] DEBUG FXGLApplication      - Exiting FXGL
10:57:19.225 [JavaFX Application Thread] DEBUG Async                - Shutting down background threads
10:57:19.225 [JavaFX Application Thread] DEBUG Logger               - Closing Logger
