15:04:15.156 [JavaFX Application Thread] DEBUG Logger               - Configured Logger
15:04:15.164 [JavaFX Application Thread] DEBUG GameApplication      - Logging settings
Title: Demo
Version: 0.0
Width: 1500
Height: 1000
Fullscreen: false
Intro: false
Profiling: false
Single step:false
App Mode: DEVELOPER
Menu Key: ESCAPE
Stage Style: DECORATED
Scene Factory: class com.almasb.fxgl.app.scene.SceneFactory

15:04:15.165 [JavaFX Application Thread] DEBUG FXGLApplication      - Initializing FXGL
15:04:15.167 [JavaFX Application Thread] INFO  Engine               - FXGL-17.3 (30.03.2023 11.49) on WINDOWS (J:21.0.4 FX:21.0.1)
15:04:15.168 [JavaFX Application Thread] DEBUG Engine               - JRE Vendor Name: Oracle Corporation
15:04:15.168 [JavaFX Application Thread] DEBUG Engine               - Running on OS: Windows 11 version 10.0
15:04:15.168 [JavaFX Application Thread] DEBUG Engine               - Architecture: amd64
15:04:15.168 [JavaFX Application Thread] INFO  Engine               - Source code and latest versions at: https://github.com/AlmasB/FXGL
15:04:15.168 [JavaFX Application Thread] INFO  Engine               -       Ask questions and discuss at: https://github.com/AlmasB/FXGL/discussions
15:04:15.168 [JavaFX Application Thread] INFO  Engine               -              Join the FXGL chat at: https://gitter.im/AlmasB/FXGL
15:04:15.203 [JavaFX Application Thread] DEBUG EmbeddedPaneWindow   - Target settings size: 1500.0 x 1000.0
15:04:15.203 [JavaFX Application Thread] DEBUG EmbeddedPaneWindow   - Scaled scene size:    1500.0 x 1000.0
15:04:15.203 [JavaFX Application Thread] DEBUG EmbeddedPaneWindow   - Scaled ratio: (1.0, 1.0)
15:04:15.205 [JavaFX Application Thread] DEBUG EmbeddedPaneWindow   - Set initial scene to FXGLStartupScene
15:04:15.206 [JavaFX Application Thread] DEBUG EmbeddedPaneWindow   - Opening embedded window
15:04:15.206 [JavaFX Application Thread] DEBUG EmbeddedPaneWindow   - Window border size: (0, 0)
15:04:15.206 [JavaFX Application Thread] DEBUG EmbeddedPaneWindow   - Scaled size: 1500.0 x 1000.0
15:04:15.206 [JavaFX Application Thread] DEBUG EmbeddedPaneWindow   - Scaled ratio: (1.0, 1.0)
15:04:15.211 [FXGL Background Thread 1 ] DEBUG Engine               - Initializing environment variables
15:04:15.236 [FXGL Background Thread 1 ] DEBUG FXGLAssetLoaderServi - User app class for loading assets: class com.Cubicheng.MyTetr.GameApp
15:04:15.236 [FXGL Background Thread 1 ] DEBUG GameApplicationServi - Applying CSS: fxgl_dark.css
15:04:15.237 [FXGL Background Thread 1 ] DEBUG FXGLAssetLoaderServi - Loading from file system: jar:file:///C:/Users/26303/.m2/repository/com/github/almasb/fxgl/17.3/fxgl-17.3.jar!/fxglassets/ui/css/fxgl_dark.css
15:04:15.257 [FXGL Background Thread 1 ] DEBUG GameApplicationServi - Initializing application scenes
15:04:15.298 [FXGL Background Thread 1 ] DEBUG GameWorld            - Game world initialized
15:04:15.330 [FXGL Background Thread 1 ] DEBUG PhysicsWorld         - Physics world initialized: appHeight=1000, physics.ppm=50.0
15:04:15.330 [FXGL Background Thread 1 ] DEBUG PhysicsWorld         - Using strategy: BRUTE_FORCE
15:04:15.333 [FXGL Background Thread 1 ] DEBUG GameScene            - Game scene initialized: 1500x1000
15:04:15.333 [FXGL Background Thread 1 ] DEBUG GameApplicationServi - Application scenes initialized
15:04:15.344 [FXGL Background Thread 1 ] DEBUG SystemBundleService  - Loading FXGL system data
15:04:15.346 [FXGL Background Thread 1 ] WARN  SystemBundleService  - Failed to load: java.io.FileNotFoundException: D:\IDEA Workspace\MyTetr\system\fxgl.bundle (系统找不到指定的文件。)
15:04:15.346 [FXGL Background Thread 1 ] DEBUG SystemBundleService  - Loading default FXGL system data
15:04:15.346 [FXGL Background Thread 1 ] DEBUG UpdaterService       - Checking for updates
15:04:15.352 [FXGL Background Thread 1 ] DEBUG FXGLApplication      - Loading default localization
15:04:15.352 [FXGL Background Thread 4 ] DEBUG FXGLApplication      - Loading fonts
15:04:15.353 [FXGL Background Thread 1 ] DEBUG FXGLAssetLoaderServi - Loading from file system: jar:file:///C:/Users/26303/.m2/repository/com/github/almasb/fxgl/17.3/fxgl-17.3.jar!/fxglassets/languages/english.lang
15:04:15.353 [FXGL Background Thread 4 ] WARN  FXGLAssetLoaderServi - Asset "/assets/ui/fonts/BlackOpsOne-Regular.ttf" was not found!
15:04:15.353 [FXGL Background Thread 4 ] WARN  FXGLAssetLoaderServi - Failed to load FONT
15:04:15.353 [FXGL Background Thread 4 ] DEBUG FXGLAssetLoaderServi - Loading from file system: jar:file:///C:/Users/26303/.m2/repository/com/github/almasb/fxgl/17.3/fxgl-17.3.jar!/fxglassets/ui/fonts/Abel-Regular.ttf
15:04:15.379 [FXGL Background Thread 4 ] DEBUG FXGLAssetLoaderServi - Loading from file system: jar:file:///C:/Users/26303/.m2/repository/com/github/almasb/fxgl/17.3/fxgl-17.3.jar!/fxglassets/ui/fonts/TerminalLandMono-Regular.otf
15:04:15.381 [FXGL Background Thread 4 ] DEBUG FXGLAssetLoaderServi - Loading from file system: jar:file:///C:/Users/26303/.m2/repository/com/github/almasb/fxgl/17.3/fxgl-17.3.jar!/fxglassets/ui/fonts/Courier-Prime.ttf
15:04:15.388 [JavaFX Application Thread] DEBUG FXGLApplication      - Registering font factories with UI factory
15:04:15.394 [FXGL Background Thread 1 ] INFO  FXGLApplication      - FXGL initialization took: 0.183 sec
15:04:15.405 [JavaFX Application Thread] DEBUG Input                - Registered new binding: DOWN - Down
15:04:15.405 [JavaFX Application Thread] DEBUG Input                - Registered new binding: DEAD_IOTA - Dead Iota
15:04:15.405 [JavaFX Application Thread] DEBUG Input                - Registered new binding: I - I
15:04:15.405 [JavaFX Application Thread] DEBUG Input                - Registered new binding: N - N
15:04:15.405 [JavaFX Application Thread] DEBUG Input                - Registered new binding: DEAD_DIAERESIS - Dead Diaeresis
15:04:15.405 [JavaFX Application Thread] DEBUG Input                - Registered new binding: F22 - F22
15:04:15.405 [JavaFX Application Thread] DEBUG Input                - Registered new binding: R - R
15:04:15.405 [JavaFX Application Thread] DEBUG Input                - Registered new binding: DEAD_BREVE - Dead Breve
15:04:15.405 [JavaFX Application Thread] DEBUG Input                - Registered new binding: DIGIT8 - 8
15:04:15.405 [JavaFX Application Thread] DEBUG Input                - Registered new binding: F10 - F10
15:04:15.405 [JavaFX Application Thread] DEBUG Input                - Registered new binding: F21 - F21
15:04:15.405 [JavaFX Application Thread] DEBUG Input                - Registered new binding: SOFTKEY_6 - Softkey 6
15:04:15.405 [JavaFX Application Thread] DEBUG Input                - Registered new binding: EXCLAMATION_MARK - Exclamation Mark
15:04:15.405 [JavaFX Application Thread] DEBUG Input                - Registered new binding: DEAD_ACUTE - Dead Acute
15:04:15.405 [JavaFX Application Thread] DEBUG Input                - Registered new binding: GAME_B - Game B
15:04:15.405 [JavaFX Application Thread] DEBUG Input                - Registered new binding: PLAY - Play
15:04:15.405 [JavaFX Application Thread] DEBUG Input                - Registered new binding: P - P
15:04:15.405 [JavaFX Application Thread] DEBUG Input                - Registered new binding: ALPHANUMERIC - Alphanumeric
15:04:15.405 [JavaFX Application Thread] DEBUG Input                - Registered new binding: UNDEFINED - Undefined
15:04:15.405 [JavaFX Application Thread] DEBUG Input                - Registered new binding: SLASH - Slash
15:04:15.405 [JavaFX Application Thread] DEBUG Input                - Registered new binding: NUMPAD4 - Numpad 4
15:04:15.406 [JavaFX Application Thread] DEBUG Input                - Registered new binding: F8 - F8
15:04:15.406 [JavaFX Application Thread] DEBUG Input                - Registered new binding: BEGIN - Begin
15:04:15.406 [JavaFX Application Thread] DEBUG Input                - Registered new binding: ENTER - Enter
15:04:15.406 [JavaFX Application Thread] DEBUG Input                - Registered new binding: DIGIT6 - 6
15:04:15.406 [JavaFX Application Thread] DEBUG Input                - Registered new binding: M - M
15:04:15.406 [JavaFX Application Thread] DEBUG Input                - Registered new binding: DIGIT1 - 1
15:04:15.406 [JavaFX Application Thread] DEBUG Input                - Registered new binding: V - V
15:04:15.406 [JavaFX Application Thread] DEBUG Input                - Registered new binding: SHORTCUT - Shortcut
15:04:15.406 [JavaFX Application Thread] DEBUG Input                - Registered new binding: DEAD_SEMIVOICED_SOUND - Dead Semivoiced Sound
15:04:15.406 [JavaFX Application Thread] DEBUG Input                - Registered new binding: C - C
15:04:15.406 [JavaFX Application Thread] DEBUG Input                - Registered new binding: F13 - F13
15:04:15.406 [JavaFX Application Thread] DEBUG Input                - Registered new binding: AGAIN - Again
15:04:15.406 [JavaFX Application Thread] DEBUG Input                - Registered new binding: NUMPAD1 - Numpad 1
15:04:15.406 [JavaFX Application Thread] DEBUG Input                - Registered new binding: MUTE - Mute
15:04:15.406 [JavaFX Application Thread] DEBUG Input                - Registered new binding: DIGIT5 - 5
15:04:15.406 [JavaFX Application Thread] DEBUG Input                - Registered new binding: DIGIT9 - 9
15:04:15.406 [JavaFX Application Thread] DEBUG Input                - Registered new binding: LESS - Less
15:04:15.406 [JavaFX Application Thread] DEBUG Input                - Registered new binding: TRACK_NEXT - Next Track
15:04:15.406 [JavaFX Application Thread] DEBUG Input                - Registered new binding: DEAD_ABOVERING - Dead Abovering
15:04:15.406 [JavaFX Application Thread] DEBUG Input                - Registered new binding: DIGIT2 - 2
15:04:15.406 [JavaFX Application Thread] DEBUG Input                - Registered new binding: F16 - F16
15:04:15.406 [JavaFX Application Thread] DEBUG Input                - Registered new binding: SOFTKEY_8 - Softkey 8
15:04:15.406 [JavaFX Application Thread] DEBUG Input                - Registered new binding: F23 - F23
15:04:15.406 [JavaFX Application Thread] DEBUG Input                - Registered new binding: DEAD_ABOVEDOT - Dead Abovedot
15:04:15.406 [JavaFX Application Thread] DEBUG Input                - Registered new binding: MULTIPLY - Multiply
15:04:15.407 [JavaFX Application Thread] DEBUG Input                - Registered new binding: KP_RIGHT - Numpad Right
15:04:15.407 [JavaFX Application Thread] DEBUG Input                - Registered new binding: F17 - F17
15:04:15.407 [JavaFX Application Thread] DEBUG Input                - Registered new binding: DEAD_DOUBLEACUTE - Dead Doubleacute
15:04:15.407 [JavaFX Application Thread] DEBUG Input                - Registered new binding: PAGE_DOWN - Page Down
15:04:15.407 [JavaFX Application Thread] DEBUG Input                - Registered new binding: NUMPAD2 - Numpad 2
15:04:15.407 [JavaFX Application Thread] DEBUG Input                - Registered new binding: F14 - F14
15:04:15.407 [JavaFX Application Thread] DEBUG Input                - Registered new binding: CLEAR - Clear
15:04:15.407 [JavaFX Application Thread] DEBUG Input                - Registered new binding: SOFTKEY_2 - Softkey 2
15:04:15.407 [JavaFX Application Thread] DEBUG Input                - Registered new binding: NUMPAD9 - Numpad 9
15:04:15.407 [JavaFX Application Thread] DEBUG Input                - Registered new binding: CLOSE_BRACKET - Close Bracket
15:04:15.407 [JavaFX Application Thread] DEBUG Input                - Registered new binding: SOFTKEY_3 - Softkey 3
15:04:15.407 [JavaFX Application Thread] DEBUG Input                - Registered new binding: ASTERISK - Asterisk
15:04:15.407 [JavaFX Application Thread] DEBUG Input                - Registered new binding: RIGHT_PARENTHESIS - Right Parenthesis
15:04:15.407 [JavaFX Application Thread] DEBUG Input                - Registered new binding: RIGHT - Right
15:04:15.407 [JavaFX Application Thread] DEBUG Input                - Registered new binding: E - E
15:04:15.407 [JavaFX Application Thread] DEBUG Input                - Registered new binding: F20 - F20
15:04:15.407 [JavaFX Application Thread] DEBUG Input                - Registered new binding: DEAD_MACRON - Dead Macron
15:04:15.407 [JavaFX Application Thread] DEBUG Input                - Registered new binding: EQUALS - Equals
15:04:15.407 [JavaFX Application Thread] DEBUG Input                - Registered new binding: INSERT - Insert
15:04:15.407 [JavaFX Application Thread] DEBUG Input                - Registered new binding: F9 - F9
15:04:15.407 [JavaFX Application Thread] DEBUG Input                - Registered new binding: PASTE - Paste
15:04:15.407 [JavaFX Application Thread] DEBUG Input                - Registered new binding: S - S
15:04:15.408 [JavaFX Application Thread] DEBUG Input                - Registered new binding: COLORED_KEY_1 - Colored Key 1
15:04:15.408 [JavaFX Application Thread] DEBUG Input                - Registered new binding: PREVIOUS_CANDIDATE - Previous Candidate
15:04:15.408 [JavaFX Application Thread] DEBUG Input                - Registered new binding: SOFTKEY_0 - Softkey 0
15:04:15.408 [JavaFX Application Thread] DEBUG Input                - Registered new binding: F6 - F6
15:04:15.408 [JavaFX Application Thread] DEBUG Input                - Registered new binding: F1 - F1
15:04:15.408 [JavaFX Application Thread] DEBUG Input                - Registered new binding: ADD - Add
15:04:15.408 [JavaFX Application Thread] DEBUG Input                - Registered new binding: GAME_D - Game D
15:04:15.408 [JavaFX Application Thread] DEBUG Input                - Registered new binding: FAST_FWD - Fast Forward
15:04:15.408 [JavaFX Application Thread] DEBUG Input                - Registered new binding: QUOTEDBL - Double Quote
15:04:15.408 [JavaFX Application Thread] DEBUG Input                - Registered new binding: F - F
15:04:15.408 [JavaFX Application Thread] DEBUG Input                - Registered new binding: JAPANESE_ROMAN - Japanese Roman
15:04:15.408 [JavaFX Application Thread] DEBUG Input                - Registered new binding: DOLLAR - Dollar
15:04:15.409 [JavaFX Application Thread] DEBUG Input                - Registered new binding: COLON - Colon
15:04:15.409 [JavaFX Application Thread] DEBUG Input                - Registered new binding: F24 - F24
15:04:15.409 [JavaFX Application Thread] DEBUG Input                - Registered new binding: CUT - Cut
15:04:15.409 [JavaFX Application Thread] DEBUG Input                - Registered new binding: DIVIDE - Divide
15:04:15.409 [JavaFX Application Thread] DEBUG Input                - Registered new binding: EJECT_TOGGLE - Eject
15:04:15.409 [JavaFX Application Thread] DEBUG Input                - Registered new binding: ALL_CANDIDATES - All Candidates
15:04:15.409 [JavaFX Application Thread] DEBUG Input                - Registered new binding: F2 - F2
15:04:15.409 [JavaFX Application Thread] DEBUG Input                - Registered new binding: COLORED_KEY_2 - Colored Key 2
15:04:15.409 [JavaFX Application Thread] DEBUG Input                - Registered new binding: DEAD_CEDILLA - Dead Cedilla
15:04:15.409 [JavaFX Application Thread] DEBUG Input                - Registered new binding: COMMA - Comma
15:04:15.409 [JavaFX Application Thread] DEBUG Input                - Registered new binding: BACK_SPACE - Backspace
15:04:15.409 [JavaFX Application Thread] DEBUG Input                - Registered new binding: TAB - Tab
15:04:15.409 [JavaFX Application Thread] DEBUG Input                - Registered new binding: RECORD - Record
15:04:15.409 [JavaFX Application Thread] DEBUG Input                - Registered new binding: NUMPAD7 - Numpad 7
15:04:15.409 [JavaFX Application Thread] DEBUG Input                - Registered new binding: BRACERIGHT - Right Brace
15:04:15.409 [JavaFX Application Thread] DEBUG Input                - Registered new binding: NUMPAD5 - Numpad 5
15:04:15.409 [JavaFX Application Thread] DEBUG Input                - Registered new binding: NUMPAD6 - Numpad 6
15:04:15.409 [JavaFX Application Thread] DEBUG Input                - Registered new binding: F7 - F7
15:04:15.409 [JavaFX Application Thread] DEBUG Input                - Registered new binding: CAPS - Caps Lock
15:04:15.409 [JavaFX Application Thread] DEBUG Input                - Registered new binding: F4 - F4
15:04:15.409 [JavaFX Application Thread] DEBUG Input                - Registered new binding: EURO_SIGN - Euro Sign
15:04:15.409 [JavaFX Application Thread] DEBUG Input                - Registered new binding: T - T
15:04:15.409 [JavaFX Application Thread] DEBUG Input                - Registered new binding: GREATER - Greater
15:04:15.409 [JavaFX Application Thread] DEBUG Input                - Registered new binding: SOFTKEY_5 - Softkey 5
15:04:15.409 [JavaFX Application Thread] DEBUG Input                - Registered new binding: CODE_INPUT - Code Input
15:04:15.409 [JavaFX Application Thread] DEBUG Input                - Registered new binding: NUM_LOCK - Num Lock
15:04:15.409 [JavaFX Application Thread] DEBUG Input                - Registered new binding: SOFTKEY_7 - Softkey 7
15:04:15.409 [JavaFX Application Thread] DEBUG Input                - Registered new binding: INVERTED_EXCLAMATION_MARK - Inverted Exclamation Mark
15:04:15.409 [JavaFX Application Thread] DEBUG Input                - Registered new binding: UNDERSCORE - Underscore
15:04:15.409 [JavaFX Application Thread] DEBUG Input                - Registered new binding: DEAD_CARON - Dead Caron
15:04:15.409 [JavaFX Application Thread] DEBUG Input                - Registered new binding: MODECHANGE - Mode Change
15:04:15.409 [JavaFX Application Thread] DEBUG Input                - Registered new binding: DEAD_OGONEK - Dead Ogonek
15:04:15.409 [JavaFX Application Thread] DEBUG Input                - Registered new binding: JAPANESE_KATAKANA - Japanese Katakana
15:04:15.410 [JavaFX Application Thread] DEBUG Input                - Registered new binding: BRACELEFT - Left Brace
15:04:15.410 [JavaFX Application Thread] DEBUG Input                - Registered new binding: POUND - Pound
15:04:15.410 [JavaFX Application Thread] DEBUG Input                - Registered new binding: F19 - F19
15:04:15.410 [JavaFX Application Thread] DEBUG Input                - Registered new binding: COLORED_KEY_3 - Colored Key 3
15:04:15.410 [JavaFX Application Thread] DEBUG Input                - Registered new binding: FULL_WIDTH - Full Width
15:04:15.410 [JavaFX Application Thread] DEBUG Input                - Registered new binding: O - O
15:04:15.410 [JavaFX Application Thread] DEBUG Input                - Registered new binding: INPUT_METHOD_ON_OFF - Input Method On/Off
15:04:15.410 [JavaFX Application Thread] DEBUG Input                - Registered new binding: JAPANESE_HIRAGANA - Japanese Hiragana
15:04:15.410 [JavaFX Application Thread] DEBUG Input                - Registered new binding: VOLUME_DOWN - Volume Down
15:04:15.410 [JavaFX Application Thread] DEBUG Input                - Registered new binding: NONCONVERT - Nonconvert
15:04:15.410 [JavaFX Application Thread] DEBUG Input                - Registered new binding: LEFT_PARENTHESIS - Left Parenthesis
15:04:15.410 [JavaFX Application Thread] DEBUG Input                - Registered new binding: DELETE - Delete
15:04:15.410 [JavaFX Application Thread] DEBUG Input                - Registered new binding: SEMICOLON - Semicolon
15:04:15.410 [JavaFX Application Thread] DEBUG Input                - Registered new binding: PAGE_UP - Page Up
15:04:15.410 [JavaFX Application Thread] DEBUG Input                - Registered new binding: NUMPAD3 - Numpad 3
15:04:15.410 [JavaFX Application Thread] DEBUG Input                - Registered new binding: B - B
15:04:15.410 [JavaFX Application Thread] DEBUG Input                - Registered new binding: VOLUME_UP - Volume Up
15:04:15.411 [JavaFX Application Thread] DEBUG Input                - Registered new binding: COMPOSE - Compose
15:04:15.411 [JavaFX Application Thread] DEBUG Input                - Registered new binding: SOFTKEY_1 - Softkey 1
15:04:15.411 [JavaFX Application Thread] DEBUG Input                - Registered new binding: PAUSE - Pause
15:04:15.411 [JavaFX Application Thread] DEBUG Input                - Registered new binding: CIRCUMFLEX - Circumflex
15:04:15.411 [JavaFX Application Thread] DEBUG Input                - Registered new binding: FINAL - Final
15:04:15.411 [JavaFX Application Thread] DEBUG Input                - Registered new binding: DECIMAL - Decimal
15:04:15.411 [JavaFX Application Thread] DEBUG Input                - Registered new binding: A - A
15:04:15.411 [JavaFX Application Thread] DEBUG Input                - Registered new binding: X - X
15:04:15.411 [JavaFX Application Thread] DEBUG Input                - Registered new binding: DIGIT7 - 7
15:04:15.411 [JavaFX Application Thread] DEBUG Input                - Registered new binding: SOFTKEY_9 - Softkey 9
15:04:15.411 [JavaFX Application Thread] DEBUG Input                - Registered new binding: F5 - F5
15:04:15.411 [JavaFX Application Thread] DEBUG Input                - Registered new binding: F15 - F15
15:04:15.411 [JavaFX Application Thread] DEBUG Input                - Registered new binding: DEAD_TILDE - Dead Tilde
15:04:15.411 [JavaFX Application Thread] DEBUG Input                - Registered new binding: HIRAGANA - Hiragana
15:04:15.411 [JavaFX Application Thread] DEBUG Input                - Registered new binding: POWER - Power
15:04:15.411 [JavaFX Application Thread] DEBUG Input                - Registered new binding: SPACE - Space
15:04:15.411 [JavaFX Application Thread] DEBUG Input                - Registered new binding: UP - Up
15:04:15.411 [JavaFX Application Thread] DEBUG Input                - Registered new binding: DIGIT4 - 4
15:04:15.411 [JavaFX Application Thread] DEBUG Input                - Registered new binding: CONVERT - Convert
15:04:15.411 [JavaFX Application Thread] DEBUG Input                - Registered new binding: STAR - Star
15:04:15.411 [JavaFX Application Thread] DEBUG Input                - Registered new binding: H - H
15:04:15.411 [JavaFX Application Thread] DEBUG Input                - Registered new binding: SUBTRACT - Subtract
15:04:15.411 [JavaFX Application Thread] DEBUG Input                - Registered new binding: CHANNEL_UP - Channel Up
15:04:15.411 [JavaFX Application Thread] DEBUG Input                - Registered new binding: DIGIT3 - 3
15:04:15.411 [JavaFX Application Thread] DEBUG Input                - Registered new binding: KATAKANA - Katakana
15:04:15.411 [JavaFX Application Thread] DEBUG Input                - Registered new binding: NUMBER_SIGN - Number Sign
15:04:15.411 [JavaFX Application Thread] DEBUG Input                - Registered new binding: PROPS - Properties
15:04:15.411 [JavaFX Application Thread] DEBUG Input                - Registered new binding: CONTEXT_MENU - Context Menu
15:04:15.411 [JavaFX Application Thread] DEBUG Input                - Registered new binding: KANJI - Kanji
15:04:15.411 [JavaFX Application Thread] DEBUG Input                - Registered new binding: COLORED_KEY_0 - Colored Key 0
15:04:15.411 [JavaFX Application Thread] DEBUG Input                - Registered new binding: Q - Q
15:04:15.411 [JavaFX Application Thread] DEBUG Input                - Registered new binding: PERIOD - Period
15:04:15.411 [JavaFX Application Thread] DEBUG Input                - Registered new binding: F3 - F3
15:04:15.412 [JavaFX Application Thread] DEBUG Input                - Registered new binding: DEAD_GRAVE - Dead Grave
15:04:15.412 [JavaFX Application Thread] DEBUG Input                - Registered new binding: G - G
15:04:15.412 [JavaFX Application Thread] DEBUG Input                - Registered new binding: BACK_SLASH - Back Slash
15:04:15.412 [JavaFX Application Thread] DEBUG Input                - Registered new binding: F12 - F12
15:04:15.412 [JavaFX Application Thread] DEBUG Input                - Registered new binding: UNDO - Undo
15:04:15.412 [JavaFX Application Thread] DEBUG Input                - Registered new binding: ESCAPE - Esc
15:04:15.412 [JavaFX Application Thread] DEBUG Input                - Registered new binding: F11 - F11
15:04:15.412 [JavaFX Application Thread] DEBUG Input                - Registered new binding: END - End
15:04:15.412 [JavaFX Application Thread] DEBUG Input                - Registered new binding: BACK_QUOTE - Back Quote
15:04:15.412 [JavaFX Application Thread] DEBUG Input                - Registered new binding: SEPARATOR - Separator
15:04:15.412 [JavaFX Application Thread] DEBUG Input                - Registered new binding: KP_UP - Numpad Up
15:04:15.412 [JavaFX Application Thread] DEBUG Input                - Registered new binding: SOFTKEY_4 - Softkey 4
15:04:15.412 [JavaFX Application Thread] DEBUG Input                - Registered new binding: KP_DOWN - Numpad Down
15:04:15.412 [JavaFX Application Thread] DEBUG Input                - Registered new binding: KANA_LOCK - Kana Lock
15:04:15.412 [JavaFX Application Thread] DEBUG Input                - Registered new binding: QUOTE - Quote
15:04:15.412 [JavaFX Application Thread] DEBUG Input                - Registered new binding: DIGIT0 - 0
15:04:15.412 [JavaFX Application Thread] DEBUG Input                - Registered new binding: SCROLL_LOCK - Scroll Lock
15:04:15.412 [JavaFX Application Thread] DEBUG Input                - Registered new binding: F18 - F18
15:04:15.412 [JavaFX Application Thread] DEBUG Input                - Registered new binding: CANCEL - Cancel
15:04:15.412 [JavaFX Application Thread] DEBUG Input                - Registered new binding: NUMPAD8 - Numpad 8
15:04:15.412 [JavaFX Application Thread] DEBUG Input                - Registered new binding: OPEN_BRACKET - Open Bracket
15:04:15.412 [JavaFX Application Thread] DEBUG Input                - Registered new binding: J - J
15:04:15.412 [JavaFX Application Thread] DEBUG Input                - Registered new binding: DEAD_CIRCUMFLEX - Dead Circumflex
15:04:15.412 [JavaFX Application Thread] DEBUG Input                - Registered new binding: FIND - Find
15:04:15.412 [JavaFX Application Thread] DEBUG Input                - Registered new binding: STOP - Stop
15:04:15.412 [JavaFX Application Thread] DEBUG Input                - Registered new binding: DEAD_VOICED_SOUND - Dead Voiced Sound
15:04:15.412 [JavaFX Application Thread] DEBUG Input                - Registered new binding: HELP - Help
15:04:15.413 [JavaFX Application Thread] DEBUG Input                - Registered new binding: TRACK_PREV - Previous Track
15:04:15.413 [JavaFX Application Thread] DEBUG Input                - Registered new binding: INFO - Info
15:04:15.413 [JavaFX Application Thread] DEBUG Input                - Registered new binding: LEFT - Left
15:04:15.413 [JavaFX Application Thread] DEBUG Input                - Registered new binding: GAME_C - Game C
15:04:15.413 [JavaFX Application Thread] DEBUG Input                - Registered new binding: AMPERSAND - Ampersand
15:04:15.413 [JavaFX Application Thread] DEBUG Input                - Registered new binding: GAME_A - Game A
15:04:15.413 [JavaFX Application Thread] DEBUG Input                - Registered new binding: ACCEPT - Accept
15:04:15.413 [JavaFX Application Thread] DEBUG Input                - Registered new binding: HOME - Home
15:04:15.413 [JavaFX Application Thread] DEBUG Input                - Registered new binding: NUMPAD0 - Numpad 0
15:04:15.413 [JavaFX Application Thread] DEBUG Input                - Registered new binding: KP_LEFT - Numpad Left
15:04:15.413 [JavaFX Application Thread] DEBUG Input                - Registered new binding: U - U
15:04:15.413 [JavaFX Application Thread] DEBUG Input                - Registered new binding: PLUS - Plus
15:04:15.413 [JavaFX Application Thread] DEBUG Input                - Registered new binding: Y - Y
15:04:15.413 [JavaFX Application Thread] DEBUG Input                - Registered new binding: L - L
15:04:15.413 [JavaFX Application Thread] DEBUG Input                - Registered new binding: W - W
15:04:15.413 [JavaFX Application Thread] DEBUG Input                - Registered new binding: ROMAN_CHARACTERS - Roman Characters
15:04:15.413 [JavaFX Application Thread] DEBUG Input                - Registered new binding: REWIND - Rewind
15:04:15.413 [JavaFX Application Thread] DEBUG Input                - Registered new binding: MINUS - Minus
15:04:15.413 [JavaFX Application Thread] DEBUG Input                - Registered new binding: AT - At
15:04:15.413 [JavaFX Application Thread] DEBUG Input                - Registered new binding: CHANNEL_DOWN - Channel Down
15:04:15.413 [JavaFX Application Thread] DEBUG Input                - Registered new binding: KANA - Kana
15:04:15.413 [JavaFX Application Thread] DEBUG Input                - Registered new binding: D - D
15:04:15.413 [JavaFX Application Thread] DEBUG Input                - Registered new binding: Z - Z
15:04:15.413 [JavaFX Application Thread] DEBUG Input                - Registered new binding: K - K
15:04:15.413 [JavaFX Application Thread] DEBUG Input                - Registered new binding: PRINTSCREEN - Print Screen
15:04:15.413 [JavaFX Application Thread] DEBUG Input                - Registered new binding: HALF_WIDTH - Half Width
15:04:15.414 [JavaFX Application Thread] DEBUG Input                - Registered new binding: COPY - Copy
15:04:15.424 [JavaFX Application Thread] DEBUG FXGLAssetLoaderServi - Loading from file system: jar:file:///C:/Users/26303/.m2/repository/com/github/almasb/fxgl/17.3/fxgl-17.3.jar!/fxglassets/textures/fxgl_icon.png
15:04:15.456 [JavaFX Application Thread] DEBUG FXGLAssetLoaderServi - Loading from file system: jar:file:///C:/Users/26303/.m2/repository/com/github/almasb/fxgl/17.3/fxgl-17.3.jar!/fxglassets/textures/fxgl_default_cursor.png
15:04:15.457 [JavaFX Application Thread] DEBUG Input                - Registered new binding: Screenshot - CTRL+8
15:04:15.458 [JavaFX Application Thread] DEBUG Input                - Registered new binding: System info dump - CTRL+9
15:04:15.458 [JavaFX Application Thread] DEBUG Input                - Registered new binding: Restart - CTRL+R
15:04:15.458 [JavaFX Application Thread] DEBUG Input                - Registered new binding: Toggle Debug Camera - CTRL+7
15:04:15.461 [JavaFX Application Thread] DEBUG LoopRunner           - Starting loop
15:04:15.461 [JavaFX Application Thread] DEBUG LoopRunner           - Initializing JavaFX AnimationTimerLoop
15:04:15.462 [JavaFX Application Thread] DEBUG GameApplicationServi - Starting new game
15:04:15.462 [JavaFX Application Thread] DEBUG Input                - Clearing active input actions
15:04:15.471 [JavaFX Application Thread] DEBUG GameApplicationServi - Removing overlay from FXGLStartupScene and adding to FXGLLoadingScene
15:04:15.471 [JavaFX Application Thread] DEBUG EmbeddedPaneWindow   - FXGLStartupScene -> FXGLLoadingScene
15:04:15.471 [JavaFX Application Thread] DEBUG GameApplicationServi - Clearing previous game
15:04:15.471 [JavaFX Application Thread] DEBUG GameScene            - Clearing game scene
15:04:15.471 [JavaFX Application Thread] DEBUG GameWorld            - Clearing game world
15:04:15.471 [JavaFX Application Thread] DEBUG PhysicsWorld         - Clearing physics world
15:04:15.475 [FXGL Background Thread 1 ] DEBUG FXGLApplication      - Initializing game
15:04:15.477 [FXGL Background Thread 1 ] DEBUG FXGLAssetLoaderServi - Clearing assets cache
15:04:15.478 [FXGL Background Thread 1 ] INFO  FXGLApplication      - Game initialization took: 0.003 sec
15:04:15.528 [JavaFX Application Thread] WARN  FXGLAssetLoaderServi - Asset "/assets/ui/fonts/Lato-Bold.ttf" was not found!
15:04:15.528 [JavaFX Application Thread] WARN  FXGLAssetLoaderServi - Failed to load FONT
15:04:15.529 [JavaFX Application Thread] WARN  FXGLAssetLoaderServi - Asset "/assets/ui/fonts/Lato-Bold.ttf" was not found!
15:04:15.529 [JavaFX Application Thread] WARN  FXGLAssetLoaderServi - Failed to load FONT
15:04:15.532 [JavaFX Application Thread] DEBUG FXGLAssetLoaderServi - Loading from file system: file:/D:/IDEA%20Workspace/MyTetr/target/classes/assets/textures/background.jpg
15:04:15.589 [JavaFX Application Thread] DEBUG Input                - Clearing active input actions
15:04:15.591 [JavaFX Application Thread] DEBUG GameApplicationServi - Removing overlay from FXGLLoadingScene and adding to GameScene
15:04:15.591 [JavaFX Application Thread] DEBUG EmbeddedPaneWindow   - FXGLLoadingScene -> GameScene
15:04:16.073 [FXGL Background Thread 2 ] INFO  UpdaterService       - Your current version:  17.3
15:04:16.073 [FXGL Background Thread 2 ] INFO  UpdaterService       - Latest stable version: 21.1
15:04:16.086 [JavaFX Application Thread] DEBUG GameWorld            - Game world initialized
15:04:16.089 [JavaFX Application Thread] DEBUG PhysicsWorld         - Physics world initialized: appHeight=1000, physics.ppm=50.0
15:04:16.089 [JavaFX Application Thread] DEBUG PhysicsWorld         - Using strategy: BRUTE_FORCE
15:04:16.090 [JavaFX Application Thread] DEBUG GameScene            - Game scene initialized: 1500x1000
15:04:16.090 [JavaFX Application Thread] DEBUG Input                - Registered new binding: Escape - Esc
15:04:16.091 [JavaFX Application Thread] DEBUG FXGLAssetLoaderServi - Loading from file system: file:/D:/IDEA%20Workspace/MyTetr/target/classes/assets/textures/map.png
15:04:16.147 [JavaFX Application Thread] DEBUG FXGLAssetLoaderServi - Loading from file system: file:/D:/IDEA%20Workspace/MyTetr/target/classes/assets/textures/back1.jpg
15:04:16.218 [JavaFX Application Thread] DEBUG FXGLAssetLoaderServi - Loading from file system: file:/D:/IDEA%20Workspace/MyTetr/target/classes/assets/textures/block_9.png
15:04:16.226 [JavaFX Application Thread] DEBUG Input                - Registered new binding: AUTO-0 - Left
15:04:16.226 [JavaFX Application Thread] DEBUG Input                - Registered new binding: AUTO-1 - Right
15:04:16.226 [JavaFX Application Thread] DEBUG Input                - Registered new binding: AUTO-2 - Down
15:04:16.226 [JavaFX Application Thread] DEBUG Input                - Registered new binding: AUTO-3 - Space
15:04:16.226 [JavaFX Application Thread] DEBUG Input                - Registered new binding: AUTO-4 - Z
15:04:16.226 [JavaFX Application Thread] DEBUG Input                - Registered new binding: AUTO-5 - Up
15:04:16.226 [JavaFX Application Thread] DEBUG Input                - Registered new binding: AUTO-6 - A
15:04:16.229 [JavaFX Application Thread] DEBUG EmbeddedPaneWindow   - Push state: ConcurrentGameSubScene
15:04:16.230 [JavaFX Application Thread] DEBUG Input                - Clearing active input actions
15:04:16.231 [JavaFX Application Thread] DEBUG GameApplicationServi - Removing overlay from GameScene and adding to ConcurrentGameSubScene
15:04:16.231 [JavaFX Application Thread] DEBUG EmbeddedPaneWindow   - GameScene -> ConcurrentGameSubScene
15:04:16.233 [JavaFX Application Thread] DEBUG FXGLAssetLoaderServi - Loading from file system: file:/D:/IDEA%20Workspace/MyTetr/target/classes/assets/textures/block_2.png
15:04:16.235 [JavaFX Application Thread] DEBUG FXGLAssetLoaderServi - Loading from file system: file:/D:/IDEA%20Workspace/MyTetr/target/classes/assets/textures/block_5.png
15:04:16.237 [JavaFX Application Thread] DEBUG FXGLAssetLoaderServi - Loading from file system: file:/D:/IDEA%20Workspace/MyTetr/target/classes/assets/textures/block_1.png
15:04:16.239 [JavaFX Application Thread] DEBUG FXGLAssetLoaderServi - Loading from file system: file:/D:/IDEA%20Workspace/MyTetr/target/classes/assets/textures/block_0.png
15:04:16.241 [JavaFX Application Thread] DEBUG FXGLAssetLoaderServi - Loading from file system: file:/D:/IDEA%20Workspace/MyTetr/target/classes/assets/textures/block_4.png
15:04:16.242 [JavaFX Application Thread] DEBUG FXGLAssetLoaderServi - Loading from file system: file:/D:/IDEA%20Workspace/MyTetr/target/classes/assets/textures/block_3.png
15:04:18.352 [FXGL Background Thread 3 ] DEBUG Engine               - Logging environment variables
15:04:18.352 [FXGL Background Thread 3 ] DEBUG Engine               - achievements: []
15:04:18.352 [FXGL Background Thread 3 ] DEBUG Engine               - actualHeight: 960.0
15:04:18.352 [FXGL Background Thread 3 ] DEBUG Engine               - actualHeightProperty: ReadOnlyDoubleProperty [value: 960.0]
15:04:18.352 [FXGL Background Thread 3 ] DEBUG Engine               - actualWidth: 1440.0
15:04:18.352 [FXGL Background Thread 3 ] DEBUG Engine               - actualWidthProperty: ReadOnlyDoubleProperty [value: 1440.0]
15:04:18.353 [FXGL Background Thread 3 ] DEBUG Engine               - appIcon: fxgl_icon.png
15:04:18.353 [FXGL Background Thread 3 ] DEBUG Engine               - applicationMode: DEVELOPER
15:04:18.353 [FXGL Background Thread 3 ] DEBUG Engine               - cSSList: [fxgl_dark.css]
15:04:18.353 [FXGL Background Thread 3 ] DEBUG Engine               - collisionDetectionStrategy: BRUTE_FORCE
15:04:18.353 [FXGL Background Thread 3 ] DEBUG Engine               - configClass: Optional.empty
15:04:18.353 [FXGL Background Thread 3 ] DEBUG Engine               - credits: []
15:04:18.353 [FXGL Background Thread 3 ] DEBUG Engine               - defaultCursor: CursorInfo(imageName=fxgl_default_cursor.png, hotspotX=7.0, hotspotY=6.0)
15:04:18.353 [FXGL Background Thread 3 ] DEBUG Engine               - devBBoxColorProperty: ObjectProperty [value: 0xff0000ff]
15:04:18.353 [FXGL Background Thread 3 ] DEBUG Engine               - devEnableDebugCameraProperty: BooleanProperty [value: false]
15:04:18.353 [FXGL Background Thread 3 ] DEBUG Engine               - devSensorColorProperty: ObjectProperty [value: 0xffff00ff]
15:04:18.353 [FXGL Background Thread 3 ] DEBUG Engine               - devShowBBoxProperty: BooleanProperty [value: false]
15:04:18.353 [FXGL Background Thread 3 ] DEBUG Engine               - devShowPositionProperty: BooleanProperty [value: false]
15:04:18.353 [FXGL Background Thread 3 ] DEBUG Engine               - enabledMenuItems: []
15:04:18.353 [FXGL Background Thread 3 ] DEBUG Engine               - engineServices: [class com.almasb.fxgl.app.services.FXGLAssetLoaderService, class com.almasb.fxgl.app.FXGLApplication$GameApplicationService, class com.almasb.fxgl.app.services.FXGLDialogService, class com.almasb.fxgl.app.services.IOTaskExecutorService, class com.almasb.fxgl.io.FileSystemService, class com.almasb.fxgl.localization.LocalizationService, class com.almasb.fxgl.app.services.SystemBundleService, class com.almasb.fxgl.profile.SaveLoadService, class com.almasb.fxgl.ui.FXGLUIFactoryServiceProvider, class com.almasb.fxgl.ui.FXGLDialogFactoryServiceProvider, class com.almasb.fxgl.audio.AudioPlayer, class com.almasb.fxgl.notification.impl.NotificationServiceProvider, class com.almasb.fxgl.achievement.AchievementService, class com.almasb.fxgl.cutscene.CutsceneService, class com.almasb.fxgl.minigames.MiniGameService, class com.almasb.fxgl.net.NetService, class com.almasb.fxgl.app.services.UpdaterService, class com.almasb.fxgl.dev.DevService]
15:04:18.353 [FXGL Background Thread 3 ] DEBUG Engine               - fontGame: Abel-Regular.ttf
15:04:18.353 [FXGL Background Thread 3 ] DEBUG Engine               - fontMono: TerminalLandMono-Regular.otf
15:04:18.353 [FXGL Background Thread 3 ] DEBUG Engine               - fontSizeScaleUI: 1.0
15:04:18.353 [FXGL Background Thread 3 ] DEBUG Engine               - fontText: Courier-Prime.ttf
15:04:18.353 [FXGL Background Thread 3 ] DEBUG Engine               - fontUI: BlackOpsOne-Regular.ttf
15:04:18.353 [FXGL Background Thread 3 ] DEBUG Engine               - fullScreen: BooleanProperty [value: false]
15:04:18.353 [FXGL Background Thread 3 ] DEBUG Engine               - gameDifficulty: MEDIUM
15:04:18.353 [FXGL Background Thread 3 ] DEBUG Engine               - gameDifficultyProperty: ObjectProperty [value: MEDIUM]
15:04:18.354 [FXGL Background Thread 3 ] DEBUG Engine               - globalMusicVolume: 0.5
15:04:18.354 [FXGL Background Thread 3 ] DEBUG Engine               - globalMusicVolumeProperty: DoubleProperty [value: 0.5]
15:04:18.354 [FXGL Background Thread 3 ] DEBUG Engine               - globalSoundVolume: 0.5
15:04:18.354 [FXGL Background Thread 3 ] DEBUG Engine               - globalSoundVolumeProperty: DoubleProperty [value: 0.5]
15:04:18.354 [FXGL Background Thread 3 ] DEBUG Engine               - height: 1000
15:04:18.354 [FXGL Background Thread 3 ] DEBUG Engine               - is3D: false
15:04:18.354 [FXGL Background Thread 3 ] DEBUG Engine               - isAndroid: false
15:04:18.354 [FXGL Background Thread 3 ] DEBUG Engine               - isBrowser: false
15:04:18.354 [FXGL Background Thread 3 ] DEBUG Engine               - isClickFeedbackEnabled: false
15:04:18.354 [FXGL Background Thread 3 ] DEBUG Engine               - isCloseConfirmation: false
15:04:18.354 [FXGL Background Thread 3 ] DEBUG Engine               - isDesktop: true
15:04:18.354 [FXGL Background Thread 3 ] DEBUG Engine               - isDeveloperMenuEnabled: false
15:04:18.354 [FXGL Background Thread 3 ] DEBUG Engine               - isEmbedded: false
15:04:18.354 [FXGL Background Thread 3 ] DEBUG Engine               - isEntityPreloadEnabled: true
15:04:18.354 [FXGL Background Thread 3 ] DEBUG Engine               - isExperimentalTiledLargeMap: false
15:04:18.354 [FXGL Background Thread 3 ] DEBUG Engine               - isFileSystemWriteAllowed: true
15:04:18.354 [FXGL Background Thread 3 ] DEBUG Engine               - isFullScreenAllowed: false
15:04:18.354 [FXGL Background Thread 3 ] DEBUG Engine               - isFullScreenFromStart: false
15:04:18.354 [FXGL Background Thread 3 ] DEBUG Engine               - isGameMenuEnabled: false
15:04:18.354 [FXGL Background Thread 3 ] DEBUG Engine               - isIOS: false
15:04:18.354 [FXGL Background Thread 3 ] DEBUG Engine               - isIntroEnabled: false
15:04:18.354 [FXGL Background Thread 3 ] DEBUG Engine               - isLinux: false
15:04:18.354 [FXGL Background Thread 3 ] DEBUG Engine               - isMac: false
15:04:18.354 [FXGL Background Thread 3 ] DEBUG Engine               - isMainMenuEnabled: false
15:04:18.354 [FXGL Background Thread 3 ] DEBUG Engine               - isManualResizeEnabled: false
15:04:18.354 [FXGL Background Thread 3 ] DEBUG Engine               - isMobile: false
15:04:18.354 [FXGL Background Thread 3 ] DEBUG Engine               - isNative: false
15:04:18.354 [FXGL Background Thread 3 ] DEBUG Engine               - isPauseMusicWhenMinimized: true
15:04:18.354 [FXGL Background Thread 3 ] DEBUG Engine               - isPreserveResizeRatio: false
15:04:18.354 [FXGL Background Thread 3 ] DEBUG Engine               - isProfilingEnabled: false
15:04:18.354 [FXGL Background Thread 3 ] DEBUG Engine               - isScaleAffectedOnResize: true
15:04:18.354 [FXGL Background Thread 3 ] DEBUG Engine               - isSingleStep: false
15:04:18.354 [FXGL Background Thread 3 ] DEBUG Engine               - isUserProfileEnabled: false
15:04:18.354 [FXGL Background Thread 3 ] DEBUG Engine               - isWindows: true
15:04:18.354 [FXGL Background Thread 3 ] DEBUG Engine               - language: ObjectProperty [value: ENGLISH]
15:04:18.354 [FXGL Background Thread 3 ] DEBUG Engine               - menuKey: ESCAPE
15:04:18.354 [FXGL Background Thread 3 ] DEBUG Engine               - mouseSensitivity: 0.2
15:04:18.354 [FXGL Background Thread 3 ] DEBUG Engine               - notificationViewClass: class com.almasb.fxgl.notification.view.XboxNotificationView
15:04:18.354 [FXGL Background Thread 3 ] DEBUG Engine               - pixelsPerMeter: 50.0
15:04:18.354 [FXGL Background Thread 3 ] DEBUG Engine               - platform: WINDOWS
15:04:18.354 [FXGL Background Thread 3 ] DEBUG Engine               - prefHeightProperty: ReadOnlyDoubleProperty [value: 1000.0]
15:04:18.355 [FXGL Background Thread 3 ] DEBUG Engine               - prefWidthProperty: ReadOnlyDoubleProperty [value: 1500.0]
15:04:18.355 [FXGL Background Thread 3 ] DEBUG Engine               - profileDir: profiles/
15:04:18.355 [FXGL Background Thread 3 ] DEBUG Engine               - profileName: StringProperty [value: DEFAULT]
15:04:18.355 [FXGL Background Thread 3 ] DEBUG Engine               - randomSeed: -1
15:04:18.355 [FXGL Background Thread 3 ] DEBUG Engine               - runtimeInfo: RuntimeInfo(platform=WINDOWS, version=17.3, build=30.03.2023 11.49)
15:04:18.355 [FXGL Background Thread 3 ] DEBUG Engine               - saveFileExt: sav
15:04:18.355 [FXGL Background Thread 3 ] DEBUG Engine               - scaledHeightProp$fxgl: DoubleProperty [bound, value: 960.0]
15:04:18.355 [FXGL Background Thread 3 ] DEBUG Engine               - scaledWidthProp$fxgl: DoubleProperty [bound, value: 1440.0]
15:04:18.355 [FXGL Background Thread 3 ] DEBUG Engine               - sceneFactory: com.almasb.fxgl.app.scene.SceneFactory@7c5aa94a
15:04:18.355 [FXGL Background Thread 3 ] DEBUG Engine               - secondsIn24h: 60
15:04:18.355 [FXGL Background Thread 3 ] DEBUG Engine               - soundMenuBack: menu/back.wav
15:04:18.355 [FXGL Background Thread 3 ] DEBUG Engine               - soundMenuPress: menu/press.wav
15:04:18.355 [FXGL Background Thread 3 ] DEBUG Engine               - soundMenuSelect: menu/select.wav
15:04:18.355 [FXGL Background Thread 3 ] DEBUG Engine               - soundNotification: core/notification.wav
15:04:18.355 [FXGL Background Thread 3 ] DEBUG Engine               - stageStyle: DECORATED
15:04:18.355 [FXGL Background Thread 3 ] DEBUG Engine               - supportedLanguages: [ENGLISH, FRENCH, GERMAN, HUNGARIAN, RUSSIAN]
15:04:18.355 [FXGL Background Thread 3 ] DEBUG Engine               - ticksPerSecond: -1
15:04:18.355 [FXGL Background Thread 3 ] DEBUG Engine               - title: Demo
15:04:18.355 [FXGL Background Thread 3 ] DEBUG Engine               - urlGithub: https://github.com/AlmasB/FXGL
15:04:18.355 [FXGL Background Thread 3 ] DEBUG Engine               - urlLeaderboard: http://fxgl-top.herokuapp.com/
15:04:18.355 [FXGL Background Thread 3 ] DEBUG Engine               - urlPOM: https://raw.githubusercontent.com/AlmasB/FXGL/release/README.md
15:04:18.355 [FXGL Background Thread 3 ] DEBUG Engine               - userAppClass: class com.Cubicheng.MyTetr.GameApp
15:04:18.355 [FXGL Background Thread 3 ] DEBUG Engine               - version: 0.0
15:04:18.355 [FXGL Background Thread 3 ] DEBUG Engine               - versionCheckDays: 7
15:04:18.355 [FXGL Background Thread 3 ] DEBUG Engine               - width: 1500
15:04:18.355 [FXGL Background Thread 3 ] DEBUG Engine               - Logging services
15:04:18.355 [FXGL Background Thread 3 ] DEBUG Engine               - class com.almasb.fxgl.app.services.FXGLAssetLoaderService
15:04:18.355 [FXGL Background Thread 3 ] DEBUG Engine               - class com.almasb.fxgl.app.FXGLApplication$GameApplicationService
15:04:18.355 [FXGL Background Thread 3 ] DEBUG Engine               - class com.almasb.fxgl.app.services.FXGLDialogService
15:04:18.355 [FXGL Background Thread 3 ] DEBUG Engine               - class com.almasb.fxgl.app.services.IOTaskExecutorService
15:04:18.355 [FXGL Background Thread 3 ] DEBUG Engine               - class com.almasb.fxgl.io.FileSystemService
15:04:18.355 [FXGL Background Thread 3 ] DEBUG Engine               - class com.almasb.fxgl.localization.LocalizationService
15:04:18.355 [FXGL Background Thread 3 ] DEBUG Engine               - class com.almasb.fxgl.app.services.SystemBundleService
15:04:18.355 [FXGL Background Thread 3 ] DEBUG Engine               - class com.almasb.fxgl.profile.SaveLoadService
15:04:18.355 [FXGL Background Thread 3 ] DEBUG Engine               - class com.almasb.fxgl.ui.FXGLUIFactoryServiceProvider
15:04:18.355 [FXGL Background Thread 3 ] DEBUG Engine               - class com.almasb.fxgl.ui.FXGLDialogFactoryServiceProvider
15:04:18.355 [FXGL Background Thread 3 ] DEBUG Engine               - class com.almasb.fxgl.audio.AudioPlayer
15:04:18.355 [FXGL Background Thread 3 ] DEBUG Engine               - class com.almasb.fxgl.notification.impl.NotificationServiceProvider
15:04:18.355 [FXGL Background Thread 3 ] DEBUG Engine               - class com.almasb.fxgl.achievement.AchievementService
15:04:18.355 [FXGL Background Thread 3 ] DEBUG Engine               - class com.almasb.fxgl.cutscene.CutsceneService
15:04:18.355 [FXGL Background Thread 3 ] DEBUG Engine               - class com.almasb.fxgl.minigames.MiniGameService
15:04:18.355 [FXGL Background Thread 3 ] DEBUG Engine               - class com.almasb.fxgl.net.NetService
15:04:18.355 [FXGL Background Thread 3 ] DEBUG Engine               - class com.almasb.fxgl.app.services.UpdaterService
15:04:18.355 [FXGL Background Thread 3 ] DEBUG Engine               - class com.almasb.fxgl.dev.DevService
15:04:18.893 [JavaFX Application Thread] DEBUG LoopRunner           - Stopping loop
15:04:18.895 [JavaFX Application Thread] FATAL FXGLApplication      - Uncaught Exception:
java.lang.NullPointerException: Cannot read field "techomino" because "this.techomino" is null
	at MyTetr/com.Cubicheng.MyTetr.gameWorld.components.piece.OnePieceComponent.update_texture(OnePieceComponent.java:83)
	at MyTetr/com.Cubicheng.MyTetr.gameWorld.components.piece.HoldPieceComponent.set_can_hold(HoldPieceComponent.java:56)
	at MyTetr/com.Cubicheng.MyTetr.gameWorld.components.piece.MovablePieceComponent.hard_drop(MovablePieceComponent.java:90)
	at com.almasb.fxgl.all@17.3/com.almasb.fxgl.dsl.KeyInputBuilder$2.onAction(KeyInputBuilder.kt:53)
	at com.almasb.fxgl.core@17.3/com.almasb.fxgl.input.UserAction.action$fxgl_core(UserAction.kt:38)
	at com.almasb.fxgl.core@17.3/com.almasb.fxgl.input.Input.update(Input.kt:288)
	at com.almasb.fxgl.scene@17.3/com.almasb.fxgl.scene.Scene.update(Scene.kt:103)
	at com.almasb.fxgl.all@17.3/com.almasb.fxgl.app.MainWindow$update$1.invoke(MainWindow.kt:115)
	at com.almasb.fxgl.all@17.3/com.almasb.fxgl.app.MainWindow$update$1.invoke(MainWindow.kt:115)
	at com.almasb.fxgl.core@17.3/com.almasb.fxgl.core.fsm.StateMachine.runOnActiveStates(StateMachine.kt:69)
	at com.almasb.fxgl.all@17.3/com.almasb.fxgl.app.MainWindow.update(MainWindow.kt:115)
	at com.almasb.fxgl.all@17.3/com.almasb.fxgl.app.FXGLApplication$GameApplicationService.onUpdate(FXGLApplication.kt:426)
	at com.almasb.fxgl.all@17.3/com.almasb.fxgl.app.Engine.loop(Engine.kt:134)
	at com.almasb.fxgl.all@17.3/com.almasb.fxgl.app.Engine.access$loop(Engine.kt:24)
	at com.almasb.fxgl.all@17.3/com.almasb.fxgl.app.Engine$loop$1.invoke(Engine.kt:28)
	at com.almasb.fxgl.all@17.3/com.almasb.fxgl.app.Engine$loop$1.invoke(Engine.kt:28)
	at com.almasb.fxgl.all@17.3/com.almasb.fxgl.app.LoopRunner.frame(LoopRunner.kt:103)
	at com.almasb.fxgl.all@17.3/com.almasb.fxgl.app.LoopRunner.access$frame(LoopRunner.kt:23)
	at com.almasb.fxgl.all@17.3/com.almasb.fxgl.app.LoopRunner$impl$2$1.onTick(LoopRunner.kt:57)
	at com.almasb.fxgl.all@17.3/com.almasb.fxgl.app.AnimationTimerLoop$timer$1.handle(LoopRunner.kt:137)
	at javafx.graphics@21.0.1/javafx.animation.AnimationTimer$AnimationTimerReceiver.lambda$handle$0(AnimationTimer.java:58)
	at java.base/java.security.AccessController.doPrivileged(AccessController.java:400)
	at javafx.graphics@21.0.1/javafx.animation.AnimationTimer$AnimationTimerReceiver.handle(AnimationTimer.java:57)
	at javafx.graphics@21.0.1/com.sun.scenario.animation.AbstractPrimaryTimer.timePulseImpl(AbstractPrimaryTimer.java:356)
	at javafx.graphics@21.0.1/com.sun.scenario.animation.AbstractPrimaryTimer$MainLoop.run(AbstractPrimaryTimer.java:266)
	at javafx.graphics@21.0.1/com.sun.javafx.tk.quantum.QuantumToolkit.pulse(QuantumToolkit.java:588)
	at javafx.graphics@21.0.1/com.sun.javafx.tk.quantum.QuantumToolkit.pulse(QuantumToolkit.java:572)
	at javafx.graphics@21.0.1/com.sun.javafx.tk.quantum.QuantumToolkit.pulseFromQueue(QuantumToolkit.java:565)
	at javafx.graphics@21.0.1/com.sun.javafx.tk.quantum.QuantumToolkit.lambda$runToolkit$11(QuantumToolkit.java:352)
	at javafx.graphics@21.0.1/com.sun.glass.ui.InvokeLaterDispatcher$Future.run(InvokeLaterDispatcher.java:95)
	at javafx.graphics@21.0.1/com.sun.glass.ui.win.WinApplication._runLoop(Native Method)
	at javafx.graphics@21.0.1/com.sun.glass.ui.win.WinApplication.lambda$runLoop$3(WinApplication.java:185)
	at java.base/java.lang.Thread.run(Thread.java:1583)

15:04:18.895 [JavaFX Application Thread] FATAL FXGLApplication      - Application will now exit
15:04:18.908 [JavaFX Application Thread] DEBUG EmbeddedPaneWindow   - Push state: ErrorSubScene
15:04:18.908 [JavaFX Application Thread] DEBUG Input                - Clearing active input actions
15:04:18.911 [JavaFX Application Thread] DEBUG GameApplicationServi - Removing overlay from ConcurrentGameSubScene and adding to ErrorSubScene
15:04:18.911 [JavaFX Application Thread] DEBUG EmbeddedPaneWindow   - ConcurrentGameSubScene -> ErrorSubScene
15:04:23.023 [JavaFX Application Thread] DEBUG FXGLApplication      - Exiting FXGL
15:04:23.023 [JavaFX Application Thread] DEBUG Async                - Shutting down background threads
15:04:23.023 [JavaFX Application Thread] DEBUG Logger               - Closing Logger
