14:55:10.358 [JavaFX Application Thread] DEBUG Logger               - Configured Logger
14:55:10.364 [JavaFX Application Thread] DEBUG GameApplication      - Logging settings
Title: Demo
Version: 0.0
Width: 1500
Height: 1000
Fullscreen: false
Intro: false
Profiling: false
Single step:false
App Mode: DEVELOPER
Menu Key: ESCAPE
Stage Style: DECORATED
Scene Factory: class com.almasb.fxgl.app.scene.SceneFactory

14:55:10.365 [JavaFX Application Thread] DEBUG FXGLApplication      - Initializing FXGL
14:55:10.367 [JavaFX Application Thread] INFO  Engine               - FXGL-21+dev-SNAPSHOT (14.11.2024 09.11) on WINDOWS (J:21.0.4 FX:21.0.1)
14:55:10.368 [JavaFX Application Thread] DEBUG Engine               - JRE Vendor Name: Oracle Corporation
14:55:10.368 [JavaFX Application Thread] DEBUG Engine               - Running on OS: Windows 11 version 10.0
14:55:10.368 [JavaFX Application Thread] DEBUG Engine               - Architecture: amd64
14:55:10.368 [JavaFX Application Thread] INFO  Engine               - Source code and latest versions at: https://github.com/AlmasB/FXGL
14:55:10.368 [JavaFX Application Thread] INFO  Engine               -       Ask questions and discuss at: https://github.com/AlmasB/FXGL/discussions
14:55:10.368 [JavaFX Application Thread] INFO  Engine               -              Join the FXGL chat at: https://gitter.im/AlmasB/FXGL
14:55:10.398 [JavaFX Application Thread] DEBUG EmbeddedPaneWindow   - Target settings size: 1500.0 x 1000.0
14:55:10.398 [JavaFX Application Thread] DEBUG EmbeddedPaneWindow   - Scaled scene size:    1500.0 x 1000.0
14:55:10.398 [JavaFX Application Thread] DEBUG EmbeddedPaneWindow   - Scaled ratio: (1.0, 1.0)
14:55:10.400 [JavaFX Application Thread] DEBUG EmbeddedPaneWindow   - Set initial scene to FXGLStartupScene
14:55:10.401 [JavaFX Application Thread] DEBUG EmbeddedPaneWindow   - Opening embedded window
14:55:10.401 [JavaFX Application Thread] DEBUG EmbeddedPaneWindow   - Window border size: (0, 0)
14:55:10.401 [JavaFX Application Thread] DEBUG EmbeddedPaneWindow   - Scaled size: 1500.0 x 1000.0
14:55:10.401 [JavaFX Application Thread] DEBUG EmbeddedPaneWindow   - Scaled ratio: (1.0, 1.0)
14:55:10.405 [FXGL Background Thread 1 ] DEBUG Engine               - Initializing environment variables
14:55:10.431 [FXGL Background Thread 1 ] DEBUG FXGLAssetLoaderServi - User app class for loading assets: class com.Cubicheng.MyTetr.GameApp
14:55:10.431 [FXGL Background Thread 1 ] DEBUG GameApplicationServi - Applying CSS: fxgl_dark.css
14:55:10.432 [FXGL Background Thread 1 ] DEBUG FXGLAssetLoaderServi - Loading from file system: jar:file:///C:/Users/26303/.m2/repository/com/github/almasb/fxgl/21+dev-SNAPSHOT/fxgl-21+dev-SNAPSHOT.jar!/fxglassets/ui/css/fxgl_dark.css
14:55:10.451 [FXGL Background Thread 1 ] DEBUG GameApplicationServi - Initializing application scenes
14:55:10.506 [FXGL Background Thread 1 ] DEBUG GameWorld            - Game world initialized
14:55:10.556 [FXGL Background Thread 1 ] DEBUG PhysicsWorld         - Physics world initialized: appHeight=1000, physics.ppm=50.0
14:55:10.556 [FXGL Background Thread 1 ] DEBUG PhysicsWorld         - Using strategy: BRUTE_FORCE
14:55:10.558 [FXGL Background Thread 1 ] DEBUG GameScene            - Game scene initialized: 1500x1000
14:55:10.558 [FXGL Background Thread 1 ] DEBUG GameApplicationServi - Application scenes initialized
14:55:10.581 [FXGL Background Thread 1 ] DEBUG SystemBundleService  - Loading FXGL system data
14:55:10.582 [FXGL Background Thread 1 ] WARN  SystemBundleService  - Failed to load: java.io.FileNotFoundException: D:\IDEA Workspace\MyTetr\system\fxgl.bundle (系统找不到指定的文件。)
14:55:10.583 [FXGL Background Thread 1 ] DEBUG SystemBundleService  - Loading default FXGL system data
14:55:10.583 [FXGL Background Thread 1 ] DEBUG UpdaterService       - Checking for updates
14:55:10.585 [FXGL Background Thread 4 ] DEBUG FXGLApplication      - Loading fonts
14:55:10.586 [FXGL Background Thread 4 ] WARN  FXGLAssetLoaderServi - Asset "/assets/ui/fonts/BlackOpsOne-Regular.ttf" was not found!
14:55:10.586 [FXGL Background Thread 4 ] WARN  FXGLAssetLoaderServi - Failed to load FONT
14:55:10.586 [FXGL Background Thread 1 ] DEBUG FXGLApplication      - Loading default localization
14:55:10.587 [FXGL Background Thread 4 ] DEBUG FXGLAssetLoaderServi - Loading from file system: jar:file:///C:/Users/26303/.m2/repository/com/github/almasb/fxgl/21+dev-SNAPSHOT/fxgl-21+dev-SNAPSHOT.jar!/fxglassets/ui/fonts/Abel-Regular.ttf
14:55:10.587 [FXGL Background Thread 1 ] DEBUG FXGLAssetLoaderServi - Loading from file system: jar:file:///C:/Users/26303/.m2/repository/com/github/almasb/fxgl/21+dev-SNAPSHOT/fxgl-21+dev-SNAPSHOT.jar!/fxglassets/languages/english.lang
14:55:10.592 [FXGL Background Thread 4 ] DEBUG FXGLAssetLoaderServi - Loading from file system: jar:file:///C:/Users/26303/.m2/repository/com/github/almasb/fxgl/21+dev-SNAPSHOT/fxgl-21+dev-SNAPSHOT.jar!/fxglassets/ui/fonts/TerminalLandMono-Regular.otf
14:55:10.595 [FXGL Background Thread 4 ] DEBUG FXGLAssetLoaderServi - Loading from file system: jar:file:///C:/Users/26303/.m2/repository/com/github/almasb/fxgl/21+dev-SNAPSHOT/fxgl-21+dev-SNAPSHOT.jar!/fxglassets/ui/fonts/Courier-Prime.ttf
14:55:10.600 [JavaFX Application Thread] DEBUG FXGLApplication      - Registering font factories with UI factory
14:55:10.624 [FXGL Background Thread 1 ] INFO  FXGLApplication      - FXGL initialization took: 0.218 sec
14:55:10.634 [JavaFX Application Thread] DEBUG Input                - Registered new binding: NUMPAD7 - Numpad 7
14:55:10.634 [JavaFX Application Thread] DEBUG Input                - Registered new binding: VOLUME_DOWN - Volume Down
14:55:10.634 [JavaFX Application Thread] DEBUG Input                - Registered new binding: PLAY - Play
14:55:10.634 [JavaFX Application Thread] DEBUG Input                - Registered new binding: F8 - F8
14:55:10.634 [JavaFX Application Thread] DEBUG Input                - Registered new binding: SOFTKEY_0 - Softkey 0
14:55:10.634 [JavaFX Application Thread] DEBUG Input                - Registered new binding: PAGE_UP - Page Up
14:55:10.634 [JavaFX Application Thread] DEBUG Input                - Registered new binding: NUMPAD9 - Numpad 9
14:55:10.634 [JavaFX Application Thread] DEBUG Input                - Registered new binding: CLEAR - Clear
14:55:10.634 [JavaFX Application Thread] DEBUG Input                - Registered new binding: POWER - Power
14:55:10.634 [JavaFX Application Thread] DEBUG Input                - Registered new binding: COMMA - Comma
14:55:10.634 [JavaFX Application Thread] DEBUG Input                - Registered new binding: HELP - Help
14:55:10.634 [JavaFX Application Thread] DEBUG Input                - Registered new binding: UNDEFINED - Undefined
14:55:10.634 [JavaFX Application Thread] DEBUG Input                - Registered new binding: F16 - F16
14:55:10.634 [JavaFX Application Thread] DEBUG Input                - Registered new binding: SOFTKEY_1 - Softkey 1
14:55:10.634 [JavaFX Application Thread] DEBUG Input                - Registered new binding: SOFTKEY_3 - Softkey 3
14:55:10.634 [JavaFX Application Thread] DEBUG Input                - Registered new binding: CHANNEL_DOWN - Channel Down
14:55:10.634 [JavaFX Application Thread] DEBUG Input                - Registered new binding: W - W
14:55:10.634 [JavaFX Application Thread] DEBUG Input                - Registered new binding: CONVERT - Convert
14:55:10.634 [JavaFX Application Thread] DEBUG Input                - Registered new binding: F20 - F20
14:55:10.634 [JavaFX Application Thread] DEBUG Input                - Registered new binding: DIVIDE - Divide
14:55:10.635 [JavaFX Application Thread] DEBUG Input                - Registered new binding: COLORED_KEY_1 - Colored Key 1
14:55:10.635 [JavaFX Application Thread] DEBUG Input                - Registered new binding: GREATER - Greater
14:55:10.635 [JavaFX Application Thread] DEBUG Input                - Registered new binding: FINAL - Final
14:55:10.635 [JavaFX Application Thread] DEBUG Input                - Registered new binding: CLOSE_BRACKET - Close Bracket
14:55:10.635 [JavaFX Application Thread] DEBUG Input                - Registered new binding: EXCLAMATION_MARK - Exclamation Mark
14:55:10.635 [JavaFX Application Thread] DEBUG Input                - Registered new binding: ALL_CANDIDATES - All Candidates
14:55:10.635 [JavaFX Application Thread] DEBUG Input                - Registered new binding: DEAD_BREVE - Dead Breve
14:55:10.635 [JavaFX Application Thread] DEBUG Input                - Registered new binding: FAST_FWD - Fast Forward
14:55:10.635 [JavaFX Application Thread] DEBUG Input                - Registered new binding: SLASH - Slash
14:55:10.635 [JavaFX Application Thread] DEBUG Input                - Registered new binding: X - X
14:55:10.635 [JavaFX Application Thread] DEBUG Input                - Registered new binding: SPACE - Space
14:55:10.635 [JavaFX Application Thread] DEBUG Input                - Registered new binding: PASTE - Paste
14:55:10.635 [JavaFX Application Thread] DEBUG Input                - Registered new binding: DIGIT7 - 7
14:55:10.635 [JavaFX Application Thread] DEBUG Input                - Registered new binding: DEAD_VOICED_SOUND - Dead Voiced Sound
14:55:10.635 [JavaFX Application Thread] DEBUG Input                - Registered new binding: DEAD_ABOVERING - Dead Abovering
14:55:10.635 [JavaFX Application Thread] DEBUG Input                - Registered new binding: UNDERSCORE - Underscore
14:55:10.635 [JavaFX Application Thread] DEBUG Input                - Registered new binding: PAGE_DOWN - Page Down
14:55:10.635 [JavaFX Application Thread] DEBUG Input                - Registered new binding: I - I
14:55:10.635 [JavaFX Application Thread] DEBUG Input                - Registered new binding: F2 - F2
14:55:10.635 [JavaFX Application Thread] DEBUG Input                - Registered new binding: F17 - F17
14:55:10.635 [JavaFX Application Thread] DEBUG Input                - Registered new binding: AT - At
14:55:10.635 [JavaFX Application Thread] DEBUG Input                - Registered new binding: DEAD_DOUBLEACUTE - Dead Doubleacute
14:55:10.635 [JavaFX Application Thread] DEBUG Input                - Registered new binding: F24 - F24
14:55:10.635 [JavaFX Application Thread] DEBUG Input                - Registered new binding: AGAIN - Again
14:55:10.636 [JavaFX Application Thread] DEBUG Input                - Registered new binding: ASTERISK - Asterisk
14:55:10.636 [JavaFX Application Thread] DEBUG Input                - Registered new binding: U - U
14:55:10.636 [JavaFX Application Thread] DEBUG Input                - Registered new binding: DEAD_CEDILLA - Dead Cedilla
14:55:10.636 [JavaFX Application Thread] DEBUG Input                - Registered new binding: RIGHT_PARENTHESIS - Right Parenthesis
14:55:10.636 [JavaFX Application Thread] DEBUG Input                - Registered new binding: Z - Z
14:55:10.636 [JavaFX Application Thread] DEBUG Input                - Registered new binding: KATAKANA - Katakana
14:55:10.636 [JavaFX Application Thread] DEBUG Input                - Registered new binding: UNDO - Undo
14:55:10.636 [JavaFX Application Thread] DEBUG Input                - Registered new binding: NUMPAD1 - Numpad 1
14:55:10.636 [JavaFX Application Thread] DEBUG Input                - Registered new binding: END - End
14:55:10.636 [JavaFX Application Thread] DEBUG Input                - Registered new binding: KP_LEFT - Numpad Left
14:55:10.636 [JavaFX Application Thread] DEBUG Input                - Registered new binding: SOFTKEY_2 - Softkey 2
14:55:10.636 [JavaFX Application Thread] DEBUG Input                - Registered new binding: Q - Q
14:55:10.636 [JavaFX Application Thread] DEBUG Input                - Registered new binding: F5 - F5
14:55:10.636 [JavaFX Application Thread] DEBUG Input                - Registered new binding: COLON - Colon
14:55:10.636 [JavaFX Application Thread] DEBUG Input                - Registered new binding: MINUS - Minus
14:55:10.636 [JavaFX Application Thread] DEBUG Input                - Registered new binding: BRACERIGHT - Right Brace
14:55:10.636 [JavaFX Application Thread] DEBUG Input                - Registered new binding: TRACK_NEXT - Next Track
14:55:10.636 [JavaFX Application Thread] DEBUG Input                - Registered new binding: VOLUME_UP - Volume Up
14:55:10.636 [JavaFX Application Thread] DEBUG Input                - Registered new binding: BACK_SLASH - Back Slash
14:55:10.636 [JavaFX Application Thread] DEBUG Input                - Registered new binding: K - K
14:55:10.636 [JavaFX Application Thread] DEBUG Input                - Registered new binding: NUMBER_SIGN - Number Sign
14:55:10.636 [JavaFX Application Thread] DEBUG Input                - Registered new binding: SEMICOLON - Semicolon
14:55:10.636 [JavaFX Application Thread] DEBUG Input                - Registered new binding: QUOTE - Quote
14:55:10.636 [JavaFX Application Thread] DEBUG Input                - Registered new binding: INFO - Info
14:55:10.636 [JavaFX Application Thread] DEBUG Input                - Registered new binding: L - L
14:55:10.637 [JavaFX Application Thread] DEBUG Input                - Registered new binding: F15 - F15
14:55:10.637 [JavaFX Application Thread] DEBUG Input                - Registered new binding: CODE_INPUT - Code Input
14:55:10.637 [JavaFX Application Thread] DEBUG Input                - Registered new binding: GAME_C - Game C
14:55:10.637 [JavaFX Application Thread] DEBUG Input                - Registered new binding: DELETE - Delete
14:55:10.637 [JavaFX Application Thread] DEBUG Input                - Registered new binding: SCROLL_LOCK - Scroll Lock
14:55:10.637 [JavaFX Application Thread] DEBUG Input                - Registered new binding: DIGIT4 - 4
14:55:10.637 [JavaFX Application Thread] DEBUG Input                - Registered new binding: SOFTKEY_6 - Softkey 6
14:55:10.637 [JavaFX Application Thread] DEBUG Input                - Registered new binding: ENTER - Enter
14:55:10.637 [JavaFX Application Thread] DEBUG Input                - Registered new binding: COLORED_KEY_2 - Colored Key 2
14:55:10.637 [JavaFX Application Thread] DEBUG Input                - Registered new binding: HOME - Home
14:55:10.637 [JavaFX Application Thread] DEBUG Input                - Registered new binding: DEAD_GRAVE - Dead Grave
14:55:10.637 [JavaFX Application Thread] DEBUG Input                - Registered new binding: F3 - F3
14:55:10.637 [JavaFX Application Thread] DEBUG Input                - Registered new binding: MUTE - Mute
14:55:10.637 [JavaFX Application Thread] DEBUG Input                - Registered new binding: DEAD_SEMIVOICED_SOUND - Dead Semivoiced Sound
14:55:10.637 [JavaFX Application Thread] DEBUG Input                - Registered new binding: F22 - F22
14:55:10.637 [JavaFX Application Thread] DEBUG Input                - Registered new binding: NUMPAD3 - Numpad 3
14:55:10.637 [JavaFX Application Thread] DEBUG Input                - Registered new binding: V - V
14:55:10.637 [JavaFX Application Thread] DEBUG Input                - Registered new binding: F6 - F6
14:55:10.637 [JavaFX Application Thread] DEBUG Input                - Registered new binding: JAPANESE_KATAKANA - Japanese Katakana
14:55:10.637 [JavaFX Application Thread] DEBUG Input                - Registered new binding: P - P
14:55:10.637 [JavaFX Application Thread] DEBUG Input                - Registered new binding: F1 - F1
14:55:10.638 [JavaFX Application Thread] DEBUG Input                - Registered new binding: DIGIT9 - 9
14:55:10.638 [JavaFX Application Thread] DEBUG Input                - Registered new binding: PLUS - Plus
14:55:10.638 [JavaFX Application Thread] DEBUG Input                - Registered new binding: F7 - F7
14:55:10.638 [JavaFX Application Thread] DEBUG Input                - Registered new binding: PAUSE - Pause
14:55:10.638 [JavaFX Application Thread] DEBUG Input                - Registered new binding: OPEN_BRACKET - Open Bracket
14:55:10.638 [JavaFX Application Thread] DEBUG Input                - Registered new binding: C - C
14:55:10.638 [JavaFX Application Thread] DEBUG Input                - Registered new binding: NUMPAD6 - Numpad 6
14:55:10.638 [JavaFX Application Thread] DEBUG Input                - Registered new binding: SUBTRACT - Subtract
14:55:10.638 [JavaFX Application Thread] DEBUG Input                - Registered new binding: E - E
14:55:10.638 [JavaFX Application Thread] DEBUG Input                - Registered new binding: F10 - F10
14:55:10.638 [JavaFX Application Thread] DEBUG Input                - Registered new binding: CAPS - Caps Lock
14:55:10.638 [JavaFX Application Thread] DEBUG Input                - Registered new binding: F19 - F19
14:55:10.638 [JavaFX Application Thread] DEBUG Input                - Registered new binding: DEAD_OGONEK - Dead Ogonek
14:55:10.638 [JavaFX Application Thread] DEBUG Input                - Registered new binding: PROPS - Properties
14:55:10.638 [JavaFX Application Thread] DEBUG Input                - Registered new binding: KANJI - Kanji
14:55:10.638 [JavaFX Application Thread] DEBUG Input                - Registered new binding: AMPERSAND - Ampersand
14:55:10.638 [JavaFX Application Thread] DEBUG Input                - Registered new binding: F11 - F11
14:55:10.638 [JavaFX Application Thread] DEBUG Input                - Registered new binding: EURO_SIGN - Euro Sign
14:55:10.638 [JavaFX Application Thread] DEBUG Input                - Registered new binding: M - M
14:55:10.638 [JavaFX Application Thread] DEBUG Input                - Registered new binding: NUMPAD8 - Numpad 8
14:55:10.638 [JavaFX Application Thread] DEBUG Input                - Registered new binding: INSERT - Insert
14:55:10.638 [JavaFX Application Thread] DEBUG Input                - Registered new binding: COLORED_KEY_0 - Colored Key 0
14:55:10.638 [JavaFX Application Thread] DEBUG Input                - Registered new binding: PERIOD - Period
14:55:10.638 [JavaFX Application Thread] DEBUG Input                - Registered new binding: REWIND - Rewind
14:55:10.638 [JavaFX Application Thread] DEBUG Input                - Registered new binding: DIGIT1 - 1
14:55:10.638 [JavaFX Application Thread] DEBUG Input                - Registered new binding: NONCONVERT - Nonconvert
14:55:10.638 [JavaFX Application Thread] DEBUG Input                - Registered new binding: A - A
14:55:10.639 [JavaFX Application Thread] DEBUG Input                - Registered new binding: F4 - F4
14:55:10.639 [JavaFX Application Thread] DEBUG Input                - Registered new binding: DOWN - Down
14:55:10.639 [JavaFX Application Thread] DEBUG Input                - Registered new binding: D - D
14:55:10.639 [JavaFX Application Thread] DEBUG Input                - Registered new binding: ACCEPT - Accept
14:55:10.639 [JavaFX Application Thread] DEBUG Input                - Registered new binding: GAME_A - Game A
14:55:10.639 [JavaFX Application Thread] DEBUG Input                - Registered new binding: SOFTKEY_8 - Softkey 8
14:55:10.639 [JavaFX Application Thread] DEBUG Input                - Registered new binding: JAPANESE_HIRAGANA - Japanese Hiragana
14:55:10.639 [JavaFX Application Thread] DEBUG Input                - Registered new binding: COLORED_KEY_3 - Colored Key 3
14:55:10.639 [JavaFX Application Thread] DEBUG Input                - Registered new binding: DEAD_CARON - Dead Caron
14:55:10.639 [JavaFX Application Thread] DEBUG Input                - Registered new binding: EQUALS - Equals
14:55:10.639 [JavaFX Application Thread] DEBUG Input                - Registered new binding: F12 - F12
14:55:10.639 [JavaFX Application Thread] DEBUG Input                - Registered new binding: RECORD - Record
14:55:10.639 [JavaFX Application Thread] DEBUG Input                - Registered new binding: CIRCUMFLEX - Circumflex
14:55:10.639 [JavaFX Application Thread] DEBUG Input                - Registered new binding: NUMPAD4 - Numpad 4
14:55:10.639 [JavaFX Application Thread] DEBUG Input                - Registered new binding: GAME_B - Game B
14:55:10.639 [JavaFX Application Thread] DEBUG Input                - Registered new binding: J - J
14:55:10.639 [JavaFX Application Thread] DEBUG Input                - Registered new binding: RIGHT - Right
14:55:10.639 [JavaFX Application Thread] DEBUG Input                - Registered new binding: FIND - Find
14:55:10.639 [JavaFX Application Thread] DEBUG Input                - Registered new binding: HALF_WIDTH - Half Width
14:55:10.639 [JavaFX Application Thread] DEBUG Input                - Registered new binding: SEPARATOR - Separator
14:55:10.639 [JavaFX Application Thread] DEBUG Input                - Registered new binding: CHANNEL_UP - Channel Up
14:55:10.639 [JavaFX Application Thread] DEBUG Input                - Registered new binding: GAME_D - Game D
14:55:10.639 [JavaFX Application Thread] DEBUG Input                - Registered new binding: DIGIT0 - 0
14:55:10.639 [JavaFX Application Thread] DEBUG Input                - Registered new binding: S - S
14:55:10.639 [JavaFX Application Thread] DEBUG Input                - Registered new binding: F13 - F13
14:55:10.639 [JavaFX Application Thread] DEBUG Input                - Registered new binding: KANA - Kana
14:55:10.639 [JavaFX Application Thread] DEBUG Input                - Registered new binding: DEAD_ACUTE - Dead Acute
14:55:10.640 [JavaFX Application Thread] DEBUG Input                - Registered new binding: DIGIT8 - 8
14:55:10.640 [JavaFX Application Thread] DEBUG Input                - Registered new binding: DOLLAR - Dollar
14:55:10.640 [JavaFX Application Thread] DEBUG Input                - Registered new binding: BEGIN - Begin
14:55:10.640 [JavaFX Application Thread] DEBUG Input                - Registered new binding: HIRAGANA - Hiragana
14:55:10.640 [JavaFX Application Thread] DEBUG Input                - Registered new binding: COPY - Copy
14:55:10.640 [JavaFX Application Thread] DEBUG Input                - Registered new binding: COMPOSE - Compose
14:55:10.640 [JavaFX Application Thread] DEBUG Input                - Registered new binding: JAPANESE_ROMAN - Japanese Roman
14:55:10.640 [JavaFX Application Thread] DEBUG Input                - Registered new binding: DEAD_IOTA - Dead Iota
14:55:10.640 [JavaFX Application Thread] DEBUG Input                - Registered new binding: CANCEL - Cancel
14:55:10.640 [JavaFX Application Thread] DEBUG Input                - Registered new binding: NUMPAD5 - Numpad 5
14:55:10.640 [JavaFX Application Thread] DEBUG Input                - Registered new binding: FULL_WIDTH - Full Width
14:55:10.640 [JavaFX Application Thread] DEBUG Input                - Registered new binding: STOP - Stop
14:55:10.640 [JavaFX Application Thread] DEBUG Input                - Registered new binding: NUM_LOCK - Num Lock
14:55:10.640 [JavaFX Application Thread] DEBUG Input                - Registered new binding: PRINTSCREEN - Print Screen
14:55:10.640 [JavaFX Application Thread] DEBUG Input                - Registered new binding: B - B
14:55:10.640 [JavaFX Application Thread] DEBUG Input                - Registered new binding: G - G
14:55:10.640 [JavaFX Application Thread] DEBUG Input                - Registered new binding: INPUT_METHOD_ON_OFF - Input Method On/Off
14:55:10.640 [JavaFX Application Thread] DEBUG Input                - Registered new binding: KP_DOWN - Numpad Down
14:55:10.640 [JavaFX Application Thread] DEBUG Input                - Registered new binding: MODECHANGE - Mode Change
14:55:10.640 [JavaFX Application Thread] DEBUG Input                - Registered new binding: QUOTEDBL - Double Quote
14:55:10.640 [JavaFX Application Thread] DEBUG Input                - Registered new binding: ALPHANUMERIC - Alphanumeric
14:55:10.640 [JavaFX Application Thread] DEBUG Input                - Registered new binding: Y - Y
14:55:10.640 [JavaFX Application Thread] DEBUG Input                - Registered new binding: NUMPAD2 - Numpad 2
14:55:10.641 [JavaFX Application Thread] DEBUG Input                - Registered new binding: DEAD_CIRCUMFLEX - Dead Circumflex
14:55:10.641 [JavaFX Application Thread] DEBUG Input                - Registered new binding: R - R
14:55:10.641 [JavaFX Application Thread] DEBUG Input                - Registered new binding: POUND - Pound
14:55:10.641 [JavaFX Application Thread] DEBUG Input                - Registered new binding: KP_RIGHT - Numpad Right
14:55:10.641 [JavaFX Application Thread] DEBUG Input                - Registered new binding: CONTEXT_MENU - Context Menu
14:55:10.641 [JavaFX Application Thread] DEBUG Input                - Registered new binding: O - O
14:55:10.641 [JavaFX Application Thread] DEBUG Input                - Registered new binding: F9 - F9
14:55:10.641 [JavaFX Application Thread] DEBUG Input                - Registered new binding: EJECT_TOGGLE - Eject
14:55:10.641 [JavaFX Application Thread] DEBUG Input                - Registered new binding: DIGIT3 - 3
14:55:10.641 [JavaFX Application Thread] DEBUG Input                - Registered new binding: F - F
14:55:10.641 [JavaFX Application Thread] DEBUG Input                - Registered new binding: KP_UP - Numpad Up
14:55:10.641 [JavaFX Application Thread] DEBUG Input                - Registered new binding: DECIMAL - Decimal
14:55:10.641 [JavaFX Application Thread] DEBUG Input                - Registered new binding: SOFTKEY_9 - Softkey 9
14:55:10.641 [JavaFX Application Thread] DEBUG Input                - Registered new binding: ESCAPE - Esc
14:55:10.641 [JavaFX Application Thread] DEBUG Input                - Registered new binding: DEAD_MACRON - Dead Macron
14:55:10.641 [JavaFX Application Thread] DEBUG Input                - Registered new binding: SHORTCUT - Shortcut
14:55:10.641 [JavaFX Application Thread] DEBUG Input                - Registered new binding: SOFTKEY_4 - Softkey 4
14:55:10.641 [JavaFX Application Thread] DEBUG Input                - Registered new binding: BRACELEFT - Left Brace
14:55:10.641 [JavaFX Application Thread] DEBUG Input                - Registered new binding: F14 - F14
14:55:10.641 [JavaFX Application Thread] DEBUG Input                - Registered new binding: INVERTED_EXCLAMATION_MARK - Inverted Exclamation Mark
14:55:10.641 [JavaFX Application Thread] DEBUG Input                - Registered new binding: LEFT_PARENTHESIS - Left Parenthesis
14:55:10.641 [JavaFX Application Thread] DEBUG Input                - Registered new binding: F18 - F18
14:55:10.641 [JavaFX Application Thread] DEBUG Input                - Registered new binding: UP - Up
14:55:10.641 [JavaFX Application Thread] DEBUG Input                - Registered new binding: LEFT - Left
14:55:10.641 [JavaFX Application Thread] DEBUG Input                - Registered new binding: DIGIT5 - 5
14:55:10.641 [JavaFX Application Thread] DEBUG Input                - Registered new binding: LESS - Less
14:55:10.641 [JavaFX Application Thread] DEBUG Input                - Registered new binding: SOFTKEY_5 - Softkey 5
14:55:10.641 [JavaFX Application Thread] DEBUG Input                - Registered new binding: F23 - F23
14:55:10.642 [JavaFX Application Thread] DEBUG Input                - Registered new binding: TAB - Tab
14:55:10.642 [JavaFX Application Thread] DEBUG Input                - Registered new binding: BACK_QUOTE - Back Quote
14:55:10.642 [JavaFX Application Thread] DEBUG Input                - Registered new binding: DIGIT2 - 2
14:55:10.642 [JavaFX Application Thread] DEBUG Input                - Registered new binding: SOFTKEY_7 - Softkey 7
14:55:10.642 [JavaFX Application Thread] DEBUG Input                - Registered new binding: F21 - F21
14:55:10.642 [JavaFX Application Thread] DEBUG Input                - Registered new binding: CUT - Cut
14:55:10.642 [JavaFX Application Thread] DEBUG Input                - Registered new binding: H - H
14:55:10.642 [JavaFX Application Thread] DEBUG Input                - Registered new binding: MULTIPLY - Multiply
14:55:10.642 [JavaFX Application Thread] DEBUG Input                - Registered new binding: NUMPAD0 - Numpad 0
14:55:10.642 [JavaFX Application Thread] DEBUG Input                - Registered new binding: STAR - Star
14:55:10.642 [JavaFX Application Thread] DEBUG Input                - Registered new binding: BACK_SPACE - Backspace
14:55:10.642 [JavaFX Application Thread] DEBUG Input                - Registered new binding: ADD - Add
14:55:10.642 [JavaFX Application Thread] DEBUG Input                - Registered new binding: DIGIT6 - 6
14:55:10.642 [JavaFX Application Thread] DEBUG Input                - Registered new binding: PREVIOUS_CANDIDATE - Previous Candidate
14:55:10.642 [JavaFX Application Thread] DEBUG Input                - Registered new binding: T - T
14:55:10.642 [JavaFX Application Thread] DEBUG Input                - Registered new binding: N - N
14:55:10.642 [JavaFX Application Thread] DEBUG Input                - Registered new binding: DEAD_TILDE - Dead Tilde
14:55:10.642 [JavaFX Application Thread] DEBUG Input                - Registered new binding: DEAD_ABOVEDOT - Dead Abovedot
14:55:10.642 [JavaFX Application Thread] DEBUG Input                - Registered new binding: ROMAN_CHARACTERS - Roman Characters
14:55:10.642 [JavaFX Application Thread] DEBUG Input                - Registered new binding: DEAD_DIAERESIS - Dead Diaeresis
14:55:10.642 [JavaFX Application Thread] DEBUG Input                - Registered new binding: KANA_LOCK - Kana Lock
14:55:10.642 [JavaFX Application Thread] DEBUG Input                - Registered new binding: TRACK_PREV - Previous Track
14:55:10.653 [JavaFX Application Thread] DEBUG FXGLAssetLoaderServi - Loading from file system: jar:file:///C:/Users/26303/.m2/repository/com/github/almasb/fxgl/21+dev-SNAPSHOT/fxgl-21+dev-SNAPSHOT.jar!/fxglassets/textures/fxgl_icon.png
14:55:10.686 [JavaFX Application Thread] DEBUG FXGLAssetLoaderServi - Loading from file system: jar:file:///C:/Users/26303/.m2/repository/com/github/almasb/fxgl/21+dev-SNAPSHOT/fxgl-21+dev-SNAPSHOT.jar!/fxglassets/textures/fxgl_default_cursor.png
14:55:10.690 [JavaFX Application Thread] DEBUG Input                - Registered new binding: Screenshot - CTRL+8
14:55:10.690 [JavaFX Application Thread] DEBUG Input                - Registered new binding: System info dump - CTRL+9
14:55:10.691 [JavaFX Application Thread] DEBUG Input                - Registered new binding: Restart - CTRL+R
14:55:10.692 [JavaFX Application Thread] DEBUG Input                - Registered new binding: Toggle Debug Camera - CTRL+7
14:55:10.694 [JavaFX Application Thread] DEBUG LoopRunner           - Starting loop
14:55:10.694 [JavaFX Application Thread] DEBUG LoopRunner           - Initializing JavaFX AnimationTimerLoop
14:55:10.695 [JavaFX Application Thread] DEBUG GameApplicationServi - Starting new game
14:55:10.695 [JavaFX Application Thread] DEBUG Input                - Clearing active input actions
14:55:10.699 [JavaFX Application Thread] DEBUG GameApplicationServi - Removing overlay from FXGLStartupScene and adding to FXGLLoadingScene
14:55:10.699 [JavaFX Application Thread] DEBUG EmbeddedPaneWindow   - FXGLStartupScene -> FXGLLoadingScene
14:55:10.699 [JavaFX Application Thread] DEBUG GameApplicationServi - Clearing previous game
14:55:10.699 [JavaFX Application Thread] DEBUG GameScene            - Clearing game scene
14:55:10.699 [JavaFX Application Thread] DEBUG GameWorld            - Clearing game world
14:55:10.699 [JavaFX Application Thread] DEBUG PhysicsWorld         - Clearing physics world
14:55:10.702 [FXGL Background Thread 1 ] DEBUG FXGLApplication      - Initializing game
14:55:10.704 [FXGL Background Thread 1 ] DEBUG FXGLAssetLoaderServi - Clearing assets cache
14:55:10.704 [FXGL Background Thread 1 ] INFO  FXGLApplication      - Game initialization took: 0.002 sec
14:55:10.716 [JavaFX Application Thread] WARN  FXGLAssetLoaderServi - Asset "/assets/ui/fonts/Lato-Bold.ttf" was not found!
14:55:10.716 [JavaFX Application Thread] WARN  FXGLAssetLoaderServi - Failed to load FONT
14:55:10.716 [JavaFX Application Thread] WARN  FXGLAssetLoaderServi - Asset "/assets/ui/fonts/Lato-Bold.ttf" was not found!
14:55:10.716 [JavaFX Application Thread] WARN  FXGLAssetLoaderServi - Failed to load FONT
14:55:10.719 [JavaFX Application Thread] DEBUG FXGLAssetLoaderServi - Loading from file system: file:/D:/IDEA%20Workspace/MyTetr/target/classes/assets/textures/background.jpg
14:55:10.775 [JavaFX Application Thread] DEBUG Input                - Clearing active input actions
14:55:10.775 [JavaFX Application Thread] DEBUG GameApplicationServi - Removing overlay from FXGLLoadingScene and adding to GameScene
14:55:10.775 [JavaFX Application Thread] DEBUG EmbeddedPaneWindow   - FXGLLoadingScene -> GameScene
14:55:11.253 [FXGL Background Thread 2 ] INFO  UpdaterService       - Your current version:  21+dev-SNAPSHOT
14:55:11.253 [FXGL Background Thread 2 ] INFO  UpdaterService       - Latest stable version: 21.1
14:55:11.347 [JavaFX Application Thread] DEBUG GameWorld            - Game world initialized
14:55:11.348 [JavaFX Application Thread] DEBUG PhysicsWorld         - Physics world initialized: appHeight=1000, physics.ppm=50.0
14:55:11.348 [JavaFX Application Thread] DEBUG PhysicsWorld         - Using strategy: BRUTE_FORCE
14:55:11.349 [JavaFX Application Thread] DEBUG GameScene            - Game scene initialized: 1500x1000
14:55:11.349 [JavaFX Application Thread] DEBUG Input                - Registered new binding: Escape - Esc
14:55:11.350 [JavaFX Application Thread] DEBUG FXGLAssetLoaderServi - Loading from file system: file:/D:/IDEA%20Workspace/MyTetr/target/classes/assets/textures/map.png
14:55:11.412 [JavaFX Application Thread] DEBUG FXGLAssetLoaderServi - Loading from file system: file:/D:/IDEA%20Workspace/MyTetr/target/classes/assets/textures/back1.jpg
14:55:11.476 [JavaFX Application Thread] DEBUG FXGLAssetLoaderServi - Loading from file system: file:/D:/IDEA%20Workspace/MyTetr/target/classes/assets/textures/block_9.png
14:55:11.483 [JavaFX Application Thread] DEBUG Input                - Registered new binding: AUTO-0 - Left
14:55:11.483 [JavaFX Application Thread] DEBUG Input                - Registered new binding: AUTO-1 - Right
14:55:11.483 [JavaFX Application Thread] DEBUG Input                - Registered new binding: AUTO-2 - Down
14:55:11.483 [JavaFX Application Thread] DEBUG Input                - Registered new binding: AUTO-3 - Space
14:55:11.483 [JavaFX Application Thread] DEBUG Input                - Registered new binding: AUTO-4 - Z
14:55:11.483 [JavaFX Application Thread] DEBUG Input                - Registered new binding: AUTO-5 - Up
14:55:11.483 [JavaFX Application Thread] DEBUG Input                - Registered new binding: AUTO-6 - A
14:55:11.487 [JavaFX Application Thread] DEBUG EmbeddedPaneWindow   - Push state: ConcurrentGameSubScene
14:55:11.488 [JavaFX Application Thread] DEBUG Input                - Clearing active input actions
14:55:11.490 [JavaFX Application Thread] DEBUG GameApplicationServi - Removing overlay from GameScene and adding to ConcurrentGameSubScene
14:55:11.490 [JavaFX Application Thread] DEBUG EmbeddedPaneWindow   - GameScene -> ConcurrentGameSubScene
14:55:11.492 [JavaFX Application Thread] DEBUG FXGLAssetLoaderServi - Loading from file system: file:/D:/IDEA%20Workspace/MyTetr/target/classes/assets/textures/block_1.png
14:55:11.494 [JavaFX Application Thread] DEBUG FXGLAssetLoaderServi - Loading from file system: file:/D:/IDEA%20Workspace/MyTetr/target/classes/assets/textures/block_5.png
14:55:11.496 [JavaFX Application Thread] DEBUG FXGLAssetLoaderServi - Loading from file system: file:/D:/IDEA%20Workspace/MyTetr/target/classes/assets/textures/block_3.png
14:55:11.498 [JavaFX Application Thread] DEBUG FXGLAssetLoaderServi - Loading from file system: file:/D:/IDEA%20Workspace/MyTetr/target/classes/assets/textures/block_2.png
14:55:11.500 [JavaFX Application Thread] DEBUG FXGLAssetLoaderServi - Loading from file system: file:/D:/IDEA%20Workspace/MyTetr/target/classes/assets/textures/block_6.png
14:55:11.506 [JavaFX Application Thread] DEBUG FXGLAssetLoaderServi - Loading from file system: file:/D:/IDEA%20Workspace/MyTetr/target/classes/assets/textures/block_0.png
14:55:12.519 [JavaFX Application Thread] DEBUG LoopRunner           - Stopping loop
14:55:12.520 [JavaFX Application Thread] FATAL FXGLApplication      - Uncaught Exception:
java.lang.IllegalArgumentException: Component HoldPieceComponent not found!
	at com.almasb.fxgl.entity@21+dev-SNAPSHOT/com.almasb.fxgl.entity.Entity.getComponent(Entity.java:366)
	at MyTetr/com.Cubicheng.MyTetr.gameWorld.components.piece.MovablePieceComponent.hold(MovablePieceComponent.java:96)
	at MyTetr/com.Cubicheng.MyTetr.gameScenes.SinglePlayer$2.onKeyBegin(SinglePlayer.java:70)
	at com.almasb.fxgl.core@21+dev-SNAPSHOT/com.almasb.fxgl.input.TriggerListener.beginKey$fxgl_core(TriggerListener.kt:19)
	at com.almasb.fxgl.core@21+dev-SNAPSHOT/com.almasb.fxgl.input.Input.handleTriggerPressed(Input.kt:393)
	at com.almasb.fxgl.core@21+dev-SNAPSHOT/com.almasb.fxgl.input.Input.handlePressed(Input.kt:357)
	at com.almasb.fxgl.core@21+dev-SNAPSHOT/com.almasb.fxgl.input.Input.onKeyEvent(Input.kt:308)
	at com.almasb.fxgl.all@21+dev-SNAPSHOT/com.almasb.fxgl.app.EmbeddedPaneWindow$1$1$1.invoke(MainWindow.kt:564)
	at com.almasb.fxgl.all@21+dev-SNAPSHOT/com.almasb.fxgl.app.EmbeddedPaneWindow$1$1$1.invoke(MainWindow.kt:564)
	at com.almasb.fxgl.core@21+dev-SNAPSHOT/com.almasb.fxgl.core.fsm.StateMachine.runOnActiveStates(StateMachine.kt:69)
	at com.almasb.fxgl.all@21+dev-SNAPSHOT/com.almasb.fxgl.app.EmbeddedPaneWindow$1$1.invoke(MainWindow.kt:564)
	at com.almasb.fxgl.all@21+dev-SNAPSHOT/com.almasb.fxgl.app.EmbeddedPaneWindow$1$1.invoke(MainWindow.kt:562)
	at com.almasb.fxgl.all@21+dev-SNAPSHOT/com.almasb.fxgl.app.MainWindow.addKeyHandler$lambda$1(MainWindow.kt:227)
	at javafx.base@21.0.1/com.sun.javafx.event.CompositeEventHandler$NormalEventHandlerRecord.handleBubblingEvent(CompositeEventHandler.java:247)
	at javafx.base@21.0.1/com.sun.javafx.event.CompositeEventHandler.dispatchBubblingEvent(CompositeEventHandler.java:80)
	at javafx.base@21.0.1/com.sun.javafx.event.EventHandlerManager.dispatchBubblingEvent(EventHandlerManager.java:232)
	at javafx.base@21.0.1/com.sun.javafx.event.EventHandlerManager.dispatchBubblingEvent(EventHandlerManager.java:189)
	at javafx.base@21.0.1/com.sun.javafx.event.CompositeEventDispatcher.dispatchBubblingEvent(CompositeEventDispatcher.java:59)
	at javafx.base@21.0.1/com.sun.javafx.event.BasicEventDispatcher.dispatchEvent(BasicEventDispatcher.java:58)
	at javafx.base@21.0.1/com.sun.javafx.event.EventDispatchChainImpl.dispatchEvent(EventDispatchChainImpl.java:114)
	at javafx.base@21.0.1/com.sun.javafx.event.BasicEventDispatcher.dispatchEvent(BasicEventDispatcher.java:56)
	at javafx.base@21.0.1/com.sun.javafx.event.EventDispatchChainImpl.dispatchEvent(EventDispatchChainImpl.java:114)
	at javafx.base@21.0.1/com.sun.javafx.event.EventUtil.fireEventImpl(EventUtil.java:74)
	at javafx.base@21.0.1/com.sun.javafx.event.EventUtil.fireEvent(EventUtil.java:54)
	at javafx.base@21.0.1/javafx.event.Event.fireEvent(Event.java:198)
	at javafx.graphics@21.0.1/javafx.scene.Scene.processKeyEvent(Scene.java:2194)
	at javafx.graphics@21.0.1/javafx.scene.Scene$ScenePeerListener.keyEvent(Scene.java:2715)
	at javafx.graphics@21.0.1/com.sun.javafx.tk.quantum.GlassViewEventHandler$KeyEventNotification.run(GlassViewEventHandler.java:218)
	at javafx.graphics@21.0.1/com.sun.javafx.tk.quantum.GlassViewEventHandler$KeyEventNotification.run(GlassViewEventHandler.java:150)
	at java.base/java.security.AccessController.doPrivileged(AccessController.java:400)
	at javafx.graphics@21.0.1/com.sun.javafx.tk.quantum.GlassViewEventHandler.lambda$handleKeyEvent$1(GlassViewEventHandler.java:250)
	at javafx.graphics@21.0.1/com.sun.javafx.tk.quantum.QuantumToolkit.runWithoutRenderLock(QuantumToolkit.java:424)
	at javafx.graphics@21.0.1/com.sun.javafx.tk.quantum.GlassViewEventHandler.handleKeyEvent(GlassViewEventHandler.java:249)
	at javafx.graphics@21.0.1/com.sun.glass.ui.View.handleKeyEvent(View.java:542)
	at javafx.graphics@21.0.1/com.sun.glass.ui.View.notifyKey(View.java:966)
	at javafx.graphics@21.0.1/com.sun.glass.ui.win.WinApplication._runLoop(Native Method)
	at javafx.graphics@21.0.1/com.sun.glass.ui.win.WinApplication.lambda$runLoop$3(WinApplication.java:185)
	at java.base/java.lang.Thread.run(Thread.java:1583)

14:55:12.520 [JavaFX Application Thread] FATAL FXGLApplication      - Application will now exit
14:55:12.535 [JavaFX Application Thread] DEBUG EmbeddedPaneWindow   - Push state: ErrorSubScene
14:55:12.535 [JavaFX Application Thread] DEBUG Input                - Clearing active input actions
14:55:12.538 [JavaFX Application Thread] DEBUG GameApplicationServi - Removing overlay from ConcurrentGameSubScene and adding to ErrorSubScene
14:55:12.538 [JavaFX Application Thread] DEBUG EmbeddedPaneWindow   - ConcurrentGameSubScene -> ErrorSubScene
14:55:13.585 [FXGL Background Thread 3 ] DEBUG Engine               - Logging environment variables
14:55:13.586 [FXGL Background Thread 3 ] DEBUG Engine               - achievements: []
14:55:13.586 [FXGL Background Thread 3 ] DEBUG Engine               - actualHeight: 960.0
14:55:13.586 [FXGL Background Thread 3 ] DEBUG Engine               - actualHeightProperty: ReadOnlyDoubleProperty [value: 960.0]
14:55:13.587 [FXGL Background Thread 3 ] DEBUG Engine               - actualWidth: 1500.0
14:55:13.587 [FXGL Background Thread 3 ] DEBUG Engine               - actualWidthProperty: ReadOnlyDoubleProperty [value: 1440.0]
14:55:13.587 [FXGL Background Thread 3 ] DEBUG Engine               - appIcon: fxgl_icon.png
14:55:13.587 [FXGL Background Thread 3 ] DEBUG Engine               - applicationMode: DEVELOPER
14:55:13.587 [FXGL Background Thread 3 ] DEBUG Engine               - cSSList: [fxgl_dark.css]
14:55:13.587 [FXGL Background Thread 3 ] DEBUG Engine               - collisionDetectionStrategy: BRUTE_FORCE
14:55:13.587 [FXGL Background Thread 3 ] DEBUG Engine               - configClass: Optional.empty
14:55:13.587 [FXGL Background Thread 3 ] DEBUG Engine               - credits: []
14:55:13.588 [FXGL Background Thread 3 ] DEBUG Engine               - defaultCursor: CursorInfo(imageName=fxgl_default_cursor.png, hotspotX=7.0, hotspotY=6.0)
14:55:13.588 [FXGL Background Thread 3 ] DEBUG Engine               - devBBoxColorProperty: ObjectProperty [value: 0xff0000ff]
14:55:13.589 [FXGL Background Thread 3 ] DEBUG Engine               - devEnableDebugCameraProperty: BooleanProperty [value: false]
14:55:13.589 [FXGL Background Thread 3 ] DEBUG Engine               - devSensorColorProperty: ObjectProperty [value: 0xffff00ff]
14:55:13.589 [FXGL Background Thread 3 ] DEBUG Engine               - devShowBBoxProperty: BooleanProperty [value: false]
14:55:13.589 [FXGL Background Thread 3 ] DEBUG Engine               - devShowPositionProperty: BooleanProperty [value: false]
14:55:13.589 [FXGL Background Thread 3 ] DEBUG Engine               - enabledMenuItems: []
14:55:13.589 [FXGL Background Thread 3 ] DEBUG Engine               - engineServices: [class com.almasb.fxgl.app.services.FXGLAssetLoaderService, class com.almasb.fxgl.app.FXGLApplication$GameApplicationService, class com.almasb.fxgl.app.services.FXGLDialogService, class com.almasb.fxgl.app.services.IOTaskExecutorService, class com.almasb.fxgl.io.FileSystemService, class com.almasb.fxgl.localization.LocalizationService, class com.almasb.fxgl.app.services.SystemBundleService, class com.almasb.fxgl.profile.SaveLoadService, class com.almasb.fxgl.ui.FXGLUIFactoryServiceProvider, class com.almasb.fxgl.ui.FXGLDialogFactoryServiceProvider, class com.almasb.fxgl.audio.AudioPlayer, class com.almasb.fxgl.notification.impl.NotificationServiceProvider, class com.almasb.fxgl.achievement.AchievementService, class com.almasb.fxgl.cutscene.CutsceneService, class com.almasb.fxgl.minigames.MiniGameService, class com.almasb.fxgl.net.NetService, class com.almasb.fxgl.app.services.UpdaterService, class com.almasb.fxgl.dev.DevService]
14:55:13.589 [FXGL Background Thread 3 ] DEBUG Engine               - fontGame: Abel-Regular.ttf
14:55:13.589 [FXGL Background Thread 3 ] DEBUG Engine               - fontMono: TerminalLandMono-Regular.otf
14:55:13.589 [FXGL Background Thread 3 ] DEBUG Engine               - fontSizeScaleUI: 1.0
14:55:13.589 [FXGL Background Thread 3 ] DEBUG Engine               - fontText: Courier-Prime.ttf
14:55:13.589 [FXGL Background Thread 3 ] DEBUG Engine               - fontUI: BlackOpsOne-Regular.ttf
14:55:13.589 [FXGL Background Thread 3 ] DEBUG Engine               - fullScreen: BooleanProperty [value: false]
14:55:13.589 [FXGL Background Thread 3 ] DEBUG Engine               - gameDifficulty: MEDIUM
14:55:13.589 [FXGL Background Thread 3 ] DEBUG Engine               - gameDifficultyProperty: ObjectProperty [value: MEDIUM]
14:55:13.590 [FXGL Background Thread 3 ] DEBUG Engine               - globalMusicVolume: 0.5
14:55:13.590 [FXGL Background Thread 3 ] DEBUG Engine               - globalMusicVolumeProperty: DoubleProperty [value: 0.5]
14:55:13.590 [FXGL Background Thread 3 ] DEBUG Engine               - globalSoundVolume: 0.5
14:55:13.590 [FXGL Background Thread 3 ] DEBUG Engine               - globalSoundVolumeProperty: DoubleProperty [value: 0.5]
14:55:13.590 [FXGL Background Thread 3 ] DEBUG Engine               - height: 1000
14:55:13.590 [FXGL Background Thread 3 ] DEBUG Engine               - is3D: false
14:55:13.590 [FXGL Background Thread 3 ] DEBUG Engine               - isAndroid: false
14:55:13.591 [FXGL Background Thread 3 ] DEBUG Engine               - isBrowser: false
14:55:13.591 [FXGL Background Thread 3 ] DEBUG Engine               - isClickFeedbackEnabled: false
14:55:13.591 [FXGL Background Thread 3 ] DEBUG Engine               - isCloseConfirmation: false
14:55:13.591 [FXGL Background Thread 3 ] DEBUG Engine               - isDesktop: true
14:55:13.591 [FXGL Background Thread 3 ] DEBUG Engine               - isDeveloperMenuEnabled: false
14:55:13.591 [FXGL Background Thread 3 ] DEBUG Engine               - isEmbedded: false
14:55:13.591 [FXGL Background Thread 3 ] DEBUG Engine               - isEntityPreloadEnabled: true
14:55:13.591 [FXGL Background Thread 3 ] DEBUG Engine               - isExperimentalTiledLargeMap: false
14:55:13.591 [FXGL Background Thread 3 ] DEBUG Engine               - isFileSystemWriteAllowed: true
14:55:13.591 [FXGL Background Thread 3 ] DEBUG Engine               - isFullScreenAllowed: false
14:55:13.591 [FXGL Background Thread 3 ] DEBUG Engine               - isFullScreenFromStart: false
14:55:13.591 [FXGL Background Thread 3 ] DEBUG Engine               - isGameMenuEnabled: false
14:55:13.591 [FXGL Background Thread 3 ] DEBUG Engine               - isIOS: false
14:55:13.591 [FXGL Background Thread 3 ] DEBUG Engine               - isIntroEnabled: false
14:55:13.591 [FXGL Background Thread 3 ] DEBUG Engine               - isLinux: false
14:55:13.591 [FXGL Background Thread 3 ] DEBUG Engine               - isMac: false
14:55:13.591 [FXGL Background Thread 3 ] DEBUG Engine               - isMainMenuEnabled: false
14:55:13.591 [FXGL Background Thread 3 ] DEBUG Engine               - isManualResizeEnabled: false
14:55:13.591 [FXGL Background Thread 3 ] DEBUG Engine               - isMobile: false
14:55:13.591 [FXGL Background Thread 3 ] DEBUG Engine               - isNative: false
14:55:13.591 [FXGL Background Thread 3 ] DEBUG Engine               - isPauseMusicWhenMinimized: true
14:55:13.591 [FXGL Background Thread 3 ] DEBUG Engine               - isPreserveResizeRatio: false
14:55:13.591 [FXGL Background Thread 3 ] DEBUG Engine               - isProfilingEnabled: false
14:55:13.591 [FXGL Background Thread 3 ] DEBUG Engine               - isScaleAffectedOnResize: true
14:55:13.591 [FXGL Background Thread 3 ] DEBUG Engine               - isSingleStep: false
14:55:13.592 [FXGL Background Thread 3 ] DEBUG Engine               - isUserProfileEnabled: false
14:55:13.592 [FXGL Background Thread 3 ] DEBUG Engine               - isWindows: true
14:55:13.592 [FXGL Background Thread 3 ] DEBUG Engine               - language: ObjectProperty [value: ENGLISH]
14:55:13.592 [FXGL Background Thread 3 ] DEBUG Engine               - menuKey: ESCAPE
14:55:13.592 [FXGL Background Thread 3 ] DEBUG Engine               - mouseSensitivity: 0.2
14:55:13.592 [FXGL Background Thread 3 ] DEBUG Engine               - notificationViewClass: class com.almasb.fxgl.notification.view.XboxNotificationView
14:55:13.592 [FXGL Background Thread 3 ] DEBUG Engine               - pixelsPerMeter: 50.0
14:55:13.592 [FXGL Background Thread 3 ] DEBUG Engine               - platform: WINDOWS
14:55:13.592 [FXGL Background Thread 3 ] DEBUG Engine               - prefHeightProperty: ReadOnlyDoubleProperty [value: 1000.0]
14:55:13.592 [FXGL Background Thread 3 ] DEBUG Engine               - prefWidthProperty: ReadOnlyDoubleProperty [value: 1500.0]
14:55:13.592 [FXGL Background Thread 3 ] DEBUG Engine               - profileDir: profiles/
14:55:13.592 [FXGL Background Thread 3 ] DEBUG Engine               - profileName: StringProperty [value: DEFAULT]
14:55:13.592 [FXGL Background Thread 3 ] DEBUG Engine               - randomSeed: -1
14:55:13.593 [FXGL Background Thread 3 ] DEBUG Engine               - runtimeInfo: RuntimeInfo(platform=WINDOWS, version=21+dev-SNAPSHOT, build=14.11.2024 09.11)
14:55:13.593 [FXGL Background Thread 3 ] DEBUG Engine               - saveFileExt: sav
14:55:13.593 [FXGL Background Thread 3 ] DEBUG Engine               - scaledHeightProp$fxgl: DoubleProperty [bound, value: 960.0]
14:55:13.593 [FXGL Background Thread 3 ] DEBUG Engine               - scaledWidthProp$fxgl: DoubleProperty [bound, value: 1440.0]
14:55:13.593 [FXGL Background Thread 3 ] DEBUG Engine               - sceneFactory: com.almasb.fxgl.app.scene.SceneFactory@43fc0e70
14:55:13.593 [FXGL Background Thread 3 ] DEBUG Engine               - secondsIn24h: 60
14:55:13.593 [FXGL Background Thread 3 ] DEBUG Engine               - soundMenuBack: menu/back.wav
14:55:13.593 [FXGL Background Thread 3 ] DEBUG Engine               - soundMenuPress: menu/press.wav
14:55:13.593 [FXGL Background Thread 3 ] DEBUG Engine               - soundMenuSelect: menu/select.wav
14:55:13.593 [FXGL Background Thread 3 ] DEBUG Engine               - soundNotification: core/notification.wav
14:55:13.593 [FXGL Background Thread 3 ] DEBUG Engine               - stageStyle: DECORATED
14:55:13.593 [FXGL Background Thread 3 ] DEBUG Engine               - supportedLanguages: [ENGLISH, FRENCH, GERMAN, HUNGARIAN, RUSSIAN]
14:55:13.593 [FXGL Background Thread 3 ] DEBUG Engine               - ticksPerSecond: -1
14:55:13.593 [FXGL Background Thread 3 ] DEBUG Engine               - title: Demo
14:55:13.593 [FXGL Background Thread 3 ] DEBUG Engine               - urlGithub: https://github.com/AlmasB/FXGL
14:55:13.593 [FXGL Background Thread 3 ] DEBUG Engine               - urlLeaderboard: http://fxgl-top.herokuapp.com/
14:55:13.593 [FXGL Background Thread 3 ] DEBUG Engine               - urlPOM: https://raw.githubusercontent.com/AlmasB/FXGL/release/README.md
14:55:13.593 [FXGL Background Thread 3 ] DEBUG Engine               - userAppClass: class com.Cubicheng.MyTetr.GameApp
14:55:13.593 [FXGL Background Thread 3 ] DEBUG Engine               - version: 0.0
14:55:13.593 [FXGL Background Thread 3 ] DEBUG Engine               - versionCheckDays: 7
14:55:13.593 [FXGL Background Thread 3 ] DEBUG Engine               - width: 1500
14:55:13.593 [FXGL Background Thread 3 ] DEBUG Engine               - Logging services
14:55:13.593 [FXGL Background Thread 3 ] DEBUG Engine               - class com.almasb.fxgl.app.services.FXGLAssetLoaderService
14:55:13.593 [FXGL Background Thread 3 ] DEBUG Engine               - class com.almasb.fxgl.app.FXGLApplication$GameApplicationService
14:55:13.593 [FXGL Background Thread 3 ] DEBUG Engine               - class com.almasb.fxgl.app.services.FXGLDialogService
14:55:13.593 [FXGL Background Thread 3 ] DEBUG Engine               - class com.almasb.fxgl.app.services.IOTaskExecutorService
14:55:13.593 [FXGL Background Thread 3 ] DEBUG Engine               - class com.almasb.fxgl.io.FileSystemService
14:55:13.593 [FXGL Background Thread 3 ] DEBUG Engine               - class com.almasb.fxgl.localization.LocalizationService
14:55:13.593 [FXGL Background Thread 3 ] DEBUG Engine               - class com.almasb.fxgl.app.services.SystemBundleService
14:55:13.593 [FXGL Background Thread 3 ] DEBUG Engine               - class com.almasb.fxgl.profile.SaveLoadService
14:55:13.593 [FXGL Background Thread 3 ] DEBUG Engine               - class com.almasb.fxgl.ui.FXGLUIFactoryServiceProvider
14:55:13.593 [FXGL Background Thread 3 ] DEBUG Engine               - class com.almasb.fxgl.ui.FXGLDialogFactoryServiceProvider
14:55:13.593 [FXGL Background Thread 3 ] DEBUG Engine               - class com.almasb.fxgl.audio.AudioPlayer
14:55:13.593 [FXGL Background Thread 3 ] DEBUG Engine               - class com.almasb.fxgl.notification.impl.NotificationServiceProvider
14:55:13.593 [FXGL Background Thread 3 ] DEBUG Engine               - class com.almasb.fxgl.achievement.AchievementService
14:55:13.593 [FXGL Background Thread 3 ] DEBUG Engine               - class com.almasb.fxgl.cutscene.CutsceneService
14:55:13.593 [FXGL Background Thread 3 ] DEBUG Engine               - class com.almasb.fxgl.minigames.MiniGameService
14:55:13.593 [FXGL Background Thread 3 ] DEBUG Engine               - class com.almasb.fxgl.net.NetService
14:55:13.593 [FXGL Background Thread 3 ] DEBUG Engine               - class com.almasb.fxgl.app.services.UpdaterService
14:55:13.593 [FXGL Background Thread 3 ] DEBUG Engine               - class com.almasb.fxgl.dev.DevService
14:55:17.140 [JavaFX Application Thread] DEBUG FXGLApplication      - Exiting FXGL
14:55:17.141 [JavaFX Application Thread] DEBUG Async                - Shutting down background threads
14:55:17.141 [JavaFX Application Thread] DEBUG Logger               - Closing Logger
